<?xml version="1.0" encoding="UTF-8"?>
<coverage generated="1783165860074" clover="3.2.0">
  <project timestamp="1783165860074" name="All files">
    <metrics statements="6555" coveredstatements="4617" conditionals="5012" coveredconditionals="2937" methods="1213" coveredmethods="807" elements="12780" coveredelements="8361" complexity="0" loc="6555" ncloc="6555" packages="46" files="226" classes="226"/>
    <package name="public.locales.en">
      <metrics statements="66" coveredstatements="66" conditionals="0" coveredconditionals="0" methods="0" coveredmethods="0"/>
      <file name="translation.json" path="/Users/macbook/FnB-Container-Caffe/public/locales/en/translation.json">
        <metrics statements="66" coveredstatements="66" conditionals="0" coveredconditionals="0" methods="0" coveredmethods="0"/>
        <line num="1" count="1" type="stmt"/>
        <line num="2" count="1" type="stmt"/>
        <line num="3" count="1" type="stmt"/>
        <line num="4" count="1" type="stmt"/>
        <line num="5" count="1" type="stmt"/>
        <line num="6" count="1" type="stmt"/>
        <line num="7" count="1" type="stmt"/>
        <line num="8" count="1" type="stmt"/>
        <line num="9" count="1" type="stmt"/>
        <line num="10" count="1" type="stmt"/>
        <line num="11" count="1" type="stmt"/>
        <line num="12" count="1" type="stmt"/>
        <line num="13" count="1" type="stmt"/>
        <line num="14" count="1" type="stmt"/>
        <line num="15" count="1" type="stmt"/>
        <line num="16" count="1" type="stmt"/>
        <line num="17" count="1" type="stmt"/>
        <line num="18" count="1" type="stmt"/>
        <line num="19" count="1" type="stmt"/>
        <line num="20" count="1" type="stmt"/>
        <line num="21" count="1" type="stmt"/>
        <line num="22" count="1" type="stmt"/>
        <line num="23" count="1" type="stmt"/>
        <line num="24" count="1" type="stmt"/>
        <line num="25" count="1" type="stmt"/>
        <line num="26" count="1" type="stmt"/>
        <line num="27" count="1" type="stmt"/>
        <line num="28" count="1" type="stmt"/>
        <line num="29" count="1" type="stmt"/>
        <line num="30" count="1" type="stmt"/>
        <line num="31" count="1" type="stmt"/>
        <line num="32" count="1" type="stmt"/>
        <line num="33" count="1" type="stmt"/>
        <line num="34" count="1" type="stmt"/>
        <line num="35" count="1" type="stmt"/>
        <line num="36" count="1" type="stmt"/>
        <line num="37" count="1" type="stmt"/>
        <line num="38" count="1" type="stmt"/>
        <line num="39" count="1" type="stmt"/>
        <line num="40" count="1" type="stmt"/>
        <line num="41" count="1" type="stmt"/>
        <line num="42" count="1" type="stmt"/>
        <line num="43" count="1" type="stmt"/>
        <line num="44" count="1" type="stmt"/>
        <line num="45" count="1" type="stmt"/>
        <line num="46" count="1" type="stmt"/>
        <line num="47" count="1" type="stmt"/>
        <line num="48" count="1" type="stmt"/>
        <line num="49" count="1" type="stmt"/>
        <line num="50" count="1" type="stmt"/>
        <line num="51" count="1" type="stmt"/>
        <line num="52" count="1" type="stmt"/>
        <line num="53" count="1" type="stmt"/>
        <line num="54" count="1" type="stmt"/>
        <line num="55" count="1" type="stmt"/>
        <line num="56" count="1" type="stmt"/>
        <line num="57" count="1" type="stmt"/>
        <line num="58" count="1" type="stmt"/>
        <line num="59" count="1" type="stmt"/>
        <line num="60" count="1" type="stmt"/>
        <line num="61" count="1" type="stmt"/>
        <line num="62" count="1" type="stmt"/>
        <line num="63" count="1" type="stmt"/>
        <line num="64" count="1" type="stmt"/>
        <line num="65" count="1" type="stmt"/>
        <line num="66" count="1" type="stmt"/>
      </file>
    </package>
    <package name="public.locales.vi">
      <metrics statements="66" coveredstatements="66" conditionals="0" coveredconditionals="0" methods="0" coveredmethods="0"/>
      <file name="translation.json" path="/Users/macbook/FnB-Container-Caffe/public/locales/vi/translation.json">
        <metrics statements="66" coveredstatements="66" conditionals="0" coveredconditionals="0" methods="0" coveredmethods="0"/>
        <line num="1" count="1" type="stmt"/>
        <line num="2" count="1" type="stmt"/>
        <line num="3" count="1" type="stmt"/>
        <line num="4" count="1" type="stmt"/>
        <line num="5" count="1" type="stmt"/>
        <line num="6" count="1" type="stmt"/>
        <line num="7" count="1" type="stmt"/>
        <line num="8" count="1" type="stmt"/>
        <line num="9" count="1" type="stmt"/>
        <line num="10" count="1" type="stmt"/>
        <line num="11" count="1" type="stmt"/>
        <line num="12" count="1" type="stmt"/>
        <line num="13" count="1" type="stmt"/>
        <line num="14" count="1" type="stmt"/>
        <line num="15" count="1" type="stmt"/>
        <line num="16" count="1" type="stmt"/>
        <line num="17" count="1" type="stmt"/>
        <line num="18" count="1" type="stmt"/>
        <line num="19" count="1" type="stmt"/>
        <line num="20" count="1" type="stmt"/>
        <line num="21" count="1" type="stmt"/>
        <line num="22" count="1" type="stmt"/>
        <line num="23" count="1" type="stmt"/>
        <line num="24" count="1" type="stmt"/>
        <line num="25" count="1" type="stmt"/>
        <line num="26" count="1" type="stmt"/>
        <line num="27" count="1" type="stmt"/>
        <line num="28" count="1" type="stmt"/>
        <line num="29" count="1" type="stmt"/>
        <line num="30" count="1" type="stmt"/>
        <line num="31" count="1" type="stmt"/>
        <line num="32" count="1" type="stmt"/>
        <line num="33" count="1" type="stmt"/>
        <line num="34" count="1" type="stmt"/>
        <line num="35" count="1" type="stmt"/>
        <line num="36" count="1" type="stmt"/>
        <line num="37" count="1" type="stmt"/>
        <line num="38" count="1" type="stmt"/>
        <line num="39" count="1" type="stmt"/>
        <line num="40" count="1" type="stmt"/>
        <line num="41" count="1" type="stmt"/>
        <line num="42" count="1" type="stmt"/>
        <line num="43" count="1" type="stmt"/>
        <line num="44" count="1" type="stmt"/>
        <line num="45" count="1" type="stmt"/>
        <line num="46" count="1" type="stmt"/>
        <line num="47" count="1" type="stmt"/>
        <line num="48" count="1" type="stmt"/>
        <line num="49" count="1" type="stmt"/>
        <line num="50" count="1" type="stmt"/>
        <line num="51" count="1" type="stmt"/>
        <line num="52" count="1" type="stmt"/>
        <line num="53" count="1" type="stmt"/>
        <line num="54" count="1" type="stmt"/>
        <line num="55" count="1" type="stmt"/>
        <line num="56" count="1" type="stmt"/>
        <line num="57" count="1" type="stmt"/>
        <line num="58" count="1" type="stmt"/>
        <line num="59" count="1" type="stmt"/>
        <line num="60" count="1" type="stmt"/>
        <line num="61" count="1" type="stmt"/>
        <line num="62" count="1" type="stmt"/>
        <line num="63" count="1" type="stmt"/>
        <line num="64" count="1" type="stmt"/>
        <line num="65" count="1" type="stmt"/>
        <line num="66" count="1" type="stmt"/>
      </file>
    </package>
    <package name="src">
      <metrics statements="10" coveredstatements="9" conditionals="7" coveredconditionals="4" methods="5" coveredmethods="5"/>
      <file name="test-utils.tsx" path="/Users/macbook/FnB-Container-Caffe/src/test-utils.tsx">
        <metrics statements="10" coveredstatements="9" conditionals="7" coveredconditionals="4" methods="5" coveredmethods="5"/>
        <line num="12" count="348" type="stmt"/>
        <line num="21" count="348" type="stmt"/>
        <line num="23" count="348" type="stmt"/>
        <line num="33" count="334" type="stmt"/>
        <line num="40" count="9" type="stmt"/>
        <line num="47" count="7" type="cond" truecount="1" falsecount="1"/>
        <line num="48" count="7" type="cond" truecount="1" falsecount="1"/>
        <line num="49" count="7" type="cond" truecount="1" falsecount="1"/>
        <line num="50" count="7" type="stmt"/>
        <line num="52" count="0" type="stmt"/>
      </file>
    </package>
    <package name="src.components.about">
      <metrics statements="2" coveredstatements="2" conditionals="2" coveredconditionals="2" methods="2" coveredmethods="2"/>
      <file name="StoryTimeline.tsx" path="/Users/macbook/FnB-Container-Caffe/src/components/about/StoryTimeline.tsx">
        <metrics statements="2" coveredstatements="2" conditionals="2" coveredconditionals="2" methods="2" coveredmethods="2"/>
        <line num="15" count="4" type="stmt"/>
        <line num="32" count="20" type="stmt"/>
      </file>
    </package>
    <package name="src.components.admin">
      <metrics statements="120" coveredstatements="87" conditionals="162" coveredconditionals="78" methods="60" coveredmethods="46"/>
      <file name="OrderTable.tsx" path="/Users/macbook/FnB-Container-Caffe/src/components/admin/OrderTable.tsx">
        <metrics statements="47" coveredstatements="23" conditionals="80" coveredconditionals="24" methods="16" coveredmethods="7"/>
        <line num="19" count="1" type="stmt"/>
        <line num="29" count="1" type="stmt"/>
        <line num="47" count="7" type="stmt"/>
        <line num="48" count="7" type="stmt"/>
        <line num="50" count="7" type="stmt"/>
        <line num="51" count="7" type="stmt"/>
        <line num="53" count="7" type="cond" truecount="2" falsecount="0"/>
        <line num="54" count="3" type="stmt"/>
        <line num="57" count="7" type="cond" truecount="2" falsecount="0"/>
        <line num="58" count="3" type="stmt"/>
        <line num="61" count="7" type="cond" truecount="2" falsecount="0"/>
        <line num="62" count="1" type="stmt"/>
        <line num="63" count="1" type="stmt"/>
        <line num="65" count="3" type="cond" truecount="2" falsecount="0"/>
        <line num="70" count="7" type="cond" truecount="1" falsecount="1"/>
        <line num="71" count="7" type="stmt"/>
        <line num="73" count="9" type="stmt"/>
        <line num="75" count="0" type="cond" truecount="0" falsecount="2"/>
        <line num="76" count="0" type="stmt"/>
        <line num="79" count="7" type="stmt"/>
        <line num="82" count="7" type="stmt"/>
        <line num="83" count="0" type="cond" truecount="0" falsecount="2"/>
        <line num="84" count="0" type="stmt"/>
        <line num="85" count="0" type="stmt"/>
        <line num="86" count="0" type="stmt"/>
        <line num="88" count="0" type="stmt"/>
        <line num="92" count="7" type="cond" truecount="2" falsecount="0"/>
        <line num="93" count="1" type="stmt"/>
        <line num="101" count="6" type="stmt"/>
        <line num="107" count="0" type="stmt"/>
        <line num="128" count="12" type="stmt"/>
        <line num="150" count="0" type="stmt"/>
        <line num="187" count="0" type="stmt"/>
        <line num="189" count="0" type="cond" truecount="0" falsecount="4"/>
        <line num="190" count="0" type="stmt"/>
        <line num="193" count="0" type="stmt"/>
        <line num="196" count="0" type="stmt"/>
        <line num="198" count="0" type="stmt"/>
        <line num="224" count="0" type="stmt"/>
        <line num="225" count="0" type="cond" truecount="0" falsecount="2"/>
        <line num="226" count="0" type="cond" truecount="0" falsecount="2"/>
        <line num="229" count="0" type="cond" truecount="0" falsecount="4"/>
        <line num="230" count="0" type="stmt"/>
        <line num="233" count="0" type="stmt"/>
        <line num="236" count="0" type="stmt"/>
        <line num="237" count="0" type="cond" truecount="0" falsecount="2"/>
        <line num="238" count="0" type="stmt"/>
      </file>
      <file name="StatsCard.tsx" path="/Users/macbook/FnB-Container-Caffe/src/components/admin/StatsCard.tsx">
        <metrics statements="2" coveredstatements="2" conditionals="10" coveredconditionals="4" methods="1" coveredmethods="1"/>
        <line num="18" count="5" type="cond" truecount="2" falsecount="0"/>
        <line num="22" count="5" type="stmt"/>
      </file>
      <file name="metric-cards.tsx" path="/Users/macbook/FnB-Container-Caffe/src/components/admin/metric-cards.tsx">
        <metrics statements="14" coveredstatements="14" conditionals="18" coveredconditionals="18" methods="6" coveredmethods="6"/>
        <line num="12" count="70" type="stmt"/>
        <line num="13" count="70" type="stmt"/>
        <line num="15" count="19" type="cond" truecount="4" falsecount="0"/>
        <line num="17" count="14" type="cond" truecount="2" falsecount="0"/>
        <line num="18" count="19" type="cond" truecount="2" falsecount="0"/>
        <line num="19" count="19" type="cond" truecount="2" falsecount="0"/>
        <line num="20" count="19" type="cond" truecount="2" falsecount="0"/>
        <line num="21" count="19" type="cond" truecount="2" falsecount="0"/>
        <line num="24" count="19" type="cond" truecount="2" falsecount="0"/>
        <line num="25" count="19" type="cond" truecount="2" falsecount="0"/>
        <line num="27" count="19" type="stmt"/>
        <line num="38" count="56" type="stmt"/>
        <line num="52" count="5" type="stmt"/>
        <line num="55" count="20" type="stmt"/>
      </file>
      <file name="performance-section.tsx" path="/Users/macbook/FnB-Container-Caffe/src/components/admin/performance-section.tsx">
        <metrics statements="42" coveredstatements="34" conditionals="44" coveredconditionals="22" methods="26" coveredmethods="22"/>
        <line num="13" count="1" type="stmt"/>
        <line num="21" count="1" type="stmt"/>
        <line num="32" count="83" type="stmt"/>
        <line num="33" count="83" type="stmt"/>
        <line num="35" count="19" type="stmt"/>
        <line num="36" count="7" type="stmt"/>
        <line num="37" count="7" type="stmt"/>
        <line num="40" count="19" type="stmt"/>
        <line num="52" count="86" type="stmt"/>
        <line num="53" count="86" type="stmt"/>
        <line num="54" count="86" type="stmt"/>
        <line num="55" count="86" type="stmt"/>
        <line num="57" count="20" type="cond" truecount="4" falsecount="0"/>
        <line num="58" count="19" type="cond" truecount="2" falsecount="0"/>
        <line num="60" count="17" type="cond" truecount="1" falsecount="1"/>
        <line num="61" count="20" type="cond" truecount="2" falsecount="0"/>
        <line num="63" count="0" type="cond" truecount="0" falsecount="2"/>
        <line num="65" count="20" type="stmt"/>
        <line num="70" count="0" type="stmt"/>
        <line num="98" count="0" type="stmt"/>
        <line num="99" count="0" type="cond" truecount="0" falsecount="2"/>
        <line num="100" count="0" type="cond" truecount="0" falsecount="2"/>
        <line num="101" count="0" type="cond" truecount="0" falsecount="2"/>
        <line num="103" count="0" type="stmt"/>
        <line num="166" count="86" type="stmt"/>
        <line num="167" count="86" type="stmt"/>
        <line num="168" count="86" type="stmt"/>
        <line num="169" count="86" type="stmt"/>
        <line num="171" count="20" type="cond" truecount="4" falsecount="0"/>
        <line num="172" count="19" type="cond" truecount="2" falsecount="0"/>
        <line num="173" count="17" type="cond" truecount="2" falsecount="0"/>
        <line num="175" count="16" type="cond" truecount="2" falsecount="0"/>
        <line num="177" count="20" type="stmt"/>
        <line num="197" count="0" type="stmt"/>
        <line num="217" count="48" type="stmt"/>
        <line num="231" count="4" type="stmt"/>
        <line num="248" count="18" type="stmt"/>
        <line num="257" count="1" type="stmt"/>
        <line num="262" count="4" type="stmt"/>
        <line num="274" count="1" type="stmt"/>
        <line num="279" count="3" type="stmt"/>
        <line num="287" count="5" type="stmt"/>
      </file>
      <file name="range-selector.tsx" path="/Users/macbook/FnB-Container-Caffe/src/components/admin/range-selector.tsx">
        <metrics statements="6" coveredstatements="5" conditionals="2" coveredconditionals="2" methods="5" coveredmethods="4"/>
        <line num="8" count="1" type="stmt"/>
        <line num="15" count="70" type="stmt"/>
        <line num="16" count="70" type="stmt"/>
        <line num="18" count="19" type="stmt"/>
        <line num="21" count="57" type="stmt"/>
        <line num="25" count="0" type="stmt"/>
      </file>
      <file name="request-chart.tsx" path="/Users/macbook/FnB-Container-Caffe/src/components/admin/request-chart.tsx">
        <metrics statements="9" coveredstatements="9" conditionals="8" coveredconditionals="8" methods="6" coveredmethods="6"/>
        <line num="11" count="70" type="stmt"/>
        <line num="12" count="70" type="stmt"/>
        <line num="14" count="19" type="cond" truecount="4" falsecount="0"/>
        <line num="15" count="5" type="stmt"/>
        <line num="19" count="25" type="stmt"/>
        <line num="25" count="14" type="cond" truecount="2" falsecount="0"/>
        <line num="26" count="19" type="stmt"/>
        <line num="28" count="19" type="stmt"/>
        <line num="36" count="18" type="stmt"/>
      </file>
    </package>
    <package name="src.components.auth">
      <metrics statements="62" coveredstatements="62" conditionals="58" coveredconditionals="49" methods="19" coveredmethods="19"/>
      <file name="AuthProvider.tsx" path="/Users/macbook/FnB-Container-Caffe/src/components/auth/AuthProvider.tsx">
        <metrics statements="6" coveredstatements="6" conditionals="2" coveredconditionals="2" methods="4" coveredmethods="4"/>
        <line num="14" count="1052" type="stmt"/>
        <line num="15" count="1052" type="stmt"/>
        <line num="17" count="353" type="stmt"/>
        <line num="18" count="348" type="cond" truecount="2" falsecount="0"/>
        <line num="19" count="9" type="stmt"/>
        <line num="23" count="353" type="stmt"/>
      </file>
      <file name="LoginForm.tsx" path="/Users/macbook/FnB-Container-Caffe/src/components/auth/LoginForm.tsx">
        <metrics statements="21" coveredstatements="21" conditionals="20" coveredconditionals="17" methods="5" coveredmethods="5"/>
        <line num="12" count="10" type="stmt"/>
        <line num="13" count="10" type="stmt"/>
        <line num="14" count="10" type="stmt"/>
        <line num="16" count="10" type="stmt"/>
        <line num="17" count="10" type="stmt"/>
        <line num="20" count="2" type="stmt"/>
        <line num="21" count="2" type="cond" truecount="2" falsecount="0"/>
        <line num="22" count="1" type="cond" truecount="1" falsecount="1"/>
        <line num="23" count="2" type="cond" truecount="2" falsecount="0"/>
        <line num="24" count="1" type="cond" truecount="1" falsecount="1"/>
        <line num="25" count="2" type="stmt"/>
        <line num="26" count="2" type="stmt"/>
        <line num="30" count="2" type="stmt"/>
        <line num="31" count="2" type="stmt"/>
        <line num="32" count="2" type="cond" truecount="2" falsecount="0"/>
        <line num="33" count="1" type="stmt"/>
        <line num="35" count="1" type="stmt"/>
        <line num="36" count="1" type="cond" truecount="1" falsecount="1"/>
        <line num="39" count="10" type="stmt"/>
        <line num="58" count="1" type="stmt"/>
        <line num="74" count="1" type="stmt"/>
      </file>
      <file name="ProtectedRoute.tsx" path="/Users/macbook/FnB-Container-Caffe/src/components/auth/ProtectedRoute.tsx">
        <metrics statements="4" coveredstatements="4" conditionals="2" coveredconditionals="2" methods="2" coveredmethods="2"/>
        <line num="10" count="4" type="stmt"/>
        <line num="12" count="4" type="cond" truecount="2" falsecount="0"/>
        <line num="13" count="2" type="stmt"/>
        <line num="16" count="2" type="stmt"/>
      </file>
      <file name="RegisterForm.tsx" path="/Users/macbook/FnB-Container-Caffe/src/components/auth/RegisterForm.tsx">
        <metrics statements="31" coveredstatements="31" conditionals="34" coveredconditionals="28" methods="8" coveredmethods="8"/>
        <line num="12" count="13" type="stmt"/>
        <line num="13" count="13" type="stmt"/>
        <line num="14" count="13" type="stmt"/>
        <line num="15" count="13" type="stmt"/>
        <line num="16" count="13" type="stmt"/>
        <line num="17" count="13" type="stmt"/>
        <line num="19" count="13" type="stmt"/>
        <line num="20" count="13" type="stmt"/>
        <line num="23" count="2" type="stmt"/>
        <line num="24" count="2" type="cond" truecount="2" falsecount="0"/>
        <line num="25" count="2" type="cond" truecount="2" falsecount="0"/>
        <line num="26" count="1" type="cond" truecount="1" falsecount="1"/>
        <line num="27" count="2" type="cond" truecount="2" falsecount="0"/>
        <line num="28" count="1" type="cond" truecount="1" falsecount="1"/>
        <line num="29" count="2" type="cond" truecount="2" falsecount="0"/>
        <line num="30" count="1" type="cond" truecount="1" falsecount="1"/>
        <line num="31" count="2" type="cond" truecount="1" falsecount="1"/>
        <line num="32" count="2" type="stmt"/>
        <line num="33" count="2" type="stmt"/>
        <line num="37" count="2" type="stmt"/>
        <line num="38" count="2" type="stmt"/>
        <line num="39" count="2" type="cond" truecount="2" falsecount="0"/>
        <line num="40" count="1" type="stmt"/>
        <line num="41" count="1" type="stmt"/>
        <line num="42" count="1" type="cond" truecount="1" falsecount="1"/>
        <line num="45" count="13" type="stmt"/>
        <line num="64" count="1" type="stmt"/>
        <line num="80" count="1" type="stmt"/>
        <line num="96" count="1" type="stmt"/>
        <line num="112" count="1" type="stmt"/>
        <line num="128" count="1" type="stmt"/>
      </file>
    </package>
    <package name="src.components.brand">
      <metrics statements="34" coveredstatements="28" conditionals="26" coveredconditionals="15" methods="14" coveredmethods="13"/>
      <file name="ColorPalette.tsx" path="/Users/macbook/FnB-Container-Caffe/src/components/brand/ColorPalette.tsx">
        <metrics statements="20" coveredstatements="20" conditionals="8" coveredconditionals="6" methods="9" coveredmethods="8"/>
        <line num="19" count="4" type="stmt"/>
        <line num="21" count="4" type="stmt"/>
        <line num="22" count="1" type="stmt"/>
        <line num="23" count="1" type="stmt"/>
        <line num="24" count="1" type="stmt"/>
        <line num="25" count="1" type="stmt"/>
        <line num="31" count="4" type="cond" truecount="2" falsecount="0"/>
        <line num="32" count="1" type="stmt"/>
        <line num="33" count="3" type="cond" truecount="1" falsecount="1"/>
        <line num="34" count="3" type="cond" truecount="2" falsecount="0"/>
        <line num="35" count="3" type="stmt"/>
        <line num="36" count="3" type="stmt"/>
        <line num="39" count="1" type="stmt"/>
        <line num="42" count="2" type="stmt"/>
        <line num="48" count="3" type="stmt"/>
        <line num="62" count="3" type="stmt"/>
        <line num="65" count="9" type="stmt"/>
        <line num="83" count="12" type="stmt"/>
        <line num="85" count="12" type="stmt"/>
        <line num="88" count="1" type="stmt"/>
      </file>
      <file name="TypographyShowcase.tsx" path="/Users/macbook/FnB-Container-Caffe/src/components/brand/TypographyShowcase.tsx">
        <metrics statements="14" coveredstatements="8" conditionals="18" coveredconditionals="9" methods="5" coveredmethods="5"/>
        <line num="15" count="24" type="cond" truecount="2" falsecount="0"/>
        <line num="16" count="16" type="cond" truecount="1" falsecount="1"/>
        <line num="17" count="0" type="cond" truecount="0" falsecount="2"/>
        <line num="18" count="0" type="cond" truecount="0" falsecount="2"/>
        <line num="19" count="0" type="stmt"/>
        <line num="23" count="12" type="cond" truecount="2" falsecount="0"/>
        <line num="24" count="8" type="cond" truecount="1" falsecount="1"/>
        <line num="25" count="0" type="cond" truecount="0" falsecount="2"/>
        <line num="26" count="0" type="stmt"/>
        <line num="30" count="12" type="cond" truecount="2" falsecount="0"/>
        <line num="31" count="8" type="cond" truecount="1" falsecount="1"/>
        <line num="32" count="0" type="stmt"/>
        <line num="36" count="4" type="stmt"/>
        <line num="39" count="12" type="stmt"/>
      </file>
    </package>
    <package name="src.components.checkin">
      <metrics statements="35" coveredstatements="25" conditionals="28" coveredconditionals="18" methods="9" coveredmethods="6"/>
      <file name="ApprovalStatus.tsx" path="/Users/macbook/FnB-Container-Caffe/src/components/checkin/ApprovalStatus.tsx">
        <metrics statements="1" coveredstatements="1" conditionals="8" coveredconditionals="8" methods="1" coveredmethods="1"/>
        <line num="11" count="3" type="stmt"/>
      </file>
      <file name="CheckinForm.tsx" path="/Users/macbook/FnB-Container-Caffe/src/components/checkin/CheckinForm.tsx">
        <metrics statements="20" coveredstatements="14" conditionals="14" coveredconditionals="8" methods="3" coveredmethods="3"/>
        <line num="12" count="1" type="stmt"/>
        <line num="15" count="6" type="stmt"/>
        <line num="16" count="6" type="stmt"/>
        <line num="17" count="6" type="stmt"/>
        <line num="19" count="6" type="stmt"/>
        <line num="20" count="1" type="stmt"/>
        <line num="21" count="1" type="stmt"/>
        <line num="23" count="1" type="stmt"/>
        <line num="24" count="1" type="cond" truecount="1" falsecount="1"/>
        <line num="25" count="1" type="stmt"/>
        <line num="26" count="1" type="stmt"/>
        <line num="29" count="0" type="cond" truecount="0" falsecount="2"/>
        <line num="30" count="0" type="stmt"/>
        <line num="31" count="0" type="stmt"/>
        <line num="32" count="0" type="stmt"/>
        <line num="34" count="0" type="cond" truecount="0" falsecount="2"/>
        <line num="36" count="0" type="stmt"/>
        <line num="41" count="6" type="stmt"/>
        <line num="64" count="1" type="stmt"/>
        <line num="65" count="1" type="cond" truecount="1" falsecount="1"/>
      </file>
      <file name="PhotoUpload.tsx" path="/Users/macbook/FnB-Container-Caffe/src/components/checkin/PhotoUpload.tsx">
        <metrics statements="14" coveredstatements="10" conditionals="6" coveredconditionals="2" methods="5" coveredmethods="2"/>
        <line num="13" count="2" type="stmt"/>
        <line num="14" count="2" type="stmt"/>
        <line num="16" count="2" type="stmt"/>
        <line num="17" count="1" type="stmt"/>
        <line num="18" count="1" type="cond" truecount="1" falsecount="1"/>
        <line num="21" count="1" type="stmt"/>
        <line num="22" count="1" type="stmt"/>
        <line num="23" count="0" type="stmt"/>
        <line num="25" count="1" type="stmt"/>
        <line num="26" count="1" type="stmt"/>
        <line num="29" count="2" type="stmt"/>
        <line num="54" count="0" type="stmt"/>
        <line num="55" count="0" type="cond" truecount="0" falsecount="2"/>
        <line num="64" count="0" type="stmt"/>
      </file>
    </package>
    <package name="src.components.contact">
      <metrics statements="43" coveredstatements="38" conditionals="58" coveredconditionals="55" methods="14" coveredmethods="9"/>
      <file name="ContactForm.tsx" path="/Users/macbook/FnB-Container-Caffe/src/components/contact/ContactForm.tsx">
        <metrics statements="43" coveredstatements="38" conditionals="58" coveredconditionals="55" methods="14" coveredmethods="9"/>
        <line num="16" count="1" type="stmt"/>
        <line num="19" count="5" type="cond" truecount="2" falsecount="0"/>
        <line num="20" count="3" type="cond" truecount="1" falsecount="1"/>
        <line num="21" count="3" type="stmt"/>
        <line num="25" count="5" type="cond" truecount="2" falsecount="0"/>
        <line num="26" count="4" type="cond" truecount="2" falsecount="0"/>
        <line num="27" count="3" type="stmt"/>
        <line num="31" count="5" type="cond" truecount="2" falsecount="0"/>
        <line num="32" count="3" type="cond" truecount="1" falsecount="1"/>
        <line num="33" count="3" type="stmt"/>
        <line num="37" count="25" type="stmt"/>
        <line num="38" count="25" type="stmt"/>
        <line num="39" count="25" type="stmt"/>
        <line num="40" count="25" type="stmt"/>
        <line num="41" count="25" type="stmt"/>
        <line num="42" count="25" type="stmt"/>
        <line num="44" count="25" type="stmt"/>
        <line num="45" count="5" type="stmt"/>
        <line num="52" count="25" type="stmt"/>
        <line num="53" count="0" type="stmt"/>
        <line num="54" count="0" type="stmt"/>
        <line num="57" count="25" type="stmt"/>
        <line num="58" count="5" type="stmt"/>
        <line num="59" count="5" type="stmt"/>
        <line num="60" count="5" type="stmt"/>
        <line num="61" count="5" type="stmt"/>
        <line num="63" count="5" type="cond" truecount="5" falsecount="0"/>
        <line num="65" count="3" type="stmt"/>
        <line num="66" count="3" type="stmt"/>
        <line num="67" count="2" type="stmt"/>
        <line num="68" count="2" type="stmt"/>
        <line num="69" count="2" type="stmt"/>
        <line num="70" count="2" type="stmt"/>
        <line num="71" count="2" type="stmt"/>
        <line num="77" count="25" type="cond" truecount="2" falsecount="0"/>
        <line num="78" count="2" type="stmt"/>
        <line num="89" count="23" type="stmt"/>
        <line num="106" count="3" type="stmt"/>
        <line num="107" count="0" type="stmt"/>
        <line num="138" count="4" type="stmt"/>
        <line num="139" count="0" type="stmt"/>
        <line num="169" count="3" type="stmt"/>
        <line num="170" count="0" type="stmt"/>
      </file>
    </package>
    <package name="src.components.home">
      <metrics statements="43" coveredstatements="16" conditionals="10" coveredconditionals="4" methods="13" coveredmethods="6"/>
      <file name="five-zone-showcase.tsx" path="/Users/macbook/FnB-Container-Caffe/src/components/home/five-zone-showcase.tsx">
        <metrics statements="8" coveredstatements="8" conditionals="2" coveredconditionals="2" methods="4" coveredmethods="4"/>
        <line num="5" count="1" type="stmt"/>
        <line num="26" count="1" type="stmt"/>
        <line num="110" count="11" type="stmt"/>
        <line num="112" count="11" type="stmt"/>
        <line num="114" count="11" type="stmt"/>
        <line num="138" count="55" type="stmt"/>
        <line num="144" count="4" type="stmt"/>
        <line num="185" count="33" type="stmt"/>
      </file>
      <file name="hero-section.tsx" path="/Users/macbook/FnB-Container-Caffe/src/components/home/hero-section.tsx">
        <metrics statements="35" coveredstatements="8" conditionals="8" coveredconditionals="2" methods="9" coveredmethods="2"/>
        <line num="6" count="6" type="stmt"/>
        <line num="8" count="6" type="stmt"/>
        <line num="10" count="0" type="stmt"/>
        <line num="16" count="6" type="stmt"/>
        <line num="17" count="6" type="stmt"/>
        <line num="18" count="6" type="cond" truecount="1" falsecount="1"/>
        <line num="20" count="6" type="stmt"/>
        <line num="21" count="6" type="cond" truecount="1" falsecount="1"/>
        <line num="24" count="0" type="stmt"/>
        <line num="27" count="0" type="stmt"/>
        <line num="28" count="0" type="cond" truecount="0" falsecount="2"/>
        <line num="29" count="0" type="stmt"/>
        <line num="30" count="0" type="stmt"/>
        <line num="35" count="0" type="stmt"/>
        <line num="36" count="0" type="cond" truecount="0" falsecount="2"/>
        <line num="40" count="0" type="stmt"/>
        <line num="41" count="0" type="stmt"/>
        <line num="42" count="0" type="stmt"/>
        <line num="43" count="0" type="stmt"/>
        <line num="44" count="0" type="stmt"/>
        <line num="45" count="0" type="stmt"/>
        <line num="46" count="0" type="stmt"/>
        <line num="47" count="0" type="stmt"/>
        <line num="48" count="0" type="stmt"/>
        <line num="49" count="0" type="stmt"/>
        <line num="51" count="0" type="stmt"/>
        <line num="54" count="0" type="stmt"/>
        <line num="55" count="0" type="stmt"/>
        <line num="56" count="0" type="stmt"/>
        <line num="57" count="0" type="stmt"/>
        <line num="59" count="0" type="stmt"/>
        <line num="61" count="0" type="stmt"/>
        <line num="62" count="0" type="stmt"/>
        <line num="63" count="0" type="stmt"/>
        <line num="67" count="6" type="stmt"/>
      </file>
    </package>
    <package name="src.components.kds">
      <metrics statements="49" coveredstatements="42" conditionals="32" coveredconditionals="30" methods="32" coveredmethods="26"/>
      <file name="OrderCompleteButton.tsx" path="/Users/macbook/FnB-Container-Caffe/src/components/kds/OrderCompleteButton.tsx">
        <metrics statements="8" coveredstatements="8" conditionals="2" coveredconditionals="2" methods="4" coveredmethods="4"/>
        <line num="9" count="7" type="stmt"/>
        <line num="11" count="7" type="cond" truecount="2" falsecount="0"/>
        <line num="12" count="2" type="stmt"/>
        <line num="17" count="1" type="stmt"/>
        <line num="18" count="1" type="stmt"/>
        <line num="25" count="1" type="stmt"/>
        <line num="34" count="5" type="stmt"/>
        <line num="36" count="2" type="stmt"/>
      </file>
      <file name="OrderTicket.tsx" path="/Users/macbook/FnB-Container-Caffe/src/components/kds/OrderTicket.tsx">
        <metrics statements="17" coveredstatements="12" conditionals="24" coveredconditionals="22" methods="11" coveredmethods="7"/>
        <line num="12" count="16" type="stmt"/>
        <line num="13" count="16" type="stmt"/>
        <line num="15" count="16" type="stmt"/>
        <line num="16" count="16" type="stmt"/>
        <line num="17" count="0" type="stmt"/>
        <line num="20" count="16" type="stmt"/>
        <line num="23" count="16" type="stmt"/>
        <line num="25" count="16" type="stmt"/>
        <line num="72" count="25" type="stmt"/>
        <line num="85" count="9" type="stmt"/>
        <line num="107" count="0" type="stmt"/>
        <line num="108" count="0" type="stmt"/>
        <line num="115" count="0" type="stmt"/>
        <line num="123" count="0" type="stmt"/>
        <line num="150" count="16" type="stmt"/>
        <line num="151" count="16" type="stmt"/>
        <line num="152" count="16" type="stmt"/>
      </file>
      <file name="TicketQueue.tsx" path="/Users/macbook/FnB-Container-Caffe/src/components/kds/TicketQueue.tsx">
        <metrics statements="24" coveredstatements="22" conditionals="6" coveredconditionals="6" methods="17" coveredmethods="15"/>
        <line num="14" count="5" type="stmt"/>
        <line num="15" count="6" type="stmt"/>
        <line num="18" count="5" type="cond" truecount="2" falsecount="0"/>
        <line num="19" count="1" type="stmt"/>
        <line num="22" count="3" type="stmt"/>
        <line num="35" count="4" type="cond" truecount="2" falsecount="0"/>
        <line num="36" count="1" type="stmt"/>
        <line num="45" count="9" type="stmt"/>
        <line num="46" count="9" type="stmt"/>
        <line num="47" count="9" type="stmt"/>
        <line num="48" count="9" type="stmt"/>
        <line num="50" count="3" type="cond" truecount="2" falsecount="0"/>
        <line num="51" count="2" type="stmt"/>
        <line num="60" count="6" type="stmt"/>
        <line num="62" count="4" type="stmt"/>
        <line num="77" count="6" type="stmt"/>
        <line num="79" count="2" type="stmt"/>
        <line num="90" count="6" type="stmt"/>
        <line num="92" count="0" type="stmt"/>
        <line num="103" count="6" type="stmt"/>
        <line num="105" count="0" type="stmt"/>
        <line num="113" count="1" type="stmt"/>
        <line num="116" count="3" type="stmt"/>
        <line num="135" count="8" type="stmt"/>
      </file>
    </package>
    <package name="src.components.loyalty">
      <metrics statements="44" coveredstatements="42" conditionals="51" coveredconditionals="47" methods="16" coveredmethods="14"/>
      <file name="loyalty-calculator.tsx" path="/Users/macbook/FnB-Container-Caffe/src/components/loyalty/loyalty-calculator.tsx">
        <metrics statements="27" coveredstatements="25" conditionals="6" coveredconditionals="4" methods="7" coveredmethods="5"/>
        <line num="17" count="1" type="stmt"/>
        <line num="25" count="1" type="stmt"/>
        <line num="33" count="12" type="stmt"/>
        <line num="34" count="12" type="stmt"/>
        <line num="40" count="12" type="stmt"/>
        <line num="41" count="12" type="stmt"/>
        <line num="44" count="12" type="stmt"/>
        <line num="45" count="12" type="stmt"/>
        <line num="46" count="12" type="cond" truecount="1" falsecount="1"/>
        <line num="47" count="12" type="cond" truecount="1" falsecount="1"/>
        <line num="50" count="12" type="stmt"/>
        <line num="51" count="12" type="stmt"/>
        <line num="52" count="12" type="stmt"/>
        <line num="55" count="12" type="stmt"/>
        <line num="56" count="12" type="stmt"/>
        <line num="59" count="12" type="stmt"/>
        <line num="60" count="12" type="stmt"/>
        <line num="63" count="12" type="stmt"/>
        <line num="64" count="12" type="stmt"/>
        <line num="66" count="12" type="stmt"/>
        <line num="82" count="12" type="stmt"/>
        <line num="83" count="1" type="cond" truecount="2" falsecount="0"/>
        <line num="84" count="1" type="stmt"/>
        <line num="87" count="12" type="stmt"/>
        <line num="112" count="1" type="stmt"/>
        <line num="133" count="0" type="stmt"/>
        <line num="157" count="0" type="stmt"/>
      </file>
      <file name="referral-calculator.tsx" path="/Users/macbook/FnB-Container-Caffe/src/components/loyalty/referral-calculator.tsx">
        <metrics statements="1" coveredstatements="1" conditionals="2" coveredconditionals="2" methods="1" coveredmethods="1"/>
        <line num="15" count="12" type="stmt"/>
      </file>
      <file name="rewards-grid.tsx" path="/Users/macbook/FnB-Container-Caffe/src/components/loyalty/rewards-grid.tsx">
        <metrics statements="6" coveredstatements="6" conditionals="8" coveredconditionals="8" methods="3" coveredmethods="3"/>
        <line num="23" count="7" type="cond" truecount="2" falsecount="0"/>
        <line num="24" count="1" type="stmt"/>
        <line num="33" count="6" type="stmt"/>
        <line num="44" count="18" type="stmt"/>
        <line num="46" count="18" type="stmt"/>
        <line num="68" count="1" type="stmt"/>
      </file>
      <file name="tier-card.tsx" path="/Users/macbook/FnB-Container-Caffe/src/components/loyalty/tier-card.tsx">
        <metrics statements="4" coveredstatements="4" conditionals="13" coveredconditionals="12" methods="2" coveredmethods="2"/>
        <line num="17" count="1" type="stmt"/>
        <line num="35" count="9" type="stmt"/>
        <line num="37" count="9" type="stmt"/>
        <line num="81" count="39" type="stmt"/>
      </file>
      <file name="tier-progress.tsx" path="/Users/macbook/FnB-Container-Caffe/src/components/loyalty/tier-progress.tsx">
        <metrics statements="5" coveredstatements="5" conditionals="22" coveredconditionals="21" methods="2" coveredmethods="2"/>
        <line num="15" count="22" type="stmt"/>
        <line num="25" count="8" type="cond" truecount="2" falsecount="0"/>
        <line num="26" count="8" type="cond" truecount="4" falsecount="0"/>
        <line num="29" count="8" type="cond" truecount="2" falsecount="0"/>
        <line num="31" count="8" type="stmt"/>
      </file>
      <file name="tier-projection.tsx" path="/Users/macbook/FnB-Container-Caffe/src/components/loyalty/tier-projection.tsx">
        <metrics statements="1" coveredstatements="1" conditionals="0" coveredconditionals="0" methods="1" coveredmethods="1"/>
        <line num="20" count="12" type="stmt"/>
      </file>
    </package>
    <package name="src.components.menu">
      <metrics statements="16" coveredstatements="16" conditionals="19" coveredconditionals="17" methods="9" coveredmethods="9"/>
      <file name="menu-card.tsx" path="/Users/macbook/FnB-Container-Caffe/src/components/menu/menu-card.tsx">
        <metrics statements="7" coveredstatements="7" conditionals="13" coveredconditionals="11" methods="5" coveredmethods="5"/>
        <line num="15" count="2" type="stmt"/>
        <line num="34" count="32" type="cond" truecount="1" falsecount="1"/>
        <line num="38" count="32" type="stmt"/>
        <line num="42" count="16" type="stmt"/>
        <line num="43" count="16" type="stmt"/>
        <line num="103" count="9" type="stmt"/>
        <line num="124" count="2" type="stmt"/>
      </file>
      <file name="menu-grid.tsx" path="/Users/macbook/FnB-Container-Caffe/src/components/menu/menu-grid.tsx">
        <metrics statements="9" coveredstatements="9" conditionals="6" coveredconditionals="6" methods="4" coveredmethods="4"/>
        <line num="13" count="8" type="stmt"/>
        <line num="33" count="7" type="stmt"/>
        <line num="34" count="7" type="cond" truecount="2" falsecount="0"/>
        <line num="35" count="1" type="stmt"/>
        <line num="38" count="8" type="stmt"/>
        <line num="44" count="6" type="cond" truecount="4" falsecount="0"/>
        <line num="45" count="1" type="stmt"/>
        <line num="58" count="5" type="stmt"/>
        <line num="61" count="10" type="stmt"/>
      </file>
    </package>
    <package name="src.components.order">
      <metrics statements="74" coveredstatements="63" conditionals="76" coveredconditionals="50" methods="41" coveredmethods="27"/>
      <file name="cart-drawer.tsx" path="/Users/macbook/FnB-Container-Caffe/src/components/order/cart-drawer.tsx">
        <metrics statements="3" coveredstatements="3" conditionals="4" coveredconditionals="4" methods="2" coveredmethods="2"/>
        <line num="38" count="8" type="stmt"/>
        <line num="39" count="8" type="stmt"/>
        <line num="55" count="14" type="stmt"/>
      </file>
      <file name="cart-item.tsx" path="/Users/macbook/FnB-Container-Caffe/src/components/order/cart-item.tsx">
        <metrics statements="7" coveredstatements="6" conditionals="0" coveredconditionals="0" methods="5" coveredmethods="4"/>
        <line num="13" count="28" type="stmt"/>
        <line num="17" count="14" type="stmt"/>
        <line num="18" count="14" type="stmt"/>
        <line num="20" count="14" type="stmt"/>
        <line num="35" count="1" type="stmt"/>
        <line num="51" count="0" type="stmt"/>
        <line num="69" count="1" type="stmt"/>
      </file>
      <file name="checkout-form.tsx" path="/Users/macbook/FnB-Container-Caffe/src/components/order/checkout-form.tsx">
        <metrics statements="38" coveredstatements="33" conditionals="30" coveredconditionals="17" methods="17" coveredmethods="9"/>
        <line num="25" count="1" type="stmt"/>
        <line num="50" count="18" type="stmt"/>
        <line num="51" count="18" type="stmt"/>
        <line num="52" count="18" type="stmt"/>
        <line num="54" count="18" type="stmt"/>
        <line num="56" count="7" type="stmt"/>
        <line num="65" count="18" type="stmt"/>
        <line num="67" count="6" type="stmt"/>
        <line num="68" count="6" type="stmt"/>
        <line num="69" count="6" type="stmt"/>
        <line num="70" count="6" type="stmt"/>
        <line num="72" count="6" type="stmt"/>
        <line num="77" count="18" type="stmt"/>
        <line num="79" count="1" type="stmt"/>
        <line num="80" count="1" type="stmt"/>
        <line num="81" count="1" type="stmt"/>
        <line num="82" count="1" type="stmt"/>
        <line num="88" count="18" type="stmt"/>
        <line num="89" count="0" type="stmt"/>
        <line num="92" count="18" type="stmt"/>
        <line num="94" count="3" type="stmt"/>
        <line num="95" count="3" type="stmt"/>
        <line num="96" count="3" type="cond" truecount="2" falsecount="0"/>
        <line num="97" count="2" type="stmt"/>
        <line num="98" count="2" type="stmt"/>
        <line num="99" count="4" type="stmt"/>
        <line num="100" count="4" type="cond" truecount="1" falsecount="1"/>
        <line num="101" count="4" type="stmt"/>
        <line num="104" count="2" type="stmt"/>
        <line num="105" count="2" type="stmt"/>
        <line num="107" count="1" type="stmt"/>
        <line num="108" count="1" type="stmt"/>
        <line num="113" count="18" type="stmt"/>
        <line num="136" count="0" type="stmt"/>
        <line num="149" count="0" type="stmt"/>
        <line num="166" count="0" type="stmt"/>
        <line num="186" count="0" type="stmt"/>
        <line num="211" count="18" type="stmt"/>
      </file>
      <file name="delivery-info.tsx" path="/Users/macbook/FnB-Container-Caffe/src/components/order/delivery-info.tsx">
        <metrics statements="9" coveredstatements="6" conditionals="10" coveredconditionals="5" methods="7" coveredmethods="4"/>
        <line num="31" count="18" type="stmt"/>
        <line num="32" count="18" type="stmt"/>
        <line num="34" count="18" type="stmt"/>
        <line num="55" count="2" type="stmt"/>
        <line num="66" count="2" type="stmt"/>
        <line num="77" count="0" type="stmt"/>
        <line num="88" count="2" type="stmt"/>
        <line num="98" count="0" type="stmt"/>
        <line num="120" count="0" type="stmt"/>
      </file>
      <file name="order-summary.tsx" path="/Users/macbook/FnB-Container-Caffe/src/components/order/order-summary.tsx">
        <metrics statements="3" coveredstatements="3" conditionals="10" coveredconditionals="8" methods="2" coveredmethods="2"/>
        <line num="17" count="99" type="stmt"/>
        <line num="30" count="25" type="stmt"/>
        <line num="31" count="25" type="stmt"/>
      </file>
      <file name="payment-method-selector.tsx" path="/Users/macbook/FnB-Container-Caffe/src/components/order/payment-method-selector.tsx">
        <metrics statements="7" coveredstatements="7" conditionals="8" coveredconditionals="8" methods="3" coveredmethods="3"/>
        <line num="5" count="2" type="stmt"/>
        <line num="22" count="2" type="stmt"/>
        <line num="42" count="25" type="stmt"/>
        <line num="43" count="25" type="stmt"/>
        <line num="50" count="50" type="stmt"/>
        <line num="51" count="50" type="stmt"/>
        <line num="58" count="2" type="stmt"/>
      </file>
      <file name="tip-input.tsx" path="/Users/macbook/FnB-Container-Caffe/src/components/order/tip-input.tsx">
        <metrics statements="7" coveredstatements="5" conditionals="14" coveredconditionals="8" methods="5" coveredmethods="3"/>
        <line num="11" count="1" type="stmt"/>
        <line num="14" count="72" type="stmt"/>
        <line num="18" count="18" type="stmt"/>
        <line num="19" count="18" type="stmt"/>
        <line num="26" count="72" type="stmt"/>
        <line num="30" count="0" type="cond" truecount="0" falsecount="2"/>
        <line num="45" count="0" type="stmt"/>
      </file>
    </package>
    <package name="src.components.promotions">
      <metrics statements="32" coveredstatements="21" conditionals="37" coveredconditionals="31" methods="9" coveredmethods="6"/>
      <file name="promotion-card.tsx" path="/Users/macbook/FnB-Container-Caffe/src/components/promotions/promotion-card.tsx">
        <metrics statements="32" coveredstatements="21" conditionals="37" coveredconditionals="31" methods="9" coveredmethods="6"/>
        <line num="20" count="20" type="stmt"/>
        <line num="24" count="9" type="cond" truecount="1" falsecount="1"/>
        <line num="25" count="9" type="stmt"/>
        <line num="26" count="9" type="stmt"/>
        <line num="34" count="11" type="cond" truecount="1" falsecount="1"/>
        <line num="35" count="11" type="stmt"/>
        <line num="36" count="11" type="stmt"/>
        <line num="51" count="11" type="stmt"/>
        <line num="52" count="11" type="stmt"/>
        <line num="53" count="11" type="cond" truecount="2" falsecount="0"/>
        <line num="54" count="11" type="cond" truecount="1" falsecount="1"/>
        <line num="56" count="11" type="stmt"/>
        <line num="57" count="1" type="stmt"/>
        <line num="58" count="1" type="stmt"/>
        <line num="59" count="1" type="stmt"/>
        <line num="60" count="1" type="stmt"/>
        <line num="62" count="0" type="stmt"/>
        <line num="63" count="0" type="stmt"/>
        <line num="64" count="0" type="stmt"/>
        <line num="65" count="0" type="stmt"/>
        <line num="66" count="0" type="stmt"/>
        <line num="67" count="0" type="stmt"/>
        <line num="68" count="0" type="stmt"/>
        <line num="69" count="0" type="stmt"/>
        <line num="70" count="0" type="stmt"/>
        <line num="71" count="0" type="stmt"/>
        <line num="75" count="11" type="stmt"/>
        <line num="76" count="10" type="cond" truecount="1" falsecount="1"/>
        <line num="77" count="10" type="cond" truecount="2" falsecount="0"/>
        <line num="78" count="8" type="stmt"/>
        <line num="81" count="11" type="stmt"/>
        <line num="159" count="0" type="stmt"/>
      </file>
    </package>
    <package name="src.components.referral">
      <metrics statements="36" coveredstatements="18" conditionals="12" coveredconditionals="7" methods="12" coveredmethods="6"/>
      <file name="cashback-display.tsx" path="/Users/macbook/FnB-Container-Caffe/src/components/referral/cashback-display.tsx">
        <metrics statements="3" coveredstatements="3" conditionals="2" coveredconditionals="2" methods="2" coveredmethods="2"/>
        <line num="12" count="23" type="stmt"/>
        <line num="20" count="8" type="stmt"/>
        <line num="21" count="8" type="stmt"/>
      </file>
      <file name="referral-link.tsx" path="/Users/macbook/FnB-Container-Caffe/src/components/referral/referral-link.tsx">
        <metrics statements="33" coveredstatements="15" conditionals="10" coveredconditionals="5" methods="10" coveredmethods="4"/>
        <line num="17" count="12" type="stmt"/>
        <line num="18" count="12" type="stmt"/>
        <line num="20" count="12" type="stmt"/>
        <line num="21" count="2" type="stmt"/>
        <line num="22" count="2" type="stmt"/>
        <line num="23" count="2" type="stmt"/>
        <line num="24" count="2" type="stmt"/>
        <line num="27" count="0" type="stmt"/>
        <line num="28" count="0" type="stmt"/>
        <line num="29" count="0" type="stmt"/>
        <line num="30" count="0" type="stmt"/>
        <line num="31" count="0" type="stmt"/>
        <line num="32" count="0" type="stmt"/>
        <line num="33" count="0" type="stmt"/>
        <line num="34" count="0" type="stmt"/>
        <line num="35" count="0" type="stmt"/>
        <line num="36" count="0" type="stmt"/>
        <line num="40" count="12" type="stmt"/>
        <line num="42" count="0" type="stmt"/>
        <line num="43" count="0" type="stmt"/>
        <line num="44" count="0" type="cond" truecount="0" falsecount="2"/>
        <line num="45" count="0" type="stmt"/>
        <line num="51" count="0" type="stmt"/>
        <line num="61" count="12" type="stmt"/>
        <line num="62" count="1" type="stmt"/>
        <line num="63" count="1" type="cond" truecount="3" falsecount="1"/>
        <line num="64" count="1" type="stmt"/>
        <line num="65" count="1" type="stmt"/>
        <line num="69" count="12" type="stmt"/>
        <line num="87" count="0" type="stmt"/>
        <line num="90" count="0" type="stmt"/>
        <line num="112" count="1" type="stmt"/>
        <line num="113" count="0" type="cond" truecount="0" falsecount="2"/>
      </file>
    </package>
    <package name="src.components.reservation">
      <metrics statements="56" coveredstatements="52" conditionals="40" coveredconditionals="34" methods="22" coveredmethods="17"/>
      <file name="IdentityVerification.tsx" path="/Users/macbook/FnB-Container-Caffe/src/components/reservation/IdentityVerification.tsx">
        <metrics statements="28" coveredstatements="27" conditionals="14" coveredconditionals="11" methods="8" coveredmethods="5"/>
        <line num="17" count="1" type="stmt"/>
        <line num="20" count="14" type="stmt"/>
        <line num="21" count="14" type="stmt"/>
        <line num="22" count="14" type="stmt"/>
        <line num="23" count="14" type="stmt"/>
        <line num="25" count="14" type="stmt"/>
        <line num="26" count="5" type="cond" truecount="2" falsecount="0"/>
        <line num="27" count="4" type="stmt"/>
        <line num="28" count="4" type="stmt"/>
        <line num="29" count="4" type="stmt"/>
        <line num="31" count="4" type="stmt"/>
        <line num="35" count="14" type="stmt"/>
        <line num="36" count="2" type="stmt"/>
        <line num="38" count="2" type="stmt"/>
        <line num="40" count="2" type="cond" truecount="3" falsecount="1"/>
        <line num="41" count="0" type="stmt"/>
        <line num="44" count="2" type="stmt"/>
        <line num="45" count="2" type="cond" truecount="2" falsecount="0"/>
        <line num="46" count="1" type="stmt"/>
        <line num="49" count="2" type="cond" truecount="2" falsecount="0"/>
        <line num="50" count="1" type="stmt"/>
        <line num="51" count="1" type="stmt"/>
        <line num="54" count="1" type="stmt"/>
        <line num="57" count="14" type="stmt"/>
        <line num="68" count="2" type="stmt"/>
        <line num="69" count="2" type="cond" truecount="1" falsecount="1"/>
        <line num="83" count="2" type="stmt"/>
        <line num="84" count="2" type="cond" truecount="1" falsecount="1"/>
      </file>
      <file name="ReservationForm.tsx" path="/Users/macbook/FnB-Container-Caffe/src/components/reservation/ReservationForm.tsx">
        <metrics statements="5" coveredstatements="3" conditionals="0" coveredconditionals="0" methods="5" coveredmethods="3"/>
        <line num="21" count="2" type="stmt"/>
        <line num="29" count="0" type="stmt"/>
        <line num="43" count="0" type="stmt"/>
        <line num="46" count="20" type="stmt"/>
        <line num="47" count="20" type="stmt"/>
      </file>
      <file name="TableMap.tsx" path="/Users/macbook/FnB-Container-Caffe/src/components/reservation/TableMap.tsx">
        <metrics statements="11" coveredstatements="10" conditionals="12" coveredconditionals="10" methods="5" coveredmethods="5"/>
        <line num="11" count="1" type="stmt"/>
        <line num="18" count="12" type="stmt"/>
        <line num="19" count="4" type="cond" truecount="1" falsecount="1"/>
        <line num="21" count="4" type="cond" truecount="1" falsecount="1"/>
        <line num="22" count="0" type="stmt"/>
        <line num="29" count="4" type="stmt"/>
        <line num="31" count="4" type="stmt"/>
        <line num="47" count="8" type="stmt"/>
        <line num="49" count="8" type="stmt"/>
        <line num="50" count="8" type="stmt"/>
        <line num="55" count="1" type="stmt"/>
      </file>
      <file name="TimeSlotPicker.tsx" path="/Users/macbook/FnB-Container-Caffe/src/components/reservation/TimeSlotPicker.tsx">
        <metrics statements="12" coveredstatements="12" conditionals="14" coveredconditionals="13" methods="4" coveredmethods="4"/>
        <line num="12" count="4" type="stmt"/>
        <line num="15" count="16" type="stmt"/>
        <line num="16" count="16" type="cond" truecount="2" falsecount="0"/>
        <line num="17" count="16" type="stmt"/>
        <line num="19" count="16" type="stmt"/>
        <line num="24" count="1" type="stmt"/>
        <line num="41" count="16" type="stmt"/>
        <line num="42" count="16" type="stmt"/>
        <line num="43" count="16" type="cond" truecount="3" falsecount="1"/>
        <line num="44" count="16" type="stmt"/>
        <line num="45" count="16" type="stmt"/>
        <line num="46" count="16" type="stmt"/>
      </file>
    </package>
    <package name="src.components.shared">
      <metrics statements="76" coveredstatements="76" conditionals="44" coveredconditionals="36" methods="6" coveredmethods="6"/>
      <file name="Breadcrumbs.tsx" path="/Users/macbook/FnB-Container-Caffe/src/components/shared/Breadcrumbs.tsx">
        <metrics statements="6" coveredstatements="6" conditionals="8" coveredconditionals="6" methods="3" coveredmethods="3"/>
        <line num="15" count="5" type="cond" truecount="1" falsecount="1"/>
        <line num="17" count="5" type="stmt"/>
        <line num="20" count="15" type="stmt"/>
        <line num="28" count="5" type="stmt"/>
        <line num="39" count="15" type="stmt"/>
        <line num="41" count="15" type="stmt"/>
      </file>
      <file name="SEOHead.tsx" path="/Users/macbook/FnB-Container-Caffe/src/components/shared/SEOHead.tsx">
        <metrics statements="70" coveredstatements="70" conditionals="36" coveredconditionals="30" methods="3" coveredmethods="3"/>
        <line num="22" count="12" type="stmt"/>
        <line num="23" count="12" type="stmt"/>
        <line num="24" count="12" type="stmt"/>
        <line num="25" count="12" type="stmt"/>
        <line num="26" count="12" type="stmt"/>
        <line num="27" count="12" type="stmt"/>
        <line num="29" count="12" type="stmt"/>
        <line num="30" count="12" type="stmt"/>
        <line num="33" count="12" type="cond" truecount="2" falsecount="0"/>
        <line num="34" count="8" type="cond" truecount="1" falsecount="1"/>
        <line num="35" count="8" type="stmt"/>
        <line num="36" count="8" type="stmt"/>
        <line num="37" count="8" type="stmt"/>
        <line num="38" count="8" type="stmt"/>
        <line num="40" count="8" type="stmt"/>
        <line num="44" count="12" type="cond" truecount="2" falsecount="0"/>
        <line num="45" count="7" type="cond" truecount="1" falsecount="1"/>
        <line num="46" count="7" type="stmt"/>
        <line num="47" count="7" type="stmt"/>
        <line num="48" count="7" type="stmt"/>
        <line num="49" count="7" type="stmt"/>
        <line num="51" count="7" type="stmt"/>
        <line num="55" count="12" type="cond" truecount="2" falsecount="0"/>
        <line num="56" count="1" type="cond" truecount="1" falsecount="1"/>
        <line num="57" count="1" type="stmt"/>
        <line num="58" count="1" type="stmt"/>
        <line num="59" count="1" type="stmt"/>
        <line num="60" count="1" type="stmt"/>
        <line num="62" count="1" type="stmt"/>
        <line num="65" count="12" type="cond" truecount="2" falsecount="0"/>
        <line num="66" count="1" type="cond" truecount="1" falsecount="1"/>
        <line num="67" count="1" type="stmt"/>
        <line num="68" count="1" type="stmt"/>
        <line num="69" count="1" type="stmt"/>
        <line num="70" count="1" type="stmt"/>
        <line num="72" count="1" type="stmt"/>
        <line num="75" count="12" type="cond" truecount="2" falsecount="0"/>
        <line num="76" count="1" type="cond" truecount="1" falsecount="1"/>
        <line num="77" count="1" type="stmt"/>
        <line num="78" count="1" type="stmt"/>
        <line num="79" count="1" type="stmt"/>
        <line num="80" count="1" type="stmt"/>
        <line num="82" count="1" type="stmt"/>
        <line num="85" count="12" type="cond" truecount="2" falsecount="0"/>
        <line num="86" count="1" type="cond" truecount="1" falsecount="1"/>
        <line num="87" count="1" type="stmt"/>
        <line num="88" count="1" type="stmt"/>
        <line num="89" count="1" type="stmt"/>
        <line num="90" count="1" type="stmt"/>
        <line num="92" count="1" type="stmt"/>
        <line num="95" count="12" type="stmt"/>
        <line num="97" count="12" type="cond" truecount="2" falsecount="0"/>
        <line num="98" count="8" type="stmt"/>
        <line num="99" count="8" type="stmt"/>
        <line num="101" count="12" type="cond" truecount="2" falsecount="0"/>
        <line num="102" count="7" type="stmt"/>
        <line num="103" count="7" type="stmt"/>
        <line num="105" count="12" type="cond" truecount="2" falsecount="0"/>
        <line num="106" count="1" type="stmt"/>
        <line num="107" count="1" type="stmt"/>
        <line num="109" count="12" type="cond" truecount="2" falsecount="0"/>
        <line num="110" count="1" type="stmt"/>
        <line num="111" count="1" type="stmt"/>
        <line num="113" count="12" type="cond" truecount="2" falsecount="0"/>
        <line num="114" count="1" type="stmt"/>
        <line num="115" count="1" type="stmt"/>
        <line num="117" count="12" type="cond" truecount="2" falsecount="0"/>
        <line num="118" count="1" type="stmt"/>
        <line num="119" count="1" type="stmt"/>
        <line num="124" count="12" type="stmt"/>
      </file>
    </package>
    <package name="src.components.stitch">
      <metrics statements="688" coveredstatements="512" conditionals="702" coveredconditionals="507" methods="293" coveredmethods="174"/>
      <file name="StitchAbout.tsx" path="/Users/macbook/FnB-Container-Caffe/src/components/stitch/StitchAbout.tsx">
        <metrics statements="51" coveredstatements="50" conditionals="49" coveredconditionals="41" methods="25" coveredmethods="24"/>
        <line num="9" count="1" type="stmt"/>
        <line num="93" count="1" type="stmt"/>
        <line num="112" count="1" type="stmt"/>
        <line num="137" count="5" type="stmt"/>
        <line num="154" count="1" type="stmt"/>
        <line num="177" count="1" type="stmt"/>
        <line num="208" count="8" type="stmt"/>
        <line num="209" count="8" type="stmt"/>
        <line num="270" count="8" type="stmt"/>
        <line num="271" count="24" type="stmt"/>
        <line num="272" count="24" type="cond" truecount="1" falsecount="1"/>
        <line num="275" count="8" type="stmt"/>
        <line num="282" count="24" type="stmt"/>
        <line num="284" count="24" type="stmt"/>
        <line num="328" count="8" type="stmt"/>
        <line num="350" count="24" type="stmt"/>
        <line num="359" count="8" type="stmt"/>
        <line num="360" count="8" type="stmt"/>
        <line num="391" count="40" type="stmt"/>
        <line num="392" count="40" type="stmt"/>
        <line num="471" count="8" type="stmt"/>
        <line num="472" count="24" type="stmt"/>
        <line num="473" count="24" type="cond" truecount="1" falsecount="1"/>
        <line num="476" count="8" type="stmt"/>
        <line num="481" count="24" type="stmt"/>
        <line num="523" count="8" type="stmt"/>
        <line num="524" count="8" type="stmt"/>
        <line num="556" count="40" type="stmt"/>
        <line num="559" count="1" type="stmt"/>
        <line num="561" count="0" type="cond" truecount="0" falsecount="4"/>
        <line num="596" count="8" type="stmt"/>
        <line num="597" count="8" type="stmt"/>
        <line num="647" count="11" type="stmt"/>
        <line num="649" count="11" type="stmt"/>
        <line num="650" count="11" type="stmt"/>
        <line num="679" count="11" type="stmt"/>
        <line num="680" count="11" type="stmt"/>
        <line num="736" count="11" type="stmt"/>
        <line num="737" count="11" type="stmt"/>
        <line num="760" count="11" type="stmt"/>
        <line num="761" count="11" type="stmt"/>
        <line num="806" count="11" type="stmt"/>
        <line num="807" count="11" type="stmt"/>
        <line num="820" count="11" type="cond" truecount="2" falsecount="0"/>
        <line num="823" count="11" type="cond" truecount="2" falsecount="0"/>
        <line num="824" count="1" type="stmt"/>
        <line num="828" count="10" type="cond" truecount="2" falsecount="0"/>
        <line num="829" count="1" type="stmt"/>
        <line num="840" count="9" type="cond" truecount="4" falsecount="0"/>
        <line num="841" count="1" type="stmt"/>
        <line num="851" count="8" type="stmt"/>
      </file>
      <file name="StitchAccountDashboard.tsx" path="/Users/macbook/FnB-Container-Caffe/src/components/stitch/StitchAccountDashboard.tsx">
        <metrics statements="31" coveredstatements="29" conditionals="24" coveredconditionals="22" methods="10" coveredmethods="8"/>
        <line num="8" count="1" type="stmt"/>
        <line num="72" count="8" type="stmt"/>
        <line num="73" count="8" type="cond" truecount="2" falsecount="2"/>
        <line num="74" count="4" type="stmt"/>
        <line num="75" count="4" type="stmt"/>
        <line num="76" count="0" type="stmt"/>
        <line num="77" count="0" type="stmt"/>
        <line num="82" count="8" type="stmt"/>
        <line num="83" count="8" type="stmt"/>
        <line num="93" count="8" type="stmt"/>
        <line num="94" count="8" type="stmt"/>
        <line num="109" count="1" type="stmt"/>
        <line num="137" count="3" type="stmt"/>
        <line num="155" count="1" type="stmt"/>
        <line num="156" count="1" type="stmt"/>
        <line num="201" count="5" type="stmt"/>
        <line num="202" count="5" type="stmt"/>
        <line num="203" count="5" type="stmt"/>
        <line num="206" count="5" type="stmt"/>
        <line num="213" count="5" type="stmt"/>
        <line num="220" count="5" type="stmt"/>
        <line num="227" count="5" type="stmt"/>
        <line num="233" count="5" type="cond" truecount="2" falsecount="0"/>
        <line num="234" count="5" type="cond" truecount="2" falsecount="0"/>
        <line num="235" count="5" type="cond" truecount="2" falsecount="0"/>
        <line num="236" count="5" type="cond" truecount="2" falsecount="0"/>
        <line num="239" count="5" type="cond" truecount="2" falsecount="0"/>
        <line num="242" count="4" type="cond" truecount="2" falsecount="0"/>
        <line num="244" count="3" type="stmt"/>
        <line num="514" count="8" type="stmt"/>
        <line num="668" count="12" type="stmt"/>
      </file>
      <file name="StitchAdminLogin.tsx" path="/Users/macbook/FnB-Container-Caffe/src/components/stitch/StitchAdminLogin.tsx">
        <metrics statements="37" coveredstatements="30" conditionals="25" coveredconditionals="22" methods="11" coveredmethods="5"/>
        <line num="10" count="1" type="stmt"/>
        <line num="43" count="19" type="stmt"/>
        <line num="44" count="19" type="stmt"/>
        <line num="45" count="19" type="stmt"/>
        <line num="46" count="19" type="stmt"/>
        <line num="47" count="19" type="stmt"/>
        <line num="48" count="19" type="stmt"/>
        <line num="50" count="19" type="cond" truecount="2" falsecount="0"/>
        <line num="51" count="19" type="cond" truecount="2" falsecount="0"/>
        <line num="53" count="19" type="stmt"/>
        <line num="54" count="3" type="stmt"/>
        <line num="55" count="3" type="cond" truecount="4" falsecount="0"/>
        <line num="56" count="1" type="stmt"/>
        <line num="57" count="1" type="stmt"/>
        <line num="59" count="2" type="stmt"/>
        <line num="60" count="2" type="stmt"/>
        <line num="61" count="2" type="stmt"/>
        <line num="62" count="2" type="cond" truecount="1" falsecount="1"/>
        <line num="63" count="2" type="stmt"/>
        <line num="66" count="0" type="stmt"/>
        <line num="67" count="0" type="stmt"/>
        <line num="70" count="1" type="stmt"/>
        <line num="71" count="1" type="stmt"/>
        <line num="76" count="19" type="cond" truecount="2" falsecount="0"/>
        <line num="77" count="3" type="stmt"/>
        <line num="91" count="16" type="cond" truecount="2" falsecount="0"/>
        <line num="92" count="2" type="stmt"/>
        <line num="101" count="0" type="stmt"/>
        <line num="113" count="14" type="stmt"/>
        <line num="157" count="2" type="stmt"/>
        <line num="179" count="2" type="stmt"/>
        <line num="186" count="2" type="stmt"/>
        <line num="233" count="0" type="stmt"/>
        <line num="266" count="0" type="stmt"/>
        <line num="267" count="0" type="stmt"/>
        <line num="268" count="0" type="stmt"/>
        <line num="278" count="1" type="stmt"/>
      </file>
      <file name="StitchAdminOrders.tsx" path="/Users/macbook/FnB-Container-Caffe/src/components/stitch/StitchAdminOrders.tsx">
        <metrics statements="35" coveredstatements="31" conditionals="51" coveredconditionals="48" methods="14" coveredmethods="10"/>
        <line num="11" count="1" type="stmt"/>
        <line num="64" count="1" type="stmt"/>
        <line num="66" count="1" type="stmt"/>
        <line num="94" count="1" type="stmt"/>
        <line num="101" count="1" type="stmt"/>
        <line num="113" count="42" type="stmt"/>
        <line num="114" count="42" type="stmt"/>
        <line num="125" count="42" type="stmt"/>
        <line num="126" count="42" type="stmt"/>
        <line num="130" count="42" type="stmt"/>
        <line num="131" count="42" type="stmt"/>
        <line num="228" count="1" type="stmt"/>
        <line num="236" count="1" type="stmt"/>
        <line num="249" count="11" type="stmt"/>
        <line num="250" count="11" type="stmt"/>
        <line num="251" count="11" type="stmt"/>
        <line num="253" count="11" type="stmt"/>
        <line num="255" count="60" type="cond" truecount="4" falsecount="0"/>
        <line num="259" count="60" type="cond" truecount="1" falsecount="1"/>
        <line num="260" count="60" type="cond" truecount="2" falsecount="0"/>
        <line num="264" count="11" type="cond" truecount="2" falsecount="0"/>
        <line num="265" count="1" type="stmt"/>
        <line num="278" count="10" type="cond" truecount="2" falsecount="0"/>
        <line num="279" count="1" type="stmt"/>
        <line num="289" count="0" type="stmt"/>
        <line num="298" count="9" type="stmt"/>
        <line num="318" count="45" type="stmt"/>
        <line num="345" count="18" type="stmt"/>
        <line num="363" count="0" type="stmt"/>
        <line num="374" count="0" type="stmt"/>
        <line num="428" count="1" type="stmt"/>
        <line num="435" count="45" type="stmt"/>
        <line num="438" count="0" type="stmt"/>
        <line num="465" count="42" type="stmt"/>
        <line num="512" count="1" type="stmt"/>
      </file>
      <file name="StitchAdminPOS.tsx" path="/Users/macbook/FnB-Container-Caffe/src/components/stitch/StitchAdminPOS.tsx">
        <metrics statements="63" coveredstatements="42" conditionals="46" coveredconditionals="30" methods="37" coveredmethods="14"/>
        <line num="11" count="1" type="stmt"/>
        <line num="72" count="1" type="stmt"/>
        <line num="74" count="1" type="stmt"/>
        <line num="89" count="1" type="stmt"/>
        <line num="98" count="22" type="stmt"/>
        <line num="99" count="22" type="stmt"/>
        <line num="100" count="10" type="stmt"/>
        <line num="101" count="10" type="stmt"/>
        <line num="104" count="22" type="stmt"/>
        <line num="105" count="10" type="stmt"/>
        <line num="106" count="10" type="stmt"/>
        <line num="107" count="10" type="stmt"/>
        <line num="110" count="22" type="stmt"/>
        <line num="124" count="32" type="stmt"/>
        <line num="141" count="0" type="stmt"/>
        <line num="151" count="0" type="stmt"/>
        <line num="160" count="0" type="stmt"/>
        <line num="173" count="36" type="stmt"/>
        <line num="199" count="14" type="stmt"/>
        <line num="200" count="14" type="stmt"/>
        <line num="201" count="14" type="stmt"/>
        <line num="202" count="14" type="stmt"/>
        <line num="203" count="14" type="stmt"/>
        <line num="204" count="14" type="stmt"/>
        <line num="206" count="14" type="stmt"/>
        <line num="207" count="168" type="cond" truecount="2" falsecount="0"/>
        <line num="208" count="168" type="stmt"/>
        <line num="209" count="168" type="cond" truecount="2" falsecount="0"/>
        <line num="212" count="32" type="cond" truecount="2" falsecount="0"/>
        <line num="214" count="14" type="stmt"/>
        <line num="215" count="0" type="stmt"/>
        <line num="216" count="0" type="stmt"/>
        <line num="217" count="0" type="cond" truecount="0" falsecount="2"/>
        <line num="218" count="0" type="cond" truecount="0" falsecount="2"/>
        <line num="220" count="0" type="stmt"/>
        <line num="224" count="14" type="stmt"/>
        <line num="225" count="0" type="stmt"/>
        <line num="226" count="0" type="stmt"/>
        <line num="227" count="0" type="cond" truecount="0" falsecount="4"/>
        <line num="228" count="0" type="stmt"/>
        <line num="230" count="0" type="cond" truecount="0" falsecount="2"/>
        <line num="234" count="14" type="stmt"/>
        <line num="235" count="14" type="stmt"/>
        <line num="236" count="14" type="stmt"/>
        <line num="239" count="14" type="cond" truecount="2" falsecount="0"/>
        <line num="240" count="1" type="stmt"/>
        <line num="253" count="13" type="cond" truecount="2" falsecount="0"/>
        <line num="254" count="1" type="stmt"/>
        <line num="262" count="0" type="stmt"/>
        <line num="271" count="12" type="stmt"/>
        <line num="310" count="1" type="stmt"/>
        <line num="318" count="72" type="stmt"/>
        <line num="321" count="1" type="stmt"/>
        <line num="349" count="32" type="stmt"/>
        <line num="353" count="0" type="stmt"/>
        <line num="354" count="0" type="stmt"/>
        <line num="368" count="36" type="stmt"/>
        <line num="380" count="0" type="stmt"/>
        <line num="385" count="0" type="stmt"/>
        <line num="424" count="0" type="stmt"/>
        <line num="435" count="0" type="stmt"/>
        <line num="443" count="0" type="stmt"/>
        <line num="541" count="1" type="stmt"/>
      </file>
      <file name="StitchCheckout.tsx" path="/Users/macbook/FnB-Container-Caffe/src/components/stitch/StitchCheckout.tsx">
        <metrics statements="59" coveredstatements="34" conditionals="61" coveredconditionals="48" methods="24" coveredmethods="10"/>
        <line num="57" count="39" type="stmt"/>
        <line num="59" count="1" type="stmt"/>
        <line num="113" count="1" type="stmt"/>
        <line num="120" count="1" type="stmt"/>
        <line num="124" count="1" type="stmt"/>
        <line num="136" count="24" type="stmt"/>
        <line num="145" count="1" type="stmt"/>
        <line num="181" count="2" type="stmt"/>
        <line num="192" count="3" type="stmt"/>
        <line num="220" count="28" type="stmt"/>
        <line num="222" count="28" type="stmt"/>
        <line num="242" count="0" type="stmt"/>
        <line num="250" count="0" type="stmt"/>
        <line num="251" count="0" type="stmt"/>
        <line num="254" count="0" type="cond" truecount="0" falsecount="2"/>
        <line num="255" count="0" type="stmt"/>
        <line num="257" count="0" type="stmt"/>
        <line num="266" count="0" type="stmt"/>
        <line num="273" count="0" type="stmt"/>
        <line num="274" count="0" type="stmt"/>
        <line num="277" count="0" type="cond" truecount="0" falsecount="2"/>
        <line num="278" count="0" type="stmt"/>
        <line num="280" count="0" type="stmt"/>
        <line num="297" count="9" type="stmt"/>
        <line num="298" count="9" type="stmt"/>
        <line num="299" count="9" type="stmt"/>
        <line num="306" count="9" type="stmt"/>
        <line num="307" count="9" type="stmt"/>
        <line num="309" count="9" type="cond" truecount="1" falsecount="1"/>
        <line num="312" count="9" type="stmt"/>
        <line num="328" count="9" type="cond" truecount="2" falsecount="0"/>
        <line num="329" count="1" type="stmt"/>
        <line num="333" count="8" type="cond" truecount="2" falsecount="0"/>
        <line num="334" count="1" type="stmt"/>
        <line num="364" count="7" type="cond" truecount="2" falsecount="0"/>
        <line num="367" count="9" type="stmt"/>
        <line num="368" count="0" type="stmt"/>
        <line num="371" count="9" type="stmt"/>
        <line num="372" count="0" type="stmt"/>
        <line num="373" count="0" type="stmt"/>
        <line num="374" count="0" type="stmt"/>
        <line num="375" count="0" type="stmt"/>
        <line num="376" count="0" type="stmt"/>
        <line num="378" count="0" type="cond" truecount="0" falsecount="2"/>
        <line num="380" count="0" type="stmt"/>
        <line num="384" count="9" type="stmt"/>
        <line num="385" count="42" type="cond" truecount="1" falsecount="1"/>
        <line num="391" count="9" type="cond" truecount="2" falsecount="0"/>
        <line num="394" count="9" type="stmt"/>
        <line num="441" count="0" type="stmt"/>
        <line num="448" count="0" type="stmt"/>
        <line num="457" count="0" type="stmt"/>
        <line num="466" count="0" type="stmt"/>
        <line num="490" count="14" type="stmt"/>
        <line num="491" count="14" type="stmt"/>
        <line num="492" count="14" type="cond" truecount="2" falsecount="0"/>
        <line num="493" count="14" type="stmt"/>
        <line num="517" count="0" type="stmt"/>
        <line num="603" count="14" type="stmt"/>
      </file>
      <file name="StitchCheckoutNew.tsx" path="/Users/macbook/FnB-Container-Caffe/src/components/stitch/StitchCheckoutNew.tsx">
        <metrics statements="49" coveredstatements="29" conditionals="59" coveredconditionals="44" methods="19" coveredmethods="5"/>
        <line num="51" count="1" type="stmt"/>
        <line num="68" count="1" type="stmt"/>
        <line num="69" count="20" type="cond" truecount="1" falsecount="1"/>
        <line num="70" count="20" type="cond" truecount="1" falsecount="1"/>
        <line num="80" count="1" type="stmt"/>
        <line num="83" count="1" type="stmt"/>
        <line num="88" count="0" type="stmt"/>
        <line num="99" count="0" type="stmt"/>
        <line num="130" count="0" type="stmt"/>
        <line num="141" count="0" type="stmt"/>
        <line num="176" count="20" type="stmt"/>
        <line num="177" count="20" type="stmt"/>
        <line num="183" count="20" type="stmt"/>
        <line num="196" count="0" type="stmt"/>
        <line num="207" count="0" type="stmt"/>
        <line num="225" count="10" type="stmt"/>
        <line num="226" count="10" type="stmt"/>
        <line num="227" count="10" type="stmt"/>
        <line num="234" count="10" type="stmt"/>
        <line num="235" count="10" type="stmt"/>
        <line num="238" count="10" type="cond" truecount="1" falsecount="1"/>
        <line num="239" count="0" type="stmt"/>
        <line num="243" count="10" type="cond" truecount="2" falsecount="0"/>
        <line num="244" count="5" type="stmt"/>
        <line num="278" count="5" type="cond" truecount="2" falsecount="0"/>
        <line num="279" count="10" type="cond" truecount="2" falsecount="0"/>
        <line num="282" count="10" type="stmt"/>
        <line num="286" count="0" type="stmt"/>
        <line num="289" count="10" type="stmt"/>
        <line num="290" count="0" type="stmt"/>
[...]
        <line num="10" count="0" type="cond" truecount="0" falsecount="2"/>
        <line num="13" count="0" type="stmt"/>
        <line num="15" count="0" type="stmt"/>
      </file>
      <file name="split-orders.ts" path="/Users/macbook/FnB-Container-Caffe/worker/src/tree/orders/split-orders.ts">
        <metrics statements="32" coveredstatements="4" conditionals="26" coveredconditionals="0" methods="3" coveredmethods="0"/>
        <line num="12" count="2" type="stmt"/>
        <line num="14" count="2" type="stmt"/>
        <line num="21" count="2" type="stmt"/>
        <line num="37" count="2" type="stmt"/>
        <line num="43" count="0" type="stmt"/>
        <line num="44" count="0" type="stmt"/>
        <line num="45" count="0" type="stmt"/>
        <line num="46" count="0" type="cond" truecount="0" falsecount="2"/>
        <line num="47" count="0" type="stmt"/>
        <line num="48" count="0" type="stmt"/>
        <line num="51" count="0" type="stmt"/>
        <line num="52" count="0" type="stmt"/>
        <line num="55" count="0" type="stmt"/>
        <line num="56" count="0" type="stmt"/>
        <line num="60" count="0" type="cond" truecount="0" falsecount="2"/>
        <line num="61" count="0" type="stmt"/>
        <line num="62" count="0" type="stmt"/>
        <line num="67" count="0" type="stmt"/>
        <line num="68" count="0" type="stmt"/>
        <line num="70" count="0" type="stmt"/>
        <line num="71" count="0" type="stmt"/>
        <line num="72" count="0" type="stmt"/>
        <line num="73" count="0" type="stmt"/>
        <line num="82" count="0" type="stmt"/>
        <line num="107" count="0" type="stmt"/>
        <line num="108" count="0" type="stmt"/>
        <line num="119" count="0" type="stmt"/>
        <line num="135" count="0" type="stmt"/>
        <line num="138" count="0" type="stmt"/>
        <line num="141" count="0" type="stmt"/>
        <line num="147" count="0" type="stmt"/>
        <line num="148" count="0" type="stmt"/>
      </file>
      <file name="stats.ts" path="/Users/macbook/FnB-Container-Caffe/worker/src/tree/orders/stats.ts">
        <metrics statements="27" coveredstatements="15" conditionals="10" coveredconditionals="4" methods="7" coveredmethods="1"/>
        <line num="9" count="2" type="stmt"/>
        <line num="12" count="1" type="stmt"/>
        <line num="13" count="1" type="stmt"/>
        <line num="14" count="1" type="stmt"/>
        <line num="15" count="1" type="stmt"/>
        <line num="17" count="1" type="stmt"/>
        <line num="23" count="1" type="stmt"/>
        <line num="29" count="1" type="stmt"/>
        <line num="38" count="1" type="stmt"/>
        <line num="39" count="1" type="stmt"/>
        <line num="40" count="0" type="stmt"/>
        <line num="41" count="0" type="stmt"/>
        <line num="42" count="0" type="stmt"/>
        <line num="43" count="0" type="cond" truecount="0" falsecount="2"/>
        <line num="44" count="0" type="cond" truecount="0" falsecount="4"/>
        <line num="49" count="1" type="stmt"/>
        <line num="50" count="0" type="stmt"/>
        <line num="51" count="0" type="stmt"/>
        <line num="54" count="1" type="stmt"/>
        <line num="55" count="1" type="stmt"/>
        <line num="57" count="1" type="stmt"/>
        <line num="65" count="1" type="stmt"/>
        <line num="71" count="0" type="stmt"/>
        <line num="72" count="0" type="stmt"/>
        <line num="75" count="0" type="stmt"/>
        <line num="82" count="0" type="stmt"/>
        <line num="83" count="0" type="stmt"/>
      </file>
      <file name="telegram.ts" path="/Users/macbook/FnB-Container-Caffe/worker/src/tree/orders/telegram.ts">
        <metrics statements="15" coveredstatements="8" conditionals="17" coveredconditionals="2" methods="4" coveredmethods="1"/>
        <line num="8" count="2" type="stmt"/>
        <line num="11" count="2" type="cond" truecount="2" falsecount="2"/>
        <line num="12" count="2" type="stmt"/>
        <line num="14" count="0" type="stmt"/>
        <line num="15" count="0" type="cond" truecount="0" falsecount="2"/>
        <line num="16" count="0" type="cond" truecount="0" falsecount="3"/>
        <line num="18" count="2" type="stmt"/>
        <line num="19" count="2" type="cond" truecount="0" falsecount="2"/>
        <line num="20" count="2" type="stmt"/>
        <line num="32" count="2" type="stmt"/>
        <line num="33" count="2" type="stmt"/>
        <line num="43" count="0" type="cond" truecount="0" falsecount="2"/>
        <line num="44" count="0" type="stmt"/>
        <line num="45" count="0" type="stmt"/>
        <line num="48" count="0" type="stmt"/>
      </file>
      <file name="update-order.ts" path="/Users/macbook/FnB-Container-Caffe/worker/src/tree/orders/update-order.ts">
        <metrics statements="86" coveredstatements="31" conditionals="56" coveredconditionals="22" methods="3" coveredmethods="1"/>
        <line num="12" count="2" type="stmt"/>
        <line num="14" count="2" type="stmt"/>
        <line num="26" count="3" type="stmt"/>
        <line num="27" count="3" type="stmt"/>
        <line num="28" count="3" type="stmt"/>
        <line num="30" count="3" type="stmt"/>
        <line num="34" count="3" type="cond" truecount="4" falsecount="0"/>
        <line num="35" count="1" type="stmt"/>
        <line num="38" count="2" type="cond" truecount="1" falsecount="1"/>
        <line num="39" count="2" type="stmt"/>
        <line num="40" count="2" type="cond" truecount="1" falsecount="1"/>
        <line num="41" count="2" type="cond" truecount="4" falsecount="0"/>
        <line num="42" count="1" type="stmt"/>
        <line num="49" count="1" type="stmt"/>
        <line num="50" count="1" type="stmt"/>
        <line num="51" count="1" type="stmt"/>
        <line num="53" count="1" type="stmt"/>
        <line num="54" count="4" type="cond" truecount="2" falsecount="0"/>
        <line num="55" count="1" type="stmt"/>
        <line num="56" count="1" type="stmt"/>
        <line num="60" count="1" type="stmt"/>
        <line num="62" count="1" type="cond" truecount="1" falsecount="1"/>
        <line num="63" count="0" type="stmt"/>
        <line num="66" count="1" type="stmt"/>
        <line num="67" count="1" type="stmt"/>
        <line num="68" count="1" type="stmt"/>
        <line num="71" count="1" type="cond" truecount="3" falsecount="1"/>
        <line num="72" count="0" type="stmt"/>
        <line num="73" count="0" type="stmt"/>
        <line num="80" count="1" type="cond" truecount="1" falsecount="1"/>
        <line num="81" count="0" type="stmt"/>
        <line num="84" count="0" type="cond" truecount="0" falsecount="2"/>
        <line num="85" count="0" type="stmt"/>
        <line num="86" count="0" type="stmt"/>
        <line num="87" count="0" type="stmt"/>
        <line num="89" count="0" type="stmt"/>
        <line num="94" count="1" type="cond" truecount="1" falsecount="1"/>
        <line num="95" count="0" type="stmt"/>
        <line num="103" count="0" type="cond" truecount="0" falsecount="2"/>
        <line num="104" count="0" type="stmt"/>
        <line num="108" count="0" type="cond" truecount="0" falsecount="2"/>
        <line num="109" count="0" type="stmt"/>
        <line num="110" count="0" type="stmt"/>
        <line num="115" count="1" type="cond" truecount="1" falsecount="1"/>
        <line num="116" count="0" type="stmt"/>
        <line num="117" count="0" type="stmt"/>
        <line num="120" count="1" type="cond" truecount="1" falsecount="1"/>
        <line num="121" count="0" type="stmt"/>
        <line num="125" count="0" type="cond" truecount="0" falsecount="2"/>
        <line num="126" count="0" type="stmt"/>
        <line num="127" count="0" type="stmt"/>
        <line num="130" count="0" type="stmt"/>
        <line num="131" count="0" type="stmt"/>
        <line num="135" count="0" type="cond" truecount="0" falsecount="4"/>
        <line num="136" count="0" type="stmt"/>
        <line num="140" count="0" type="cond" truecount="0" falsecount="2"/>
        <line num="141" count="0" type="stmt"/>
        <line num="142" count="0" type="stmt"/>
        <line num="145" count="0" type="cond" truecount="0" falsecount="2"/>
        <line num="146" count="0" type="stmt"/>
        <line num="151" count="0" type="stmt"/>
        <line num="155" count="0" type="cond" truecount="0" falsecount="2"/>
        <line num="156" count="0" type="stmt"/>
        <line num="157" count="0" type="stmt"/>
        <line num="158" count="0" type="stmt"/>
        <line num="159" count="0" type="stmt"/>
        <line num="160" count="0" type="cond" truecount="0" falsecount="2"/>
        <line num="161" count="0" type="stmt"/>
        <line num="162" count="0" type="stmt"/>
        <line num="165" count="0" type="stmt"/>
        <line num="169" count="0" type="cond" truecount="0" falsecount="2"/>
        <line num="170" count="0" type="stmt"/>
        <line num="171" count="0" type="stmt"/>
        <line num="174" count="0" type="stmt"/>
        <line num="175" count="0" type="stmt"/>
        <line num="177" count="0" type="stmt"/>
        <line num="178" count="0" type="cond" truecount="0" falsecount="2"/>
        <line num="179" count="0" type="stmt"/>
        <line num="180" count="0" type="stmt"/>
        <line num="183" count="0" type="stmt"/>
        <line num="185" count="0" type="stmt"/>
        <line num="194" count="0" type="stmt"/>
        <line num="196" count="0" type="stmt"/>
        <line num="202" count="1" type="stmt"/>
        <line num="207" count="0" type="stmt"/>
        <line num="208" count="0" type="stmt"/>
      </file>
    </package>
    <package name="worker.src.tree.pretix">
      <metrics statements="12" coveredstatements="11" conditionals="8" coveredconditionals="6" methods="3" coveredmethods="3"/>
      <file name="client-factory.ts" path="/Users/macbook/FnB-Container-Caffe/worker/src/tree/pretix/client-factory.ts">
        <metrics statements="2" coveredstatements="2" conditionals="4" coveredconditionals="3" methods="1" coveredmethods="1"/>
        <line num="5" count="11" type="cond" truecount="3" falsecount="1"/>
        <line num="6" count="11" type="stmt"/>
      </file>
      <file name="hmac-validator.ts" path="/Users/macbook/FnB-Container-Caffe/worker/src/tree/pretix/hmac-validator.ts">
        <metrics statements="10" coveredstatements="9" conditionals="4" coveredconditionals="3" methods="2" coveredmethods="2"/>
        <line num="2" count="6" type="cond" truecount="1" falsecount="1"/>
        <line num="3" count="6" type="cond" truecount="2" falsecount="0"/>
        <line num="5" count="5" type="stmt"/>
        <line num="6" count="5" type="stmt"/>
        <line num="7" count="5" type="stmt"/>
        <line num="8" count="5" type="stmt"/>
        <line num="9" count="5" type="stmt"/>
        <line num="10" count="160" type="stmt"/>
        <line num="11" count="5" type="stmt"/>
        <line num="13" count="0" type="stmt"/>
      </file>
    </package>
    <package name="worker.src.tree.referrals">
      <metrics statements="77" coveredstatements="0" conditionals="42" coveredconditionals="0" methods="8" coveredmethods="0"/>
      <file name="apply-referral.ts" path="/Users/macbook/FnB-Container-Caffe/worker/src/tree/referrals/apply-referral.ts">
        <metrics statements="17" coveredstatements="0" conditionals="12" coveredconditionals="0" methods="2" coveredmethods="0"/>
        <line num="5" count="0" type="stmt"/>
        <line num="9" count="0" type="cond" truecount="0" falsecount="2"/>
        <line num="11" count="0" type="stmt"/>
        <line num="12" count="0" type="stmt"/>
        <line num="13" count="0" type="cond" truecount="0" falsecount="2"/>
        <line num="14" count="0" type="cond" truecount="0" falsecount="2"/>
        <line num="16" count="0" type="stmt"/>
        <line num="17" count="0" type="cond" truecount="0" falsecount="2"/>
        <line num="18" count="0" type="cond" truecount="0" falsecount="2"/>
        <line num="20" count="0" type="stmt"/>
        <line num="21" count="0" type="cond" truecount="0" falsecount="2"/>
        <line num="23" count="0" type="stmt"/>
        <line num="24" count="0" type="stmt"/>
        <line num="25" count="0" type="stmt"/>
        <line num="27" count="0" type="stmt"/>
        <line num="32" count="0" type="stmt"/>
        <line num="33" count="0" type="stmt"/>
      </file>
      <file name="process-referral.ts" path="/Users/macbook/FnB-Container-Caffe/worker/src/tree/referrals/process-referral.ts">
        <metrics statements="14" coveredstatements="0" conditionals="10" coveredconditionals="0" methods="2" coveredmethods="0"/>
        <line num="5" count="0" type="stmt"/>
        <line num="9" count="0" type="stmt"/>
        <line num="10" count="0" type="cond" truecount="0" falsecount="2"/>
        <line num="12" count="0" type="stmt"/>
        <line num="13" count="0" type="cond" truecount="0" falsecount="2"/>
        <line num="15" count="0" type="cond" truecount="0" falsecount="2"/>
        <line num="16" count="0" type="stmt"/>
        <line num="17" count="0" type="cond" truecount="0" falsecount="2"/>
        <line num="18" count="0" type="cond" truecount="0" falsecount="2"/>
        <line num="20" count="0" type="stmt"/>
        <line num="21" count="0" type="stmt"/>
        <line num="25" count="0" type="stmt"/>
        <line num="26" count="0" type="stmt"/>
        <line num="28" count="0" type="stmt"/>
      </file>
      <file name="referral-cashback.ts" path="/Users/macbook/FnB-Container-Caffe/worker/src/tree/referrals/referral-cashback.ts">
        <metrics statements="25" coveredstatements="0" conditionals="12" coveredconditionals="0" methods="2" coveredmethods="0"/>
        <line num="5" count="0" type="stmt"/>
        <line num="9" count="0" type="stmt"/>
        <line num="10" count="0" type="stmt"/>
        <line num="12" count="0" type="cond" truecount="0" falsecount="2"/>
        <line num="13" count="0" type="stmt"/>
        <line num="16" count="0" type="stmt"/>
        <line num="17" count="0" type="cond" truecount="0" falsecount="2"/>
        <line num="19" count="0" type="cond" truecount="0" falsecount="2"/>
        <line num="21" count="0" type="stmt"/>
        <line num="22" count="0" type="cond" truecount="0" falsecount="2"/>
        <line num="24" count="0" type="stmt"/>
        <line num="25" count="0" type="stmt"/>
        <line num="26" count="0" type="stmt"/>
        <line num="28" count="0" type="cond" truecount="0" falsecount="2"/>
        <line num="29" count="0" type="stmt"/>
        <line num="30" count="0" type="stmt"/>
        <line num="31" count="0" type="stmt"/>
        <line num="34" count="0" type="cond" truecount="0" falsecount="2"/>
        <line num="35" count="0" type="stmt"/>
        <line num="37" count="0" type="stmt"/>
        <line num="38" count="0" type="stmt"/>
        <line num="42" count="0" type="stmt"/>
        <line num="45" count="0" type="stmt"/>
        <line num="50" count="0" type="stmt"/>
        <line num="52" count="0" type="stmt"/>
      </file>
      <file name="reverse-cashback.ts" path="/Users/macbook/FnB-Container-Caffe/worker/src/tree/referrals/reverse-cashback.ts">
        <metrics statements="21" coveredstatements="0" conditionals="8" coveredconditionals="0" methods="2" coveredmethods="0"/>
        <line num="5" count="0" type="stmt"/>
        <line num="9" count="0" type="stmt"/>
        <line num="10" count="0" type="cond" truecount="0" falsecount="4"/>
        <line num="11" count="0" type="stmt"/>
        <line num="14" count="0" type="stmt"/>
        <line num="15" count="0" type="stmt"/>
        <line num="16" count="0" type="stmt"/>
        <line num="18" count="0" type="stmt"/>
        <line num="19" count="0" type="stmt"/>
        <line num="21" count="0" type="cond" truecount="0" falsecount="2"/>
        <line num="22" count="0" type="stmt"/>
        <line num="23" count="0" type="stmt"/>
        <line num="24" count="0" type="stmt"/>
        <line num="27" count="0" type="cond" truecount="0" falsecount="2"/>
        <line num="28" count="0" type="stmt"/>
        <line num="30" count="0" type="stmt"/>
        <line num="31" count="0" type="stmt"/>
        <line num="35" count="0" type="stmt"/>
        <line num="36" count="0" type="stmt"/>
        <line num="40" count="0" type="stmt"/>
        <line num="41" count="0" type="stmt"/>
      </file>
    </package>
    <package name="worker.src.tree.zalo">
      <metrics statements="36" coveredstatements="14" conditionals="58" coveredconditionals="13" methods="4" coveredmethods="2"/>
      <file name="notify-member.ts" path="/Users/macbook/FnB-Container-Caffe/worker/src/tree/zalo/notify-member.ts">
        <metrics statements="10" coveredstatements="7" conditionals="10" coveredconditionals="8" methods="1" coveredmethods="1"/>
        <line num="17" count="3" type="stmt"/>
        <line num="18" count="3" type="cond" truecount="2" falsecount="0"/>
        <line num="19" count="2" type="stmt"/>
        <line num="20" count="2" type="stmt"/>
        <line num="28" count="3" type="cond" truecount="2" falsecount="0"/>
        <line num="30" count="1" type="cond" truecount="2" falsecount="0"/>
        <line num="31" count="3" type="cond" truecount="2" falsecount="0"/>
        <line num="33" count="0" type="stmt"/>
        <line num="39" count="0" type="cond" truecount="0" falsecount="2"/>
        <line num="40" count="0" type="stmt"/>
      </file>
      <file name="zns-sender.ts" path="/Users/macbook/FnB-Container-Caffe/worker/src/tree/zalo/zns-sender.ts">
        <metrics statements="19" coveredstatements="6" conditionals="14" coveredconditionals="5" methods="2" coveredmethods="1"/>
        <line num="5" count="2" type="stmt"/>
        <line num="8" count="0" type="cond" truecount="0" falsecount="2"/>
        <line num="16" count="4" type="cond" truecount="2" falsecount="0"/>
        <line num="17" count="1" type="stmt"/>
        <line num="20" count="3" type="stmt"/>
        <line num="21" count="3" type="cond" truecount="3" falsecount="1"/>
        <line num="22" count="3" type="stmt"/>
        <line num="25" count="0" type="stmt"/>
        <line num="26" count="0" type="stmt"/>
        <line num="27" count="0" type="stmt"/>
        <line num="29" count="0" type="stmt"/>
        <line num="30" count="0" type="stmt"/>
        <line num="44" count="0" type="stmt"/>
        <line num="45" count="0" type="cond" truecount="0" falsecount="2"/>
        <line num="47" count="0" type="cond" truecount="0" falsecount="2"/>
        <line num="51" count="0" type="cond" truecount="0" falsecount="2"/>
        <line num="52" count="0" type="stmt"/>
        <line num="53" count="0" type="stmt"/>
        <line num="67" count="0" type="stmt"/>
      </file>
      <file name="zns-templates.ts" path="/Users/macbook/FnB-Container-Caffe/worker/src/tree/zalo/zns-templates.ts">
        <metrics statements="7" coveredstatements="1" conditionals="34" coveredconditionals="0" methods="1" coveredmethods="0"/>
        <line num="3" count="2" type="stmt"/>
        <line num="12" count="0" type="cond" truecount="0" falsecount="5"/>
        <line num="14" count="0" type="stmt"/>
        <line num="21" count="0" type="stmt"/>
        <line num="28" count="0" type="stmt"/>
        <line num="34" count="0" type="stmt"/>
        <line num="40" count="0" type="stmt"/>
      </file>
    </package>
    <package name="worker.src.utils">
      <metrics statements="0" coveredstatements="0" conditionals="0" coveredconditionals="0" methods="0" coveredmethods="0"/>
      <file name="logger.ts" path="/Users/macbook/FnB-Container-Caffe/worker/src/utils/logger.ts">
        <metrics statements="0" coveredstatements="0" conditionals="0" coveredconditionals="0" methods="0" coveredmethods="0"/>
      </file>
    </package>
  </project>
</coverage>
