<?xml version="1.0" encoding="UTF-8"?>
<coverage generated="1783096874700" clover="3.2.0">
  <project timestamp="1783096874700" name="All files">
    <metrics statements="6130" coveredstatements="4252" conditionals="4965" coveredconditionals="2992" methods="1190" coveredmethods="812" elements="12285" coveredelements="8056" complexity="0" loc="6130" ncloc="6130" packages="43" files="221" classes="221"/>
    <package name="src">
      <metrics statements="10" coveredstatements="9" conditionals="7" coveredconditionals="4" methods="5" coveredmethods="5"/>
      <file name="test-utils.tsx" path="/Users/macbook/FnB-Container-Caffe/src/test-utils.tsx">
        <metrics statements="10" coveredstatements="9" conditionals="7" coveredconditionals="4" methods="5" coveredmethods="5"/>
        <line num="12" count="393" type="stmt"/>
        <line num="21" count="393" type="stmt"/>
        <line num="23" count="393" type="stmt"/>
        <line num="33" count="379" type="stmt"/>
        <line num="40" count="9" type="stmt"/>
        <line num="47" count="7" type="cond" truecount="1" falsecount="1"/>
        <line num="48" count="7" type="cond" truecount="1" falsecount="1"/>
        <line num="49" count="7" type="cond" truecount="1" falsecount="1"/>
        <line num="50" count="7" type="stmt"/>
        <line num="52" count="0" type="stmt"/>
      </file>
    </package>
    <package name="src.components.about">
      <metrics statements="2" coveredstatements="2" conditionals="2" coveredconditionals="2" methods="2" coveredmethods="2"/>
      <file name="StoryTimeline.tsx" path="/Users/macbook/FnB-Container-Caffe/src/components/about/StoryTimeline.tsx">
        <metrics statements="2" coveredstatements="2" conditionals="2" coveredconditionals="2" methods="2" coveredmethods="2"/>
        <line num="15" count="4" type="stmt"/>
        <line num="32" count="20" type="stmt"/>
      </file>
    </package>
    <package name="src.components.admin">
      <metrics statements="120" coveredstatements="87" conditionals="162" coveredconditionals="78" methods="60" coveredmethods="46"/>
      <file name="OrderTable.tsx" path="/Users/macbook/FnB-Container-Caffe/src/components/admin/OrderTable.tsx">
        <metrics statements="47" coveredstatements="23" conditionals="80" coveredconditionals="24" methods="16" coveredmethods="7"/>
        <line num="19" count="1" type="stmt"/>
        <line num="29" count="1" type="stmt"/>
        <line num="47" count="7" type="stmt"/>
        <line num="48" count="7" type="stmt"/>
        <line num="50" count="7" type="stmt"/>
        <line num="51" count="7" type="stmt"/>
        <line num="53" count="7" type="cond" truecount="2" falsecount="0"/>
        <line num="54" count="3" type="stmt"/>
        <line num="57" count="7" type="cond" truecount="2" falsecount="0"/>
        <line num="58" count="3" type="stmt"/>
        <line num="61" count="7" type="cond" truecount="2" falsecount="0"/>
        <line num="62" count="1" type="stmt"/>
        <line num="63" count="1" type="stmt"/>
        <line num="65" count="3" type="cond" truecount="2" falsecount="0"/>
        <line num="70" count="7" type="cond" truecount="1" falsecount="1"/>
        <line num="71" count="7" type="stmt"/>
        <line num="73" count="9" type="stmt"/>
        <line num="75" count="0" type="cond" truecount="0" falsecount="2"/>
        <line num="76" count="0" type="stmt"/>
        <line num="79" count="7" type="stmt"/>
        <line num="82" count="7" type="stmt"/>
        <line num="83" count="0" type="cond" truecount="0" falsecount="2"/>
        <line num="84" count="0" type="stmt"/>
        <line num="85" count="0" type="stmt"/>
        <line num="86" count="0" type="stmt"/>
        <line num="88" count="0" type="stmt"/>
        <line num="92" count="7" type="cond" truecount="2" falsecount="0"/>
        <line num="93" count="1" type="stmt"/>
        <line num="101" count="6" type="stmt"/>
        <line num="107" count="0" type="stmt"/>
        <line num="128" count="12" type="stmt"/>
        <line num="150" count="0" type="stmt"/>
        <line num="187" count="0" type="stmt"/>
        <line num="189" count="0" type="cond" truecount="0" falsecount="4"/>
        <line num="190" count="0" type="stmt"/>
        <line num="193" count="0" type="stmt"/>
        <line num="196" count="0" type="stmt"/>
        <line num="198" count="0" type="stmt"/>
        <line num="224" count="0" type="stmt"/>
        <line num="225" count="0" type="cond" truecount="0" falsecount="2"/>
        <line num="226" count="0" type="cond" truecount="0" falsecount="2"/>
        <line num="229" count="0" type="cond" truecount="0" falsecount="4"/>
        <line num="230" count="0" type="stmt"/>
        <line num="233" count="0" type="stmt"/>
        <line num="236" count="0" type="stmt"/>
        <line num="237" count="0" type="cond" truecount="0" falsecount="2"/>
        <line num="238" count="0" type="stmt"/>
      </file>
      <file name="StatsCard.tsx" path="/Users/macbook/FnB-Container-Caffe/src/components/admin/StatsCard.tsx">
        <metrics statements="2" coveredstatements="2" conditionals="10" coveredconditionals="4" methods="1" coveredmethods="1"/>
        <line num="18" count="5" type="cond" truecount="2" falsecount="0"/>
        <line num="22" count="5" type="stmt"/>
      </file>
      <file name="metric-cards.tsx" path="/Users/macbook/FnB-Container-Caffe/src/components/admin/metric-cards.tsx">
        <metrics statements="14" coveredstatements="14" conditionals="18" coveredconditionals="18" methods="6" coveredmethods="6"/>
        <line num="12" count="70" type="stmt"/>
        <line num="13" count="70" type="stmt"/>
        <line num="15" count="19" type="cond" truecount="4" falsecount="0"/>
        <line num="17" count="14" type="cond" truecount="2" falsecount="0"/>
        <line num="18" count="19" type="cond" truecount="2" falsecount="0"/>
        <line num="19" count="19" type="cond" truecount="2" falsecount="0"/>
        <line num="20" count="19" type="cond" truecount="2" falsecount="0"/>
        <line num="21" count="19" type="cond" truecount="2" falsecount="0"/>
        <line num="24" count="19" type="cond" truecount="2" falsecount="0"/>
        <line num="25" count="19" type="cond" truecount="2" falsecount="0"/>
        <line num="27" count="19" type="stmt"/>
        <line num="38" count="56" type="stmt"/>
        <line num="52" count="5" type="stmt"/>
        <line num="55" count="20" type="stmt"/>
      </file>
      <file name="performance-section.tsx" path="/Users/macbook/FnB-Container-Caffe/src/components/admin/performance-section.tsx">
        <metrics statements="42" coveredstatements="34" conditionals="44" coveredconditionals="22" methods="26" coveredmethods="22"/>
        <line num="13" count="1" type="stmt"/>
        <line num="21" count="1" type="stmt"/>
        <line num="32" count="83" type="stmt"/>
        <line num="33" count="83" type="stmt"/>
        <line num="35" count="19" type="stmt"/>
        <line num="36" count="7" type="stmt"/>
        <line num="37" count="7" type="stmt"/>
        <line num="40" count="19" type="stmt"/>
        <line num="52" count="86" type="stmt"/>
        <line num="53" count="86" type="stmt"/>
        <line num="54" count="86" type="stmt"/>
        <line num="55" count="86" type="stmt"/>
        <line num="57" count="20" type="cond" truecount="4" falsecount="0"/>
        <line num="58" count="19" type="cond" truecount="2" falsecount="0"/>
        <line num="60" count="17" type="cond" truecount="1" falsecount="1"/>
        <line num="61" count="20" type="cond" truecount="2" falsecount="0"/>
        <line num="63" count="0" type="cond" truecount="0" falsecount="2"/>
        <line num="65" count="20" type="stmt"/>
        <line num="70" count="0" type="stmt"/>
        <line num="98" count="0" type="stmt"/>
        <line num="99" count="0" type="cond" truecount="0" falsecount="2"/>
        <line num="100" count="0" type="cond" truecount="0" falsecount="2"/>
        <line num="101" count="0" type="cond" truecount="0" falsecount="2"/>
        <line num="103" count="0" type="stmt"/>
        <line num="166" count="86" type="stmt"/>
        <line num="167" count="86" type="stmt"/>
        <line num="168" count="86" type="stmt"/>
        <line num="169" count="86" type="stmt"/>
        <line num="171" count="20" type="cond" truecount="4" falsecount="0"/>
        <line num="172" count="19" type="cond" truecount="2" falsecount="0"/>
        <line num="173" count="17" type="cond" truecount="2" falsecount="0"/>
        <line num="175" count="16" type="cond" truecount="2" falsecount="0"/>
        <line num="177" count="20" type="stmt"/>
        <line num="197" count="0" type="stmt"/>
        <line num="217" count="48" type="stmt"/>
        <line num="231" count="4" type="stmt"/>
        <line num="248" count="18" type="stmt"/>
        <line num="257" count="1" type="stmt"/>
        <line num="262" count="4" type="stmt"/>
        <line num="274" count="1" type="stmt"/>
        <line num="279" count="3" type="stmt"/>
        <line num="287" count="5" type="stmt"/>
      </file>
      <file name="range-selector.tsx" path="/Users/macbook/FnB-Container-Caffe/src/components/admin/range-selector.tsx">
        <metrics statements="6" coveredstatements="5" conditionals="2" coveredconditionals="2" methods="5" coveredmethods="4"/>
        <line num="8" count="1" type="stmt"/>
        <line num="15" count="70" type="stmt"/>
        <line num="16" count="70" type="stmt"/>
        <line num="18" count="19" type="stmt"/>
        <line num="21" count="57" type="stmt"/>
        <line num="25" count="0" type="stmt"/>
      </file>
      <file name="request-chart.tsx" path="/Users/macbook/FnB-Container-Caffe/src/components/admin/request-chart.tsx">
        <metrics statements="9" coveredstatements="9" conditionals="8" coveredconditionals="8" methods="6" coveredmethods="6"/>
        <line num="11" count="70" type="stmt"/>
        <line num="12" count="70" type="stmt"/>
        <line num="14" count="19" type="cond" truecount="4" falsecount="0"/>
        <line num="15" count="5" type="stmt"/>
        <line num="19" count="25" type="stmt"/>
        <line num="25" count="14" type="cond" truecount="2" falsecount="0"/>
        <line num="26" count="19" type="stmt"/>
        <line num="28" count="19" type="stmt"/>
        <line num="36" count="18" type="stmt"/>
      </file>
    </package>
    <package name="src.components.auth">
      <metrics statements="62" coveredstatements="62" conditionals="58" coveredconditionals="49" methods="19" coveredmethods="19"/>
      <file name="AuthProvider.tsx" path="/Users/macbook/FnB-Container-Caffe/src/components/auth/AuthProvider.tsx">
        <metrics statements="6" coveredstatements="6" conditionals="2" coveredconditionals="2" methods="4" coveredmethods="4"/>
        <line num="14" count="1187" type="stmt"/>
        <line num="15" count="1187" type="stmt"/>
        <line num="17" count="398" type="stmt"/>
        <line num="18" count="393" type="cond" truecount="2" falsecount="0"/>
        <line num="19" count="9" type="stmt"/>
        <line num="23" count="398" type="stmt"/>
      </file>
      <file name="LoginForm.tsx" path="/Users/macbook/FnB-Container-Caffe/src/components/auth/LoginForm.tsx">
        <metrics statements="21" coveredstatements="21" conditionals="20" coveredconditionals="17" methods="5" coveredmethods="5"/>
        <line num="12" count="10" type="stmt"/>
        <line num="13" count="10" type="stmt"/>
        <line num="14" count="10" type="stmt"/>
        <line num="16" count="10" type="stmt"/>
        <line num="17" count="10" type="stmt"/>
        <line num="20" count="2" type="stmt"/>
        <line num="21" count="2" type="cond" truecount="2" falsecount="0"/>
        <line num="22" count="1" type="cond" truecount="1" falsecount="1"/>
        <line num="23" count="2" type="cond" truecount="2" falsecount="0"/>
        <line num="24" count="1" type="cond" truecount="1" falsecount="1"/>
        <line num="25" count="2" type="stmt"/>
        <line num="26" count="2" type="stmt"/>
        <line num="30" count="2" type="stmt"/>
        <line num="31" count="2" type="stmt"/>
        <line num="32" count="2" type="cond" truecount="2" falsecount="0"/>
        <line num="33" count="1" type="stmt"/>
        <line num="35" count="1" type="stmt"/>
        <line num="36" count="1" type="cond" truecount="1" falsecount="1"/>
        <line num="39" count="10" type="stmt"/>
        <line num="58" count="1" type="stmt"/>
        <line num="74" count="1" type="stmt"/>
      </file>
      <file name="ProtectedRoute.tsx" path="/Users/macbook/FnB-Container-Caffe/src/components/auth/ProtectedRoute.tsx">
        <metrics statements="4" coveredstatements="4" conditionals="2" coveredconditionals="2" methods="2" coveredmethods="2"/>
        <line num="10" count="4" type="stmt"/>
        <line num="12" count="4" type="cond" truecount="2" falsecount="0"/>
        <line num="13" count="2" type="stmt"/>
        <line num="16" count="2" type="stmt"/>
      </file>
      <file name="RegisterForm.tsx" path="/Users/macbook/FnB-Container-Caffe/src/components/auth/RegisterForm.tsx">
        <metrics statements="31" coveredstatements="31" conditionals="34" coveredconditionals="28" methods="8" coveredmethods="8"/>
        <line num="12" count="13" type="stmt"/>
        <line num="13" count="13" type="stmt"/>
        <line num="14" count="13" type="stmt"/>
        <line num="15" count="13" type="stmt"/>
        <line num="16" count="13" type="stmt"/>
        <line num="17" count="13" type="stmt"/>
        <line num="19" count="13" type="stmt"/>
        <line num="20" count="13" type="stmt"/>
        <line num="23" count="2" type="stmt"/>
        <line num="24" count="2" type="cond" truecount="2" falsecount="0"/>
        <line num="25" count="2" type="cond" truecount="2" falsecount="0"/>
        <line num="26" count="1" type="cond" truecount="1" falsecount="1"/>
        <line num="27" count="2" type="cond" truecount="2" falsecount="0"/>
        <line num="28" count="1" type="cond" truecount="1" falsecount="1"/>
        <line num="29" count="2" type="cond" truecount="2" falsecount="0"/>
        <line num="30" count="1" type="cond" truecount="1" falsecount="1"/>
        <line num="31" count="2" type="cond" truecount="1" falsecount="1"/>
        <line num="32" count="2" type="stmt"/>
        <line num="33" count="2" type="stmt"/>
        <line num="37" count="2" type="stmt"/>
        <line num="38" count="2" type="stmt"/>
        <line num="39" count="2" type="cond" truecount="2" falsecount="0"/>
        <line num="40" count="1" type="stmt"/>
        <line num="41" count="1" type="stmt"/>
        <line num="42" count="1" type="cond" truecount="1" falsecount="1"/>
        <line num="45" count="13" type="stmt"/>
        <line num="64" count="1" type="stmt"/>
        <line num="80" count="1" type="stmt"/>
        <line num="96" count="1" type="stmt"/>
        <line num="112" count="1" type="stmt"/>
        <line num="128" count="1" type="stmt"/>
      </file>
    </package>
    <package name="src.components.brand">
      <metrics statements="34" coveredstatements="28" conditionals="26" coveredconditionals="15" methods="14" coveredmethods="13"/>
      <file name="ColorPalette.tsx" path="/Users/macbook/FnB-Container-Caffe/src/components/brand/ColorPalette.tsx">
        <metrics statements="20" coveredstatements="20" conditionals="8" coveredconditionals="6" methods="9" coveredmethods="8"/>
        <line num="19" count="4" type="stmt"/>
        <line num="21" count="4" type="stmt"/>
        <line num="22" count="1" type="stmt"/>
        <line num="23" count="1" type="stmt"/>
        <line num="24" count="1" type="stmt"/>
        <line num="25" count="1" type="stmt"/>
        <line num="31" count="4" type="cond" truecount="2" falsecount="0"/>
        <line num="32" count="1" type="stmt"/>
        <line num="33" count="3" type="cond" truecount="1" falsecount="1"/>
        <line num="34" count="3" type="cond" truecount="2" falsecount="0"/>
        <line num="35" count="3" type="stmt"/>
        <line num="36" count="3" type="stmt"/>
        <line num="39" count="1" type="stmt"/>
        <line num="42" count="2" type="stmt"/>
        <line num="48" count="3" type="stmt"/>
        <line num="62" count="3" type="stmt"/>
        <line num="65" count="9" type="stmt"/>
        <line num="83" count="12" type="stmt"/>
        <line num="85" count="12" type="stmt"/>
        <line num="88" count="1" type="stmt"/>
      </file>
      <file name="TypographyShowcase.tsx" path="/Users/macbook/FnB-Container-Caffe/src/components/brand/TypographyShowcase.tsx">
        <metrics statements="14" coveredstatements="8" conditionals="18" coveredconditionals="9" methods="5" coveredmethods="5"/>
        <line num="15" count="24" type="cond" truecount="2" falsecount="0"/>
        <line num="16" count="16" type="cond" truecount="1" falsecount="1"/>
        <line num="17" count="0" type="cond" truecount="0" falsecount="2"/>
        <line num="18" count="0" type="cond" truecount="0" falsecount="2"/>
        <line num="19" count="0" type="stmt"/>
        <line num="23" count="12" type="cond" truecount="2" falsecount="0"/>
        <line num="24" count="8" type="cond" truecount="1" falsecount="1"/>
        <line num="25" count="0" type="cond" truecount="0" falsecount="2"/>
        <line num="26" count="0" type="stmt"/>
        <line num="30" count="12" type="cond" truecount="2" falsecount="0"/>
        <line num="31" count="8" type="cond" truecount="1" falsecount="1"/>
        <line num="32" count="0" type="stmt"/>
        <line num="36" count="4" type="stmt"/>
        <line num="39" count="12" type="stmt"/>
      </file>
    </package>
    <package name="src.components.checkin">
      <metrics statements="35" coveredstatements="25" conditionals="28" coveredconditionals="18" methods="9" coveredmethods="6"/>
      <file name="ApprovalStatus.tsx" path="/Users/macbook/FnB-Container-Caffe/src/components/checkin/ApprovalStatus.tsx">
        <metrics statements="1" coveredstatements="1" conditionals="8" coveredconditionals="8" methods="1" coveredmethods="1"/>
        <line num="11" count="3" type="stmt"/>
      </file>
      <file name="CheckinForm.tsx" path="/Users/macbook/FnB-Container-Caffe/src/components/checkin/CheckinForm.tsx">
        <metrics statements="20" coveredstatements="14" conditionals="14" coveredconditionals="8" methods="3" coveredmethods="3"/>
        <line num="12" count="1" type="stmt"/>
        <line num="15" count="6" type="stmt"/>
        <line num="16" count="6" type="stmt"/>
        <line num="17" count="6" type="stmt"/>
        <line num="19" count="6" type="stmt"/>
        <line num="20" count="1" type="stmt"/>
        <line num="21" count="1" type="stmt"/>
        <line num="23" count="1" type="stmt"/>
        <line num="24" count="1" type="cond" truecount="1" falsecount="1"/>
        <line num="25" count="1" type="stmt"/>
        <line num="26" count="1" type="stmt"/>
        <line num="29" count="0" type="cond" truecount="0" falsecount="2"/>
        <line num="30" count="0" type="stmt"/>
        <line num="31" count="0" type="stmt"/>
        <line num="32" count="0" type="stmt"/>
        <line num="34" count="0" type="cond" truecount="0" falsecount="2"/>
        <line num="36" count="0" type="stmt"/>
        <line num="41" count="6" type="stmt"/>
        <line num="64" count="1" type="stmt"/>
        <line num="65" count="1" type="cond" truecount="1" falsecount="1"/>
      </file>
      <file name="PhotoUpload.tsx" path="/Users/macbook/FnB-Container-Caffe/src/components/checkin/PhotoUpload.tsx">
        <metrics statements="14" coveredstatements="10" conditionals="6" coveredconditionals="2" methods="5" coveredmethods="2"/>
        <line num="13" count="2" type="stmt"/>
        <line num="14" count="2" type="stmt"/>
        <line num="16" count="2" type="stmt"/>
        <line num="17" count="1" type="stmt"/>
        <line num="18" count="1" type="cond" truecount="1" falsecount="1"/>
        <line num="21" count="1" type="stmt"/>
        <line num="22" count="1" type="stmt"/>
        <line num="23" count="0" type="stmt"/>
        <line num="25" count="1" type="stmt"/>
        <line num="26" count="1" type="stmt"/>
        <line num="29" count="2" type="stmt"/>
        <line num="54" count="0" type="stmt"/>
        <line num="55" count="0" type="cond" truecount="0" falsecount="2"/>
        <line num="64" count="0" type="stmt"/>
      </file>
    </package>
    <package name="src.components.contact">
      <metrics statements="43" coveredstatements="38" conditionals="58" coveredconditionals="55" methods="14" coveredmethods="9"/>
      <file name="ContactForm.tsx" path="/Users/macbook/FnB-Container-Caffe/src/components/contact/ContactForm.tsx">
        <metrics statements="43" coveredstatements="38" conditionals="58" coveredconditionals="55" methods="14" coveredmethods="9"/>
        <line num="16" count="1" type="stmt"/>
        <line num="19" count="5" type="cond" truecount="2" falsecount="0"/>
        <line num="20" count="3" type="cond" truecount="1" falsecount="1"/>
        <line num="21" count="3" type="stmt"/>
        <line num="25" count="5" type="cond" truecount="2" falsecount="0"/>
        <line num="26" count="4" type="cond" truecount="2" falsecount="0"/>
        <line num="27" count="3" type="stmt"/>
        <line num="31" count="5" type="cond" truecount="2" falsecount="0"/>
        <line num="32" count="3" type="cond" truecount="1" falsecount="1"/>
        <line num="33" count="3" type="stmt"/>
        <line num="37" count="25" type="stmt"/>
        <line num="38" count="25" type="stmt"/>
        <line num="39" count="25" type="stmt"/>
        <line num="40" count="25" type="stmt"/>
        <line num="41" count="25" type="stmt"/>
        <line num="42" count="25" type="stmt"/>
        <line num="44" count="25" type="stmt"/>
        <line num="45" count="5" type="stmt"/>
        <line num="52" count="25" type="stmt"/>
        <line num="53" count="0" type="stmt"/>
        <line num="54" count="0" type="stmt"/>
        <line num="57" count="25" type="stmt"/>
        <line num="58" count="5" type="stmt"/>
        <line num="59" count="5" type="stmt"/>
        <line num="60" count="5" type="stmt"/>
        <line num="61" count="5" type="stmt"/>
        <line num="63" count="5" type="cond" truecount="5" falsecount="0"/>
        <line num="65" count="3" type="stmt"/>
        <line num="66" count="3" type="stmt"/>
        <line num="67" count="2" type="stmt"/>
        <line num="68" count="2" type="stmt"/>
        <line num="69" count="2" type="stmt"/>
        <line num="70" count="2" type="stmt"/>
        <line num="71" count="2" type="stmt"/>
        <line num="77" count="25" type="cond" truecount="2" falsecount="0"/>
        <line num="78" count="2" type="stmt"/>
        <line num="89" count="23" type="stmt"/>
        <line num="106" count="3" type="stmt"/>
        <line num="107" count="0" type="stmt"/>
        <line num="138" count="4" type="stmt"/>
        <line num="139" count="0" type="stmt"/>
        <line num="169" count="3" type="stmt"/>
        <line num="170" count="0" type="stmt"/>
      </file>
    </package>
    <package name="src.components.home">
      <metrics statements="43" coveredstatements="16" conditionals="10" coveredconditionals="4" methods="13" coveredmethods="6"/>
      <file name="five-zone-showcase.tsx" path="/Users/macbook/FnB-Container-Caffe/src/components/home/five-zone-showcase.tsx">
        <metrics statements="8" coveredstatements="8" conditionals="2" coveredconditionals="2" methods="4" coveredmethods="4"/>
        <line num="5" count="1" type="stmt"/>
        <line num="26" count="1" type="stmt"/>
        <line num="110" count="11" type="stmt"/>
        <line num="112" count="11" type="stmt"/>
        <line num="114" count="11" type="stmt"/>
        <line num="138" count="55" type="stmt"/>
        <line num="144" count="4" type="stmt"/>
        <line num="185" count="33" type="stmt"/>
      </file>
      <file name="hero-section.tsx" path="/Users/macbook/FnB-Container-Caffe/src/components/home/hero-section.tsx">
        <metrics statements="35" coveredstatements="8" conditionals="8" coveredconditionals="2" methods="9" coveredmethods="2"/>
        <line num="6" count="6" type="stmt"/>
        <line num="8" count="6" type="stmt"/>
        <line num="10" count="0" type="stmt"/>
        <line num="16" count="6" type="stmt"/>
        <line num="17" count="6" type="stmt"/>
        <line num="18" count="6" type="cond" truecount="1" falsecount="1"/>
        <line num="20" count="6" type="stmt"/>
        <line num="21" count="6" type="cond" truecount="1" falsecount="1"/>
        <line num="24" count="0" type="stmt"/>
        <line num="27" count="0" type="stmt"/>
        <line num="28" count="0" type="cond" truecount="0" falsecount="2"/>
        <line num="29" count="0" type="stmt"/>
        <line num="30" count="0" type="stmt"/>
        <line num="35" count="0" type="stmt"/>
        <line num="36" count="0" type="cond" truecount="0" falsecount="2"/>
        <line num="40" count="0" type="stmt"/>
        <line num="41" count="0" type="stmt"/>
        <line num="42" count="0" type="stmt"/>
        <line num="43" count="0" type="stmt"/>
        <line num="44" count="0" type="stmt"/>
        <line num="45" count="0" type="stmt"/>
        <line num="46" count="0" type="stmt"/>
        <line num="47" count="0" type="stmt"/>
        <line num="48" count="0" type="stmt"/>
        <line num="49" count="0" type="stmt"/>
        <line num="51" count="0" type="stmt"/>
        <line num="54" count="0" type="stmt"/>
        <line num="55" count="0" type="stmt"/>
        <line num="56" count="0" type="stmt"/>
        <line num="57" count="0" type="stmt"/>
        <line num="59" count="0" type="stmt"/>
        <line num="61" count="0" type="stmt"/>
        <line num="62" count="0" type="stmt"/>
        <line num="63" count="0" type="stmt"/>
        <line num="67" count="6" type="stmt"/>
      </file>
    </package>
    <package name="src.components.kds">
      <metrics statements="49" coveredstatements="42" conditionals="32" coveredconditionals="30" methods="32" coveredmethods="26"/>
      <file name="OrderCompleteButton.tsx" path="/Users/macbook/FnB-Container-Caffe/src/components/kds/OrderCompleteButton.tsx">
        <metrics statements="8" coveredstatements="8" conditionals="2" coveredconditionals="2" methods="4" coveredmethods="4"/>
        <line num="9" count="7" type="stmt"/>
        <line num="11" count="7" type="cond" truecount="2" falsecount="0"/>
        <line num="12" count="2" type="stmt"/>
        <line num="17" count="1" type="stmt"/>
        <line num="18" count="1" type="stmt"/>
        <line num="25" count="1" type="stmt"/>
        <line num="34" count="5" type="stmt"/>
        <line num="36" count="2" type="stmt"/>
      </file>
      <file name="OrderTicket.tsx" path="/Users/macbook/FnB-Container-Caffe/src/components/kds/OrderTicket.tsx">
        <metrics statements="17" coveredstatements="12" conditionals="24" coveredconditionals="22" methods="11" coveredmethods="7"/>
        <line num="12" count="16" type="stmt"/>
        <line num="13" count="16" type="stmt"/>
        <line num="15" count="16" type="stmt"/>
        <line num="16" count="16" type="stmt"/>
        <line num="17" count="0" type="stmt"/>
        <line num="20" count="16" type="stmt"/>
        <line num="23" count="16" type="stmt"/>
        <line num="25" count="16" type="stmt"/>
        <line num="72" count="25" type="stmt"/>
        <line num="85" count="9" type="stmt"/>
        <line num="107" count="0" type="stmt"/>
        <line num="108" count="0" type="stmt"/>
        <line num="115" count="0" type="stmt"/>
        <line num="123" count="0" type="stmt"/>
        <line num="150" count="16" type="stmt"/>
        <line num="151" count="16" type="stmt"/>
        <line num="152" count="16" type="stmt"/>
      </file>
      <file name="TicketQueue.tsx" path="/Users/macbook/FnB-Container-Caffe/src/components/kds/TicketQueue.tsx">
        <metrics statements="24" coveredstatements="22" conditionals="6" coveredconditionals="6" methods="17" coveredmethods="15"/>
        <line num="14" count="5" type="stmt"/>
        <line num="15" count="6" type="stmt"/>
        <line num="18" count="5" type="cond" truecount="2" falsecount="0"/>
        <line num="19" count="1" type="stmt"/>
        <line num="22" count="3" type="stmt"/>
        <line num="35" count="4" type="cond" truecount="2" falsecount="0"/>
        <line num="36" count="1" type="stmt"/>
        <line num="45" count="9" type="stmt"/>
        <line num="46" count="9" type="stmt"/>
        <line num="47" count="9" type="stmt"/>
        <line num="48" count="9" type="stmt"/>
        <line num="50" count="3" type="cond" truecount="2" falsecount="0"/>
        <line num="51" count="2" type="stmt"/>
        <line num="60" count="6" type="stmt"/>
        <line num="62" count="4" type="stmt"/>
        <line num="77" count="6" type="stmt"/>
        <line num="79" count="2" type="stmt"/>
        <line num="90" count="6" type="stmt"/>
        <line num="92" count="0" type="stmt"/>
        <line num="103" count="6" type="stmt"/>
        <line num="105" count="0" type="stmt"/>
        <line num="113" count="1" type="stmt"/>
        <line num="116" count="3" type="stmt"/>
        <line num="135" count="8" type="stmt"/>
      </file>
    </package>
    <package name="src.components.loyalty">
      <metrics statements="43" coveredstatements="41" conditionals="51" coveredconditionals="47" methods="16" coveredmethods="14"/>
      <file name="loyalty-calculator.tsx" path="/Users/macbook/FnB-Container-Caffe/src/components/loyalty/loyalty-calculator.tsx">
        <metrics statements="26" coveredstatements="24" conditionals="6" coveredconditionals="4" methods="7" coveredmethods="5"/>
        <line num="16" count="1" type="stmt"/>
        <line num="24" count="1" type="stmt"/>
        <line num="32" count="12" type="stmt"/>
        <line num="38" count="12" type="stmt"/>
        <line num="39" count="12" type="stmt"/>
        <line num="42" count="12" type="stmt"/>
        <line num="43" count="12" type="stmt"/>
        <line num="44" count="12" type="cond" truecount="1" falsecount="1"/>
        <line num="45" count="12" type="cond" truecount="1" falsecount="1"/>
        <line num="48" count="12" type="stmt"/>
        <line num="49" count="12" type="stmt"/>
        <line num="50" count="12" type="stmt"/>
        <line num="53" count="12" type="stmt"/>
        <line num="54" count="12" type="stmt"/>
        <line num="57" count="12" type="stmt"/>
        <line num="58" count="12" type="stmt"/>
        <line num="61" count="12" type="stmt"/>
        <line num="62" count="12" type="stmt"/>
        <line num="64" count="12" type="stmt"/>
        <line num="80" count="12" type="stmt"/>
        <line num="81" count="1" type="cond" truecount="2" falsecount="0"/>
        <line num="82" count="1" type="stmt"/>
        <line num="85" count="12" type="stmt"/>
        <line num="110" count="1" type="stmt"/>
        <line num="131" count="0" type="stmt"/>
        <line num="155" count="0" type="stmt"/>
      </file>
      <file name="referral-calculator.tsx" path="/Users/macbook/FnB-Container-Caffe/src/components/loyalty/referral-calculator.tsx">
        <metrics statements="1" coveredstatements="1" conditionals="2" coveredconditionals="2" methods="1" coveredmethods="1"/>
        <line num="15" count="12" type="stmt"/>
      </file>
      <file name="rewards-grid.tsx" path="/Users/macbook/FnB-Container-Caffe/src/components/loyalty/rewards-grid.tsx">
        <metrics statements="6" coveredstatements="6" conditionals="8" coveredconditionals="8" methods="3" coveredmethods="3"/>
        <line num="23" count="7" type="cond" truecount="2" falsecount="0"/>
        <line num="24" count="1" type="stmt"/>
        <line num="33" count="6" type="stmt"/>
        <line num="44" count="18" type="stmt"/>
        <line num="46" count="18" type="stmt"/>
        <line num="68" count="1" type="stmt"/>
      </file>
      <file name="tier-card.tsx" path="/Users/macbook/FnB-Container-Caffe/src/components/loyalty/tier-card.tsx">
        <metrics statements="4" coveredstatements="4" conditionals="13" coveredconditionals="12" methods="2" coveredmethods="2"/>
        <line num="17" count="1" type="stmt"/>
        <line num="35" count="9" type="stmt"/>
        <line num="37" count="9" type="stmt"/>
        <line num="81" count="39" type="stmt"/>
      </file>
      <file name="tier-progress.tsx" path="/Users/macbook/FnB-Container-Caffe/src/components/loyalty/tier-progress.tsx">
        <metrics statements="5" coveredstatements="5" conditionals="22" coveredconditionals="21" methods="2" coveredmethods="2"/>
        <line num="15" count="22" type="stmt"/>
        <line num="25" count="8" type="cond" truecount="2" falsecount="0"/>
        <line num="26" count="8" type="cond" truecount="4" falsecount="0"/>
        <line num="29" count="8" type="cond" truecount="2" falsecount="0"/>
        <line num="31" count="8" type="stmt"/>
      </file>
      <file name="tier-projection.tsx" path="/Users/macbook/FnB-Container-Caffe/src/components/loyalty/tier-projection.tsx">
        <metrics statements="1" coveredstatements="1" conditionals="0" coveredconditionals="0" methods="1" coveredmethods="1"/>
        <line num="20" count="12" type="stmt"/>
      </file>
    </package>
    <package name="src.components.menu">
      <metrics statements="14" coveredstatements="14" conditionals="19" coveredconditionals="17" methods="9" coveredmethods="9"/>
      <file name="menu-card.tsx" path="/Users/macbook/FnB-Container-Caffe/src/components/menu/menu-card.tsx">
        <metrics statements="6" coveredstatements="6" conditionals="13" coveredconditionals="11" methods="5" coveredmethods="5"/>
        <line num="14" count="2" type="stmt"/>
        <line num="33" count="32" type="cond" truecount="1" falsecount="1"/>
        <line num="37" count="32" type="stmt"/>
        <line num="41" count="16" type="stmt"/>
        <line num="101" count="9" type="stmt"/>
        <line num="122" count="2" type="stmt"/>
      </file>
      <file name="menu-grid.tsx" path="/Users/macbook/FnB-Container-Caffe/src/components/menu/menu-grid.tsx">
        <metrics statements="8" coveredstatements="8" conditionals="6" coveredconditionals="6" methods="4" coveredmethods="4"/>
        <line num="12" count="8" type="stmt"/>
        <line num="32" count="7" type="cond" truecount="2" falsecount="0"/>
        <line num="33" count="1" type="stmt"/>
        <line num="36" count="8" type="stmt"/>
        <line num="42" count="6" type="cond" truecount="4" falsecount="0"/>
        <line num="43" count="1" type="stmt"/>
        <line num="56" count="5" type="stmt"/>
        <line num="59" count="10" type="stmt"/>
      </file>
    </package>
    <package name="src.components.order">
      <metrics statements="72" coveredstatements="61" conditionals="86" coveredconditionals="62" methods="45" coveredmethods="31"/>
      <file name="cart-drawer.tsx" path="/Users/macbook/FnB-Container-Caffe/src/components/order/cart-drawer.tsx">
        <metrics statements="2" coveredstatements="2" conditionals="4" coveredconditionals="4" methods="2" coveredmethods="2"/>
        <line num="37" count="8" type="stmt"/>
        <line num="53" count="14" type="stmt"/>
      </file>
      <file name="cart-item.tsx" path="/Users/macbook/FnB-Container-Caffe/src/components/order/cart-item.tsx">
        <metrics statements="6" coveredstatements="5" conditionals="0" coveredconditionals="0" methods="5" coveredmethods="4"/>
        <line num="12" count="28" type="stmt"/>
        <line num="16" count="14" type="stmt"/>
        <line num="18" count="14" type="stmt"/>
        <line num="33" count="1" type="stmt"/>
        <line num="49" count="0" type="stmt"/>
        <line num="67" count="1" type="stmt"/>
      </file>
      <file name="checkout-form.tsx" path="/Users/macbook/FnB-Container-Caffe/src/components/order/checkout-form.tsx">
        <metrics statements="37" coveredstatements="32" conditionals="30" coveredconditionals="17" methods="17" coveredmethods="9"/>
        <line num="24" count="1" type="stmt"/>
        <line num="49" count="18" type="stmt"/>
        <line num="50" count="18" type="stmt"/>
        <line num="52" count="18" type="stmt"/>
        <line num="54" count="7" type="stmt"/>
        <line num="63" count="18" type="stmt"/>
        <line num="65" count="6" type="stmt"/>
        <line num="66" count="6" type="stmt"/>
        <line num="67" count="6" type="stmt"/>
        <line num="68" count="6" type="stmt"/>
        <line num="70" count="6" type="stmt"/>
        <line num="75" count="18" type="stmt"/>
        <line num="77" count="1" type="stmt"/>
        <line num="78" count="1" type="stmt"/>
        <line num="79" count="1" type="stmt"/>
        <line num="80" count="1" type="stmt"/>
        <line num="86" count="18" type="stmt"/>
        <line num="87" count="0" type="stmt"/>
        <line num="90" count="18" type="stmt"/>
        <line num="92" count="3" type="stmt"/>
        <line num="93" count="3" type="stmt"/>
        <line num="94" count="3" type="cond" truecount="2" falsecount="0"/>
        <line num="95" count="2" type="stmt"/>
        <line num="96" count="2" type="stmt"/>
        <line num="97" count="4" type="stmt"/>
        <line num="98" count="4" type="cond" truecount="1" falsecount="1"/>
        <line num="99" count="4" type="stmt"/>
        <line num="102" count="2" type="stmt"/>
        <line num="103" count="2" type="stmt"/>
        <line num="105" count="1" type="stmt"/>
        <line num="106" count="1" type="stmt"/>
        <line num="111" count="18" type="stmt"/>
        <line num="134" count="0" type="stmt"/>
        <line num="147" count="0" type="stmt"/>
        <line num="164" count="0" type="stmt"/>
        <line num="184" count="0" type="stmt"/>
        <line num="209" count="18" type="stmt"/>
      </file>
      <file name="delivery-info.tsx" path="/Users/macbook/FnB-Container-Caffe/src/components/order/delivery-info.tsx">
        <metrics statements="8" coveredstatements="5" conditionals="8" coveredconditionals="5" methods="7" coveredmethods="4"/>
        <line num="30" count="18" type="stmt"/>
        <line num="32" count="18" type="stmt"/>
        <line num="50" count="2" type="stmt"/>
        <line num="61" count="2" type="stmt"/>
        <line num="72" count="0" type="stmt"/>
        <line num="83" count="2" type="stmt"/>
        <line num="93" count="0" type="stmt"/>
        <line num="115" count="0" type="stmt"/>
      </file>
      <file name="next-steps.tsx" path="/Users/macbook/FnB-Container-Caffe/src/components/order/next-steps.tsx">
        <metrics statements="3" coveredstatements="3" conditionals="2" coveredconditionals="2" methods="2" coveredmethods="2"/>
        <line num="5" count="1" type="stmt"/>
        <line num="12" count="8" type="stmt"/>
        <line num="19" count="24" type="stmt"/>
      </file>
      <file name="order-summary.tsx" path="/Users/macbook/FnB-Container-Caffe/src/components/order/order-summary.tsx">
        <metrics statements="2" coveredstatements="2" conditionals="10" coveredconditionals="8" methods="2" coveredmethods="2"/>
        <line num="16" count="99" type="stmt"/>
        <line num="29" count="25" type="stmt"/>
      </file>
      <file name="payment-method-selector.tsx" path="/Users/macbook/FnB-Container-Caffe/src/components/order/payment-method-selector.tsx">
        <metrics statements="6" coveredstatements="6" conditionals="8" coveredconditionals="8" methods="3" coveredmethods="3"/>
        <line num="4" count="2" type="stmt"/>
        <line num="21" count="2" type="stmt"/>
        <line num="41" count="25" type="stmt"/>
        <line num="48" count="50" type="stmt"/>
        <line num="49" count="50" type="stmt"/>
        <line num="56" count="2" type="stmt"/>
      </file>
      <file name="status-progress-bar.tsx" path="/Users/macbook/FnB-Container-Caffe/src/components/order/status-progress-bar.tsx">
        <metrics statements="2" coveredstatements="2" conditionals="10" coveredconditionals="10" methods="2" coveredmethods="2"/>
        <line num="9" count="8" type="stmt"/>
        <line num="21" count="40" type="stmt"/>
      </file>
      <file name="tip-input.tsx" path="/Users/macbook/FnB-Container-Caffe/src/components/order/tip-input.tsx">
        <metrics statements="6" coveredstatements="4" conditionals="14" coveredconditionals="8" methods="5" coveredmethods="3"/>
        <line num="10" count="1" type="stmt"/>
        <line num="13" count="72" type="stmt"/>
        <line num="17" count="18" type="stmt"/>
        <line num="24" count="72" type="stmt"/>
        <line num="28" count="0" type="cond" truecount="0" falsecount="2"/>
        <line num="43" count="0" type="stmt"/>
      </file>
    </package>
    <package name="src.components.promotions">
      <metrics statements="32" coveredstatements="21" conditionals="37" coveredconditionals="31" methods="9" coveredmethods="6"/>
      <file name="promotion-card.tsx" path="/Users/macbook/FnB-Container-Caffe/src/components/promotions/promotion-card.tsx">
        <metrics statements="32" coveredstatements="21" conditionals="37" coveredconditionals="31" methods="9" coveredmethods="6"/>
        <line num="20" count="20" type="stmt"/>
        <line num="24" count="9" type="cond" truecount="1" falsecount="1"/>
        <line num="25" count="9" type="stmt"/>
        <line num="26" count="9" type="stmt"/>
        <line num="34" count="11" type="cond" truecount="1" falsecount="1"/>
        <line num="35" count="11" type="stmt"/>
        <line num="36" count="11" type="stmt"/>
        <line num="51" count="11" type="stmt"/>
        <line num="52" count="11" type="stmt"/>
        <line num="53" count="11" type="cond" truecount="2" falsecount="0"/>
        <line num="54" count="11" type="cond" truecount="1" falsecount="1"/>
        <line num="56" count="11" type="stmt"/>
        <line num="57" count="1" type="stmt"/>
        <line num="58" count="1" type="stmt"/>
        <line num="59" count="1" type="stmt"/>
        <line num="60" count="1" type="stmt"/>
        <line num="62" count="0" type="stmt"/>
        <line num="63" count="0" type="stmt"/>
        <line num="64" count="0" type="stmt"/>
        <line num="65" count="0" type="stmt"/>
        <line num="66" count="0" type="stmt"/>
        <line num="67" count="0" type="stmt"/>
        <line num="68" count="0" type="stmt"/>
        <line num="69" count="0" type="stmt"/>
        <line num="70" count="0" type="stmt"/>
        <line num="71" count="0" type="stmt"/>
        <line num="75" count="11" type="stmt"/>
        <line num="76" count="10" type="cond" truecount="1" falsecount="1"/>
        <line num="77" count="10" type="cond" truecount="2" falsecount="0"/>
        <line num="78" count="8" type="stmt"/>
        <line num="81" count="11" type="stmt"/>
        <line num="159" count="0" type="stmt"/>
      </file>
    </package>
    <package name="src.components.referral">
      <metrics statements="35" coveredstatements="17" conditionals="12" coveredconditionals="7" methods="12" coveredmethods="6"/>
      <file name="cashback-display.tsx" path="/Users/macbook/FnB-Container-Caffe/src/components/referral/cashback-display.tsx">
        <metrics statements="2" coveredstatements="2" conditionals="2" coveredconditionals="2" methods="2" coveredmethods="2"/>
        <line num="11" count="23" type="stmt"/>
        <line num="19" count="8" type="stmt"/>
      </file>
      <file name="referral-link.tsx" path="/Users/macbook/FnB-Container-Caffe/src/components/referral/referral-link.tsx">
        <metrics statements="33" coveredstatements="15" conditionals="10" coveredconditionals="5" methods="10" coveredmethods="4"/>
        <line num="17" count="12" type="stmt"/>
        <line num="18" count="12" type="stmt"/>
        <line num="20" count="12" type="stmt"/>
        <line num="21" count="2" type="stmt"/>
        <line num="22" count="2" type="stmt"/>
        <line num="23" count="2" type="stmt"/>
        <line num="24" count="2" type="stmt"/>
        <line num="27" count="0" type="stmt"/>
        <line num="28" count="0" type="stmt"/>
        <line num="29" count="0" type="stmt"/>
        <line num="30" count="0" type="stmt"/>
        <line num="31" count="0" type="stmt"/>
        <line num="32" count="0" type="stmt"/>
        <line num="33" count="0" type="stmt"/>
        <line num="34" count="0" type="stmt"/>
        <line num="35" count="0" type="stmt"/>
        <line num="36" count="0" type="stmt"/>
        <line num="40" count="12" type="stmt"/>
        <line num="42" count="0" type="stmt"/>
        <line num="43" count="0" type="stmt"/>
        <line num="44" count="0" type="cond" truecount="0" falsecount="2"/>
        <line num="45" count="0" type="stmt"/>
        <line num="51" count="0" type="stmt"/>
        <line num="61" count="12" type="stmt"/>
        <line num="62" count="1" type="stmt"/>
        <line num="63" count="1" type="cond" truecount="3" falsecount="1"/>
        <line num="64" count="1" type="stmt"/>
        <line num="65" count="1" type="stmt"/>
        <line num="69" count="12" type="stmt"/>
        <line num="87" count="0" type="stmt"/>
        <line num="90" count="0" type="stmt"/>
        <line num="112" count="1" type="stmt"/>
        <line num="113" count="0" type="cond" truecount="0" falsecount="2"/>
      </file>
    </package>
    <package name="src.components.reservation">
      <metrics statements="56" coveredstatements="52" conditionals="40" coveredconditionals="34" methods="22" coveredmethods="18"/>
      <file name="IdentityVerification.tsx" path="/Users/macbook/FnB-Container-Caffe/src/components/reservation/IdentityVerification.tsx">
        <metrics statements="28" coveredstatements="27" conditionals="14" coveredconditionals="11" methods="8" coveredmethods="6"/>
        <line num="17" count="1" type="stmt"/>
        <line num="20" count="14" type="stmt"/>
        <line num="21" count="14" type="stmt"/>
        <line num="22" count="14" type="stmt"/>
        <line num="23" count="14" type="stmt"/>
        <line num="25" count="14" type="stmt"/>
        <line num="26" count="5" type="cond" truecount="2" falsecount="0"/>
        <line num="27" count="4" type="stmt"/>
        <line num="28" count="4" type="stmt"/>
        <line num="29" count="4" type="stmt"/>
        <line num="31" count="4" type="stmt"/>
        <line num="35" count="14" type="stmt"/>
        <line num="36" count="2" type="stmt"/>
        <line num="38" count="2" type="stmt"/>
        <line num="40" count="2" type="cond" truecount="3" falsecount="1"/>
        <line num="41" count="0" type="stmt"/>
        <line num="44" count="2" type="stmt"/>
        <line num="45" count="2" type="cond" truecount="2" falsecount="0"/>
        <line num="46" count="1" type="stmt"/>
        <line num="49" count="2" type="cond" truecount="2" falsecount="0"/>
        <line num="50" count="1" type="stmt"/>
        <line num="51" count="1" type="stmt"/>
        <line num="54" count="1" type="stmt"/>
        <line num="57" count="14" type="stmt"/>
        <line num="68" count="2" type="stmt"/>
        <line num="69" count="2" type="cond" truecount="1" falsecount="1"/>
        <line num="83" count="2" type="stmt"/>
        <line num="84" count="2" type="cond" truecount="1" falsecount="1"/>
      </file>
      <file name="ReservationForm.tsx" path="/Users/macbook/FnB-Container-Caffe/src/components/reservation/ReservationForm.tsx">
        <metrics statements="5" coveredstatements="3" conditionals="0" coveredconditionals="0" methods="5" coveredmethods="3"/>
        <line num="21" count="2" type="stmt"/>
        <line num="29" count="0" type="stmt"/>
        <line num="43" count="0" type="stmt"/>
        <line num="46" count="20" type="stmt"/>
        <line num="47" count="20" type="stmt"/>
      </file>
      <file name="TableMap.tsx" path="/Users/macbook/FnB-Container-Caffe/src/components/reservation/TableMap.tsx">
        <metrics statements="11" coveredstatements="10" conditionals="12" coveredconditionals="10" methods="5" coveredmethods="5"/>
        <line num="11" count="1" type="stmt"/>
        <line num="18" count="12" type="stmt"/>
        <line num="19" count="4" type="cond" truecount="1" falsecount="1"/>
        <line num="21" count="4" type="cond" truecount="1" falsecount="1"/>
        <line num="22" count="0" type="stmt"/>
        <line num="29" count="4" type="stmt"/>
        <line num="31" count="4" type="stmt"/>
        <line num="47" count="8" type="stmt"/>
        <line num="49" count="8" type="stmt"/>
        <line num="50" count="8" type="stmt"/>
        <line num="55" count="1" type="stmt"/>
      </file>
      <file name="TimeSlotPicker.tsx" path="/Users/macbook/FnB-Container-Caffe/src/components/reservation/TimeSlotPicker.tsx">
        <metrics statements="12" coveredstatements="12" conditionals="14" coveredconditionals="13" methods="4" coveredmethods="4"/>
        <line num="12" count="4" type="stmt"/>
        <line num="15" count="16" type="stmt"/>
        <line num="16" count="16" type="cond" truecount="2" falsecount="0"/>
        <line num="17" count="16" type="stmt"/>
        <line num="19" count="16" type="stmt"/>
        <line num="24" count="1" type="stmt"/>
        <line num="41" count="16" type="stmt"/>
        <line num="42" count="16" type="stmt"/>
        <line num="43" count="16" type="cond" truecount="3" falsecount="1"/>
        <line num="44" count="16" type="stmt"/>
        <line num="45" count="16" type="stmt"/>
        <line num="46" count="16" type="stmt"/>
      </file>
    </package>
    <package name="src.components.shared">
      <metrics statements="76" coveredstatements="76" conditionals="44" coveredconditionals="36" methods="6" coveredmethods="6"/>
      <file name="Breadcrumbs.tsx" path="/Users/macbook/FnB-Container-Caffe/src/components/shared/Breadcrumbs.tsx">
        <metrics statements="6" coveredstatements="6" conditionals="8" coveredconditionals="6" methods="3" coveredmethods="3"/>
        <line num="15" count="5" type="cond" truecount="1" falsecount="1"/>
        <line num="17" count="5" type="stmt"/>
        <line num="20" count="15" type="stmt"/>
        <line num="28" count="5" type="stmt"/>
        <line num="39" count="15" type="stmt"/>
        <line num="41" count="15" type="stmt"/>
      </file>
      <file name="SEOHead.tsx" path="/Users/macbook/FnB-Container-Caffe/src/components/shared/SEOHead.tsx">
        <metrics statements="70" coveredstatements="70" conditionals="36" coveredconditionals="30" methods="3" coveredmethods="3"/>
        <line num="22" count="12" type="stmt"/>
        <line num="23" count="12" type="stmt"/>
        <line num="24" count="12" type="stmt"/>
        <line num="25" count="12" type="stmt"/>
        <line num="26" count="12" type="stmt"/>
        <line num="27" count="12" type="stmt"/>
        <line num="29" count="12" type="stmt"/>
        <line num="30" count="12" type="stmt"/>
        <line num="33" count="12" type="cond" truecount="2" falsecount="0"/>
        <line num="34" count="8" type="cond" truecount="1" falsecount="1"/>
        <line num="35" count="8" type="stmt"/>
        <line num="36" count="8" type="stmt"/>
        <line num="37" count="8" type="stmt"/>
        <line num="38" count="8" type="stmt"/>
        <line num="40" count="8" type="stmt"/>
        <line num="44" count="12" type="cond" truecount="2" falsecount="0"/>
        <line num="45" count="7" type="cond" truecount="1" falsecount="1"/>
        <line num="46" count="7" type="stmt"/>
        <line num="47" count="7" type="stmt"/>
        <line num="48" count="7" type="stmt"/>
        <line num="49" count="7" type="stmt"/>
        <line num="51" count="7" type="stmt"/>
        <line num="55" count="12" type="cond" truecount="2" falsecount="0"/>
        <line num="56" count="1" type="cond" truecount="1" falsecount="1"/>
        <line num="57" count="1" type="stmt"/>
        <line num="58" count="1" type="stmt"/>
        <line num="59" count="1" type="stmt"/>
        <line num="60" count="1" type="stmt"/>
        <line num="62" count="1" type="stmt"/>
        <line num="65" count="12" type="cond" truecount="2" falsecount="0"/>
        <line num="66" count="1" type="cond" truecount="1" falsecount="1"/>
        <line num="67" count="1" type="stmt"/>
        <line num="68" count="1" type="stmt"/>
        <line num="69" count="1" type="stmt"/>
        <line num="70" count="1" type="stmt"/>
        <line num="72" count="1" type="stmt"/>
        <line num="75" count="12" type="cond" truecount="2" falsecount="0"/>
        <line num="76" count="1" type="cond" truecount="1" falsecount="1"/>
        <line num="77" count="1" type="stmt"/>
        <line num="78" count="1" type="stmt"/>
        <line num="79" count="1" type="stmt"/>
        <line num="80" count="1" type="stmt"/>
        <line num="82" count="1" type="stmt"/>
        <line num="85" count="12" type="cond" truecount="2" falsecount="0"/>
        <line num="86" count="1" type="cond" truecount="1" falsecount="1"/>
        <line num="87" count="1" type="stmt"/>
        <line num="88" count="1" type="stmt"/>
        <line num="89" count="1" type="stmt"/>
        <line num="90" count="1" type="stmt"/>
        <line num="92" count="1" type="stmt"/>
        <line num="95" count="12" type="stmt"/>
        <line num="97" count="12" type="cond" truecount="2" falsecount="0"/>
        <line num="98" count="8" type="stmt"/>
        <line num="99" count="8" type="stmt"/>
        <line num="101" count="12" type="cond" truecount="2" falsecount="0"/>
        <line num="102" count="7" type="stmt"/>
        <line num="103" count="7" type="stmt"/>
        <line num="105" count="12" type="cond" truecount="2" falsecount="0"/>
        <line num="106" count="1" type="stmt"/>
        <line num="107" count="1" type="stmt"/>
        <line num="109" count="12" type="cond" truecount="2" falsecount="0"/>
        <line num="110" count="1" type="stmt"/>
        <line num="111" count="1" type="stmt"/>
        <line num="113" count="12" type="cond" truecount="2" falsecount="0"/>
        <line num="114" count="1" type="stmt"/>
        <line num="115" count="1" type="stmt"/>
        <line num="117" count="12" type="cond" truecount="2" falsecount="0"/>
        <line num="118" count="1" type="stmt"/>
        <line num="119" count="1" type="stmt"/>
        <line num="124" count="12" type="stmt"/>
      </file>
    </package>
    <package name="src.components.stitch">
      <metrics statements="553" coveredstatements="439" conditionals="607" coveredconditionals="493" methods="259" coveredmethods="167"/>
      <file name="StitchAbout.tsx" path="/Users/macbook/FnB-Container-Caffe/src/components/stitch/StitchAbout.tsx">
        <metrics statements="40" coveredstatements="38" conditionals="48" coveredconditionals="40" methods="20" coveredmethods="18"/>
        <line num="9" count="1" type="stmt"/>
        <line num="88" count="1" type="stmt"/>
        <line num="100" count="1" type="stmt"/>
        <line num="130" count="1" type="stmt"/>
        <line num="167" count="1" type="stmt"/>
        <line num="191" count="1" type="stmt"/>
        <line num="226" count="1" type="stmt"/>
        <line num="241" count="1" type="stmt"/>
        <line num="266" count="3" type="stmt"/>
        <line num="283" count="1" type="stmt"/>
        <line num="306" count="1" type="stmt"/>
        <line num="337" count="7" type="stmt"/>
        <line num="398" count="7" type="stmt"/>
        <line num="399" count="21" type="stmt"/>
        <line num="400" count="21" type="cond" truecount="1" falsecount="1"/>
        <line num="403" count="7" type="stmt"/>
        <line num="410" count="21" type="stmt"/>
        <line num="412" count="21" type="stmt"/>
        <line num="456" count="7" type="stmt"/>
        <line num="478" count="21" type="stmt"/>
        <line num="487" count="7" type="stmt"/>
        <line num="518" count="21" type="stmt"/>
        <line num="519" count="21" type="stmt"/>
        <line num="598" count="7" type="stmt"/>
        <line num="599" count="21" type="stmt"/>
        <line num="600" count="21" type="cond" truecount="1" falsecount="1"/>
        <line num="603" count="7" type="stmt"/>
        <line num="608" count="21" type="stmt"/>
        <line num="650" count="7" type="stmt"/>
        <line num="683" count="28" type="stmt"/>
        <line num="686" count="0" type="stmt"/>
        <line num="688" count="0" type="cond" truecount="0" falsecount="4"/>
        <line num="723" count="7" type="stmt"/>
        <line num="774" count="10" type="cond" truecount="2" falsecount="0"/>
        <line num="775" count="1" type="stmt"/>
        <line num="779" count="9" type="cond" truecount="2" falsecount="0"/>
        <line num="780" count="1" type="stmt"/>
        <line num="791" count="8" type="cond" truecount="4" falsecount="0"/>
        <line num="792" count="1" type="stmt"/>
        <line num="802" count="7" type="stmt"/>
      </file>
      <file name="StitchAccountDashboard.tsx" path="/Users/macbook/FnB-Container-Caffe/src/components/stitch/StitchAccountDashboard.tsx">
        <metrics statements="24" coveredstatements="19" conditionals="20" coveredconditionals="14" methods="10" coveredmethods="5"/>
        <line num="8" count="1" type="stmt"/>
        <line num="70" count="1" type="stmt"/>
        <line num="77" count="1" type="stmt"/>
        <line num="84" count="1" type="stmt"/>
        <line num="91" count="1" type="stmt"/>
        <line num="99" count="32" type="stmt"/>
        <line num="100" count="32" type="cond" truecount="2" falsecount="2"/>
        <line num="101" count="16" type="stmt"/>
        <line num="102" count="16" type="stmt"/>
        <line num="103" count="0" type="stmt"/>
        <line num="104" count="0" type="stmt"/>
        <line num="109" count="32" type="stmt"/>
        <line num="119" count="32" type="stmt"/>
        <line num="120" count="32" type="stmt"/>
        <line num="135" count="0" type="stmt"/>
        <line num="163" count="0" type="stmt"/>
        <line num="181" count="0" type="stmt"/>
        <line num="231" count="9" type="stmt"/>
        <line num="232" count="9" type="stmt"/>
        <line num="235" count="9" type="cond" truecount="1" falsecount="1"/>
        <line num="238" count="9" type="cond" truecount="1" falsecount="1"/>
        <line num="240" count="9" type="stmt"/>
        <line num="510" count="32" type="stmt"/>
        <line num="664" count="36" type="stmt"/>
      </file>
      <file name="StitchAdminLogin.tsx" path="/Users/macbook/FnB-Container-Caffe/src/components/stitch/StitchAdminLogin.tsx">
        <metrics statements="36" coveredstatements="29" conditionals="25" coveredconditionals="22" methods="11" coveredmethods="5"/>
        <line num="10" count="1" type="stmt"/>
        <line num="42" count="19" type="stmt"/>
        <line num="43" count="19" type="stmt"/>
        <line num="44" count="19" type="stmt"/>
        <line num="45" count="19" type="stmt"/>
        <line num="46" count="19" type="stmt"/>
        <line num="48" count="19" type="cond" truecount="2" falsecount="0"/>
        <line num="49" count="19" type="cond" truecount="2" falsecount="0"/>
        <line num="51" count="19" type="stmt"/>
        <line num="52" count="3" type="stmt"/>
        <line num="53" count="3" type="cond" truecount="4" falsecount="0"/>
        <line num="54" count="1" type="stmt"/>
        <line num="55" count="1" type="stmt"/>
        <line num="57" count="2" type="stmt"/>
        <line num="58" count="2" type="stmt"/>
        <line num="59" count="2" type="stmt"/>
        <line num="60" count="2" type="cond" truecount="1" falsecount="1"/>
        <line num="61" count="2" type="stmt"/>
        <line num="64" count="0" type="stmt"/>
        <line num="65" count="0" type="stmt"/>
        <line num="68" count="1" type="stmt"/>
        <line num="69" count="1" type="stmt"/>
        <line num="74" count="19" type="cond" truecount="2" falsecount="0"/>
        <line num="75" count="3" type="stmt"/>
        <line num="89" count="16" type="cond" truecount="2" falsecount="0"/>
        <line num="90" count="2" type="stmt"/>
        <line num="99" count="0" type="stmt"/>
        <line num="111" count="14" type="stmt"/>
        <line num="155" count="2" type="stmt"/>
        <line num="177" count="2" type="stmt"/>
        <line num="184" count="2" type="stmt"/>
        <line num="231" count="0" type="stmt"/>
        <line num="264" count="0" type="stmt"/>
        <line num="265" count="0" type="stmt"/>
        <line num="266" count="0" type="stmt"/>
        <line num="276" count="1" type="stmt"/>
      </file>
      <file name="StitchAdminOrders.tsx" path="/Users/macbook/FnB-Container-Caffe/src/components/stitch/StitchAdminOrders.tsx">
        <metrics statements="35" coveredstatements="31" conditionals="51" coveredconditionals="48" methods="14" coveredmethods="10"/>
        <line num="11" count="1" type="stmt"/>
        <line num="64" count="1" type="stmt"/>
        <line num="66" count="1" type="stmt"/>
        <line num="94" count="1" type="stmt"/>
        <line num="101" count="1" type="stmt"/>
        <line num="113" count="42" type="stmt"/>
        <line num="114" count="42" type="stmt"/>
        <line num="125" count="42" type="stmt"/>
        <line num="126" count="42" type="stmt"/>
        <line num="130" count="42" type="stmt"/>
        <line num="131" count="42" type="stmt"/>
        <line num="228" count="1" type="stmt"/>
        <line num="236" count="1" type="stmt"/>
        <line num="249" count="11" type="stmt"/>
        <line num="250" count="11" type="stmt"/>
        <line num="251" count="11" type="stmt"/>
        <line num="253" count="11" type="stmt"/>
        <line num="255" count="60" type="cond" truecount="4" falsecount="0"/>
        <line num="259" count="60" type="cond" truecount="1" falsecount="1"/>
        <line num="260" count="60" type="cond" truecount="2" falsecount="0"/>
        <line num="264" count="11" type="cond" truecount="2" falsecount="0"/>
        <line num="265" count="1" type="stmt"/>
        <line num="278" count="10" type="cond" truecount="2" falsecount="0"/>
        <line num="279" count="1" type="stmt"/>
        <line num="289" count="0" type="stmt"/>
        <line num="298" count="9" type="stmt"/>
        <line num="318" count="45" type="stmt"/>
        <line num="345" count="18" type="stmt"/>
        <line num="363" count="0" type="stmt"/>
        <line num="374" count="0" type="stmt"/>
        <line num="428" count="1" type="stmt"/>
        <line num="435" count="45" type="stmt"/>
        <line num="438" count="0" type="stmt"/>
        <line num="465" count="42" type="stmt"/>
        <line num="512" count="1" type="stmt"/>
      </file>
      <file name="StitchAdminPOS.tsx" path="/Users/macbook/FnB-Container-Caffe/src/components/stitch/StitchAdminPOS.tsx">
        <metrics statements="62" coveredstatements="41" conditionals="46" coveredconditionals="30" methods="37" coveredmethods="14"/>
        <line num="11" count="1" type="stmt"/>
        <line num="71" count="1" type="stmt"/>
        <line num="73" count="1" type="stmt"/>
        <line num="88" count="1" type="stmt"/>
        <line num="97" count="22" type="stmt"/>
        <line num="98" count="22" type="stmt"/>
        <line num="99" count="10" type="stmt"/>
        <line num="100" count="10" type="stmt"/>
        <line num="103" count="22" type="stmt"/>
        <line num="104" count="10" type="stmt"/>
        <line num="105" count="10" type="stmt"/>
        <line num="106" count="10" type="stmt"/>
        <line num="109" count="22" type="stmt"/>
        <line num="123" count="32" type="stmt"/>
        <line num="140" count="0" type="stmt"/>
        <line num="150" count="0" type="stmt"/>
        <line num="159" count="0" type="stmt"/>
        <line num="172" count="36" type="stmt"/>
        <line num="198" count="14" type="stmt"/>
        <line num="199" count="14" type="stmt"/>
        <line num="200" count="14" type="stmt"/>
        <line num="201" count="14" type="stmt"/>
        <line num="202" count="14" type="stmt"/>
        <line num="204" count="14" type="stmt"/>
        <line num="205" count="168" type="cond" truecount="2" falsecount="0"/>
        <line num="206" count="168" type="stmt"/>
        <line num="207" count="168" type="cond" truecount="2" falsecount="0"/>
        <line num="210" count="32" type="cond" truecount="2" falsecount="0"/>
        <line num="212" count="14" type="stmt"/>
        <line num="213" count="0" type="stmt"/>
        <line num="214" count="0" type="stmt"/>
        <line num="215" count="0" type="cond" truecount="0" falsecount="2"/>
        <line num="216" count="0" type="cond" truecount="0" falsecount="2"/>
        <line num="218" count="0" type="stmt"/>
        <line num="222" count="14" type="stmt"/>
        <line num="223" count="0" type="stmt"/>
        <line num="224" count="0" type="stmt"/>
        <line num="225" count="0" type="cond" truecount="0" falsecount="4"/>
        <line num="226" count="0" type="stmt"/>
        <line num="228" count="0" type="cond" truecount="0" falsecount="2"/>
        <line num="232" count="14" type="stmt"/>
        <line num="233" count="14" type="stmt"/>
        <line num="234" count="14" type="stmt"/>
        <line num="237" count="14" type="cond" truecount="2" falsecount="0"/>
        <line num="238" count="1" type="stmt"/>
        <line num="251" count="13" type="cond" truecount="2" falsecount="0"/>
        <line num="252" count="1" type="stmt"/>
        <line num="260" count="0" type="stmt"/>
        <line num="269" count="12" type="stmt"/>
        <line num="308" count="1" type="stmt"/>
        <line num="316" count="72" type="stmt"/>
        <line num="319" count="1" type="stmt"/>
        <line num="347" count="32" type="stmt"/>
        <line num="351" count="0" type="stmt"/>
        <line num="352" count="0" type="stmt"/>
        <line num="366" count="36" type="stmt"/>
        <line num="378" count="0" type="stmt"/>
        <line num="383" count="0" type="stmt"/>
        <line num="422" count="0" type="stmt"/>
        <line num="433" count="0" type="stmt"/>
        <line num="441" count="0" type="stmt"/>
        <line num="539" count="1" type="stmt"/>
      </file>
      <file name="StitchCheckout.tsx" path="/Users/macbook/FnB-Container-Caffe/src/components/stitch/StitchCheckout.tsx">
        <metrics statements="59" coveredstatements="46" conditionals="65" coveredconditionals="59" methods="25" coveredmethods="18"/>
        <line num="56" count="78" type="stmt"/>
        <line num="58" count="2" type="stmt"/>
        <line num="112" count="2" type="stmt"/>
        <line num="119" count="2" type="stmt"/>
        <line num="123" count="2" type="stmt"/>
        <line num="134" count="2" type="stmt"/>
        <line num="152" count="24" type="stmt"/>
        <line num="161" count="1" type="stmt"/>
        <line num="197" count="2" type="stmt"/>
        <line num="208" count="3" type="stmt"/>
        <line num="236" count="76" type="stmt"/>
        <line num="238" count="76" type="stmt"/>
        <line num="258" count="0" type="stmt"/>
        <line num="266" count="0" type="stmt"/>
        <line num="267" count="0" type="stmt"/>
        <line num="270" count="0" type="cond" truecount="0" falsecount="2"/>
        <line num="271" count="0" type="stmt"/>
        <line num="273" count="0" type="stmt"/>
        <line num="282" count="3" type="stmt"/>
        <line num="289" count="0" type="stmt"/>
        <line num="290" count="0" type="stmt"/>
        <line num="293" count="0" type="cond" truecount="0" falsecount="2"/>
        <line num="294" count="0" type="stmt"/>
        <line num="296" count="0" type="stmt"/>
        <line num="313" count="26" type="stmt"/>
        <line num="314" count="26" type="stmt"/>
        <line num="321" count="26" type="stmt"/>
        <line num="322" count="26" type="stmt"/>
        <line num="324" count="26" type="cond" truecount="2" falsecount="0"/>
        <line num="325" count="330" type="cond" truecount="2" falsecount="0"/>
        <line num="328" count="26" type="cond" truecount="2" falsecount="0"/>
        <line num="329" count="1" type="stmt"/>
        <line num="333" count="25" type="cond" truecount="2" falsecount="0"/>
        <line num="334" count="6" type="stmt"/>
        <line num="364" count="19" type="cond" truecount="2" falsecount="0"/>
        <line num="367" count="26" type="stmt"/>
        <line num="368" count="3" type="stmt"/>
        <line num="371" count="26" type="stmt"/>
        <line num="372" count="2" type="stmt"/>
        <line num="373" count="2" type="stmt"/>
        <line num="374" count="2" type="stmt"/>
        <line num="375" count="2" type="stmt"/>
        <line num="376" count="2" type="stmt"/>
        <line num="378" count="1" type="cond" truecount="1" falsecount="1"/>
        <line num="380" count="2" type="stmt"/>
        <line num="384" count="26" type="stmt"/>
        <line num="385" count="104" type="cond" truecount="2" falsecount="0"/>
        <line num="391" count="26" type="cond" truecount="2" falsecount="0"/>
        <line num="394" count="26" type="stmt"/>
        <line num="441" count="1" type="stmt"/>
        <line num="448" count="1" type="stmt"/>
        <line num="457" count="1" type="stmt"/>
        <line num="466" count="0" type="stmt"/>
        <line num="490" count="38" type="stmt"/>
        <line num="491" count="38" type="stmt"/>
        <line num="492" count="38" type="cond" truecount="2" falsecount="0"/>
        <line num="493" count="38" type="stmt"/>
        <line num="517" count="0" type="stmt"/>
        <line num="603" count="33" type="stmt"/>
      </file>
      <file name="StitchEvents.tsx" path="/Users/macbook/FnB-Container-Caffe/src/components/stitch/StitchEvents.tsx">
        <metrics statements="34" coveredstatements="28" conditionals="27" coveredconditionals="25" methods="19" coveredmethods="14"/>
        <line num="9" count="1" type="stmt"/>
        <line num="77" count="1" type="stmt"/>
        <line num="119" count="1" type="stmt"/>
        <line num="146" count="1" type="stmt"/>
        <line num="165" count="1" type="stmt"/>
        <line num="185" count="4" type="stmt"/>
        <line num="192" count="3" type="stmt"/>
        <line num="207" count="1" type="stmt"/>
        <line num="230" count="1" type="stmt"/>
        <line num="263" count="7" type="stmt"/>
        <line num="337" count="6" type="stmt"/>
        <line num="340" count="18" type="stmt"/>
        <line num="394" count="0" type="stmt"/>
        <line num="414" count="7" type="stmt"/>
        <line num="432" count="18" type="stmt"/>
        <line num="487" count="10" type="cond" truecount="1" falsecount="1"/>
        <line num="489" count="10" type="stmt"/>
        <line num="491" count="0" type="stmt"/>
        <line num="492" count="0" type="stmt"/>
        <line num="497" count="10" type="stmt"/>
        <line num="498" count="10" type="cond" truecount="1" falsecount="1"/>
        <line num="499" count="25" type="stmt"/>
        <line num="502" count="10" type="stmt"/>
        <line num="505" count="10" type="cond" truecount="2" falsecount="0"/>
        <line num="506" count="1" type="stmt"/>
        <line num="510" count="9" type="cond" truecount="2" falsecount="0"/>
        <line num="511" count="1" type="stmt"/>
        <line num="522" count="8" type="cond" truecount="4" falsecount="0"/>
        <line num="523" count="1" type="stmt"/>
        <line num="533" count="7" type="stmt"/>
        <line num="545" count="0" type="stmt"/>
        <line num="546" count="0" type="stmt"/>
        <line num="555" count="28" type="stmt"/>
        <line num="558" count="0" type="stmt"/>
      </file>
      <file name="StitchKDS.tsx" path="/Users/macbook/FnB-Container-Caffe/src/components/stitch/StitchKDS.tsx">
        <metrics statements="59" coveredstatements="45" conditionals="88" coveredconditionals="72" methods="33" coveredmethods="21"/>
        <line num="15" count="1" type="stmt"/>
        <line num="75" count="1" type="stmt"/>
        <line num="84" count="1" type="stmt"/>
        <line num="129" count="44" type="stmt"/>
        <line num="130" count="44" type="stmt"/>
        <line num="131" count="44" type="stmt"/>
        <line num="137" count="0" type="stmt"/>
        <line num="159" count="0" type="stmt"/>
        <line num="160" count="0" type="stmt"/>
        <line num="186" count="44" type="stmt"/>
        <line num="188" count="44" type="stmt"/>
        <line num="189" count="22" type="cond" truecount="2" falsecount="0"/>
        <line num="190" count="4" type="cond" truecount="1" falsecount="1"/>
        <line num="191" count="4" type="stmt"/>
        <line num="193" count="18" type="stmt"/>
        <line num="194" count="0" type="stmt"/>
        <line num="196" count="18" type="stmt"/>
        <line num="199" count="44" type="stmt"/>
        <line num="200" count="44" type="stmt"/>
        <line num="201" count="44" type="stmt"/>
        <line num="202" count="44" type="stmt"/>
        <line num="204" count="44" type="cond" truecount="2" falsecount="0"/>
        <line num="212" count="44" type="stmt"/>
        <line num="264" count="68" type="stmt"/>
        <line num="297" count="0" type="stmt"/>
        <line num="302" count="0" type="stmt"/>
        <line num="307" count="0" type="stmt"/>
        <line num="313" count="0" type="stmt"/>
        <line num="343" count="0" type="stmt"/>
        <line num="376" count="16" type="stmt"/>
        <line num="383" count="16" type="stmt"/>
        <line num="428" count="64" type="stmt"/>
        <line num="479" count="2" type="stmt"/>
        <line num="508" count="2" type="stmt"/>
        <line num="511" count="8" type="stmt"/>
        <line num="529" count="16" type="stmt"/>
        <line num="544" count="2" type="stmt"/>
        <line num="587" count="16" type="stmt"/>
        <line num="588" count="16" type="stmt"/>
        <line num="590" count="16" type="stmt"/>
        <line num="591" count="8" type="stmt"/>
        <line num="592" count="8" type="stmt"/>
        <line num="597" count="16" type="stmt"/>
        <line num="598" count="16" type="cond" truecount="1" falsecount="1"/>
        <line num="599" count="16" type="cond" truecount="1" falsecount="1"/>
        <line num="600" count="0" type="cond" truecount="0" falsecount="2"/>
        <line num="601" count="0" type="cond" truecount="0" falsecount="2"/>
        <line num="602" count="0" type="stmt"/>
        <line num="605" count="16" type="stmt"/>
        <line num="608" count="64" type="stmt"/>
        <line num="609" count="64" type="stmt"/>
        <line num="610" count="64" type="stmt"/>
        <line num="611" count="16" type="stmt"/>
        <line num="613" count="16" type="stmt"/>
        <line num="628" count="0" type="stmt"/>
        <line num="660" count="64" type="stmt"/>
        <line num="662" count="1" type="stmt"/>
        <line num="710" count="0" type="stmt"/>
        <line num="766" count="44" type="stmt"/>
      </file>
      <file name="StitchLoyalty.tsx" path="/Users/macbook/FnB-Container-Caffe/src/components/stitch/StitchLoyalty.tsx">
        <metrics statements="47" coveredstatements="35" conditionals="43" coveredconditionals="34" methods="29" coveredmethods="17"/>
        <line num="9" count="1" type="stmt"/>
        <line num="89" count="1" type="stmt"/>
        <line num="113" count="1" type="stmt"/>
        <line num="119" count="1" type="stmt"/>
        <line num="128" count="1" type="stmt"/>
        <line num="135" count="1" type="stmt"/>
        <line num="155" count="7" type="stmt"/>
        <line num="160" count="7" type="stmt"/>
        <line num="161" count="7" type="stmt"/>
        <line num="176" count="1" type="stmt"/>
        <line num="201" count="3" type="stmt"/>
        <line num="216" count="1" type="stmt"/>
        <line num="239" count="1" type="stmt"/>
        <line num="270" count="9" type="stmt"/>
        <line num="386" count="14" type="stmt"/>
        <line num="389" count="0" type="stmt"/>
        <line num="390" count="0" type="cond" truecount="0" falsecount="4"/>
        <line num="430" count="0" type="stmt"/>
        <line num="437" count="0" type="stmt"/>
        <line num="438" count="0" type="stmt"/>
        <line num="448" count="9" type="cond" truecount="2" falsecount="0"/>
        <line num="449" count="2" type="stmt"/>
        <line num="465" count="7" type="stmt"/>
        <line num="471" count="28" type="stmt"/>
        <line num="486" count="7" type="stmt"/>
        <line num="538" count="9" type="stmt"/>
        <line num="555" count="18" type="stmt"/>
        <line num="617" count="0" type="stmt"/>
        <line num="618" count="0" type="stmt"/>
        <line num="634" count="9" type="stmt"/>
        <line num="636" count="9" type="stmt"/>
        <line num="637" count="0" type="stmt"/>
        <line num="638" count="0" type="stmt"/>
        <line num="639" count="0" type="stmt"/>
        <line num="642" count="9" type="stmt"/>
        <line num="714" count="0" type="stmt"/>
        <line num="715" count="0" type="stmt"/>
        <line num="738" count="9" type="stmt"/>
        <line num="754" count="18" type="stmt"/>
        <line num="787" count="12" type="cond" truecount="2" falsecount="0"/>
        <line num="788" count="1" type="stmt"/>
        <line num="792" count="11" type="cond" truecount="2" falsecount="0"/>
        <line num="793" count="1" type="stmt"/>
        <line num="804" count="10" type="cond" truecount="4" falsecount="0"/>
        <line num="805" count="1" type="stmt"/>
        <line num="815" count="9" type="stmt"/>
        <line num="872" count="14" type="stmt"/>
      </file>
      <file name="StitchOrderSuccess.tsx" path="/Users/macbook/FnB-Container-Caffe/src/components/stitch/StitchOrderSuccess.tsx">
        <metrics statements="57" coveredstatements="50" conditionals="96" coveredconditionals="71" methods="19" coveredmethods="18"/>
        <line num="16" count="1" type="stmt"/>
        <line num="79" count="32" type="stmt"/>
        <line num="81" count="1" type="stmt"/>
        <line num="118" count="1" type="stmt"/>
        <line num="127" count="1" type="stmt"/>
        <line num="134" count="1" type="stmt"/>
        <line num="144" count="9" type="stmt"/>
        <line num="145" count="9" type="stmt"/>
        <line num="146" count="9" type="stmt"/>
        <line num="148" count="9" type="stmt"/>
        <line num="149" count="9" type="cond" truecount="1" falsecount="1"/>
        <line num="150" count="9" type="stmt"/>
        <line num="152" count="9" type="stmt"/>
        <line num="153" count="9" type="cond" truecount="1" falsecount="1"/>
        <line num="154" count="9" type="stmt"/>
        <line num="155" count="9" type="stmt"/>
        <line num="158" count="9" type="stmt"/>
        <line num="159" count="0" type="cond" truecount="0" falsecount="2"/>
        <line num="161" count="0" type="stmt"/>
        <line num="162" count="0" type="cond" truecount="0" falsecount="2"/>
        <line num="163" count="0" type="stmt"/>
        <line num="164" count="0" type="stmt"/>
        <line num="165" count="0" type="stmt"/>
        <line num="168" count="9" type="stmt"/>
        <line num="171" count="9" type="stmt"/>
        <line num="177" count="18" type="stmt"/>
        <line num="178" count="18" type="stmt"/>
[...]
        <line num="10" count="0" type="cond" truecount="0" falsecount="2"/>
        <line num="13" count="0" type="stmt"/>
        <line num="15" count="0" type="stmt"/>
      </file>
      <file name="split-orders.ts" path="/Users/macbook/FnB-Container-Caffe/worker/src/tree/orders/split-orders.ts">
        <metrics statements="32" coveredstatements="4" conditionals="26" coveredconditionals="0" methods="3" coveredmethods="0"/>
        <line num="12" count="2" type="stmt"/>
        <line num="14" count="2" type="stmt"/>
        <line num="21" count="2" type="stmt"/>
        <line num="37" count="2" type="stmt"/>
        <line num="43" count="0" type="stmt"/>
        <line num="44" count="0" type="stmt"/>
        <line num="45" count="0" type="stmt"/>
        <line num="46" count="0" type="cond" truecount="0" falsecount="2"/>
        <line num="47" count="0" type="stmt"/>
        <line num="48" count="0" type="stmt"/>
        <line num="51" count="0" type="stmt"/>
        <line num="52" count="0" type="stmt"/>
        <line num="55" count="0" type="stmt"/>
        <line num="56" count="0" type="stmt"/>
        <line num="60" count="0" type="cond" truecount="0" falsecount="2"/>
        <line num="61" count="0" type="stmt"/>
        <line num="62" count="0" type="stmt"/>
        <line num="67" count="0" type="stmt"/>
        <line num="68" count="0" type="stmt"/>
        <line num="70" count="0" type="stmt"/>
        <line num="71" count="0" type="stmt"/>
        <line num="72" count="0" type="stmt"/>
        <line num="73" count="0" type="stmt"/>
        <line num="82" count="0" type="stmt"/>
        <line num="107" count="0" type="stmt"/>
        <line num="108" count="0" type="stmt"/>
        <line num="119" count="0" type="stmt"/>
        <line num="135" count="0" type="stmt"/>
        <line num="138" count="0" type="stmt"/>
        <line num="141" count="0" type="stmt"/>
        <line num="147" count="0" type="stmt"/>
        <line num="148" count="0" type="stmt"/>
      </file>
      <file name="stats.ts" path="/Users/macbook/FnB-Container-Caffe/worker/src/tree/orders/stats.ts">
        <metrics statements="27" coveredstatements="15" conditionals="10" coveredconditionals="4" methods="7" coveredmethods="1"/>
        <line num="9" count="2" type="stmt"/>
        <line num="12" count="1" type="stmt"/>
        <line num="13" count="1" type="stmt"/>
        <line num="14" count="1" type="stmt"/>
        <line num="15" count="1" type="stmt"/>
        <line num="17" count="1" type="stmt"/>
        <line num="23" count="1" type="stmt"/>
        <line num="29" count="1" type="stmt"/>
        <line num="38" count="1" type="stmt"/>
        <line num="39" count="1" type="stmt"/>
        <line num="40" count="0" type="stmt"/>
        <line num="41" count="0" type="stmt"/>
        <line num="42" count="0" type="stmt"/>
        <line num="43" count="0" type="cond" truecount="0" falsecount="2"/>
        <line num="44" count="0" type="cond" truecount="0" falsecount="4"/>
        <line num="49" count="1" type="stmt"/>
        <line num="50" count="0" type="stmt"/>
        <line num="51" count="0" type="stmt"/>
        <line num="54" count="1" type="stmt"/>
        <line num="55" count="1" type="stmt"/>
        <line num="57" count="1" type="stmt"/>
        <line num="65" count="1" type="stmt"/>
        <line num="71" count="0" type="stmt"/>
        <line num="72" count="0" type="stmt"/>
        <line num="75" count="0" type="stmt"/>
        <line num="82" count="0" type="stmt"/>
        <line num="83" count="0" type="stmt"/>
      </file>
      <file name="telegram.ts" path="/Users/macbook/FnB-Container-Caffe/worker/src/tree/orders/telegram.ts">
        <metrics statements="15" coveredstatements="8" conditionals="17" coveredconditionals="2" methods="4" coveredmethods="1"/>
        <line num="8" count="2" type="stmt"/>
        <line num="11" count="2" type="cond" truecount="2" falsecount="2"/>
        <line num="12" count="2" type="stmt"/>
        <line num="14" count="0" type="stmt"/>
        <line num="15" count="0" type="cond" truecount="0" falsecount="2"/>
        <line num="16" count="0" type="cond" truecount="0" falsecount="3"/>
        <line num="18" count="2" type="stmt"/>
        <line num="19" count="2" type="cond" truecount="0" falsecount="2"/>
        <line num="20" count="2" type="stmt"/>
        <line num="32" count="2" type="stmt"/>
        <line num="33" count="2" type="stmt"/>
        <line num="43" count="0" type="cond" truecount="0" falsecount="2"/>
        <line num="44" count="0" type="stmt"/>
        <line num="45" count="0" type="stmt"/>
        <line num="48" count="0" type="stmt"/>
      </file>
      <file name="update-order.ts" path="/Users/macbook/FnB-Container-Caffe/worker/src/tree/orders/update-order.ts">
        <metrics statements="86" coveredstatements="31" conditionals="56" coveredconditionals="22" methods="3" coveredmethods="1"/>
        <line num="10" count="2" type="stmt"/>
        <line num="12" count="2" type="stmt"/>
        <line num="24" count="3" type="stmt"/>
        <line num="25" count="3" type="stmt"/>
        <line num="26" count="3" type="stmt"/>
        <line num="28" count="3" type="stmt"/>
        <line num="32" count="3" type="cond" truecount="4" falsecount="0"/>
        <line num="33" count="1" type="stmt"/>
        <line num="36" count="2" type="cond" truecount="1" falsecount="1"/>
        <line num="37" count="2" type="stmt"/>
        <line num="38" count="2" type="cond" truecount="1" falsecount="1"/>
        <line num="39" count="2" type="cond" truecount="4" falsecount="0"/>
        <line num="40" count="1" type="stmt"/>
        <line num="47" count="1" type="stmt"/>
        <line num="48" count="1" type="stmt"/>
        <line num="49" count="1" type="stmt"/>
        <line num="51" count="1" type="stmt"/>
        <line num="52" count="4" type="cond" truecount="2" falsecount="0"/>
        <line num="53" count="1" type="stmt"/>
        <line num="54" count="1" type="stmt"/>
        <line num="58" count="1" type="stmt"/>
        <line num="60" count="1" type="cond" truecount="1" falsecount="1"/>
        <line num="61" count="0" type="stmt"/>
        <line num="64" count="1" type="stmt"/>
        <line num="65" count="1" type="stmt"/>
        <line num="66" count="1" type="stmt"/>
        <line num="69" count="1" type="cond" truecount="3" falsecount="1"/>
        <line num="70" count="0" type="stmt"/>
        <line num="71" count="0" type="stmt"/>
        <line num="78" count="1" type="cond" truecount="1" falsecount="1"/>
        <line num="79" count="0" type="stmt"/>
        <line num="82" count="0" type="cond" truecount="0" falsecount="2"/>
        <line num="83" count="0" type="stmt"/>
        <line num="84" count="0" type="stmt"/>
        <line num="85" count="0" type="stmt"/>
        <line num="87" count="0" type="stmt"/>
        <line num="92" count="1" type="cond" truecount="1" falsecount="1"/>
        <line num="93" count="0" type="stmt"/>
        <line num="101" count="0" type="cond" truecount="0" falsecount="2"/>
        <line num="102" count="0" type="stmt"/>
        <line num="106" count="0" type="cond" truecount="0" falsecount="2"/>
        <line num="107" count="0" type="stmt"/>
        <line num="108" count="0" type="stmt"/>
        <line num="113" count="1" type="cond" truecount="1" falsecount="1"/>
        <line num="114" count="0" type="stmt"/>
        <line num="115" count="0" type="stmt"/>
        <line num="118" count="1" type="cond" truecount="1" falsecount="1"/>
        <line num="119" count="0" type="stmt"/>
        <line num="123" count="0" type="cond" truecount="0" falsecount="2"/>
        <line num="124" count="0" type="stmt"/>
        <line num="125" count="0" type="stmt"/>
        <line num="128" count="0" type="stmt"/>
        <line num="129" count="0" type="stmt"/>
        <line num="133" count="0" type="cond" truecount="0" falsecount="4"/>
        <line num="134" count="0" type="stmt"/>
        <line num="138" count="0" type="cond" truecount="0" falsecount="2"/>
        <line num="139" count="0" type="stmt"/>
        <line num="140" count="0" type="stmt"/>
        <line num="143" count="0" type="cond" truecount="0" falsecount="2"/>
        <line num="144" count="0" type="stmt"/>
        <line num="149" count="0" type="stmt"/>
        <line num="153" count="0" type="cond" truecount="0" falsecount="2"/>
        <line num="154" count="0" type="stmt"/>
        <line num="155" count="0" type="stmt"/>
        <line num="156" count="0" type="stmt"/>
        <line num="157" count="0" type="stmt"/>
        <line num="158" count="0" type="cond" truecount="0" falsecount="2"/>
        <line num="159" count="0" type="stmt"/>
        <line num="160" count="0" type="stmt"/>
        <line num="163" count="0" type="stmt"/>
        <line num="167" count="0" type="cond" truecount="0" falsecount="2"/>
        <line num="168" count="0" type="stmt"/>
        <line num="169" count="0" type="stmt"/>
        <line num="172" count="0" type="stmt"/>
        <line num="173" count="0" type="stmt"/>
        <line num="175" count="0" type="stmt"/>
        <line num="176" count="0" type="cond" truecount="0" falsecount="2"/>
        <line num="177" count="0" type="stmt"/>
        <line num="178" count="0" type="stmt"/>
        <line num="181" count="0" type="stmt"/>
        <line num="183" count="0" type="stmt"/>
        <line num="192" count="0" type="stmt"/>
        <line num="194" count="0" type="stmt"/>
        <line num="200" count="1" type="stmt"/>
        <line num="205" count="0" type="stmt"/>
        <line num="206" count="0" type="stmt"/>
      </file>
    </package>
    <package name="worker.src.tree.pretix">
      <metrics statements="12" coveredstatements="11" conditionals="8" coveredconditionals="6" methods="3" coveredmethods="3"/>
      <file name="client-factory.ts" path="/Users/macbook/FnB-Container-Caffe/worker/src/tree/pretix/client-factory.ts">
        <metrics statements="2" coveredstatements="2" conditionals="4" coveredconditionals="3" methods="1" coveredmethods="1"/>
        <line num="5" count="11" type="cond" truecount="3" falsecount="1"/>
        <line num="6" count="11" type="stmt"/>
      </file>
      <file name="hmac-validator.ts" path="/Users/macbook/FnB-Container-Caffe/worker/src/tree/pretix/hmac-validator.ts">
        <metrics statements="10" coveredstatements="9" conditionals="4" coveredconditionals="3" methods="2" coveredmethods="2"/>
        <line num="2" count="6" type="cond" truecount="1" falsecount="1"/>
        <line num="3" count="6" type="cond" truecount="2" falsecount="0"/>
        <line num="5" count="5" type="stmt"/>
        <line num="6" count="5" type="stmt"/>
        <line num="7" count="5" type="stmt"/>
        <line num="8" count="5" type="stmt"/>
        <line num="9" count="5" type="stmt"/>
        <line num="10" count="160" type="stmt"/>
        <line num="11" count="5" type="stmt"/>
        <line num="13" count="0" type="stmt"/>
      </file>
    </package>
    <package name="worker.src.tree.referrals">
      <metrics statements="77" coveredstatements="0" conditionals="42" coveredconditionals="0" methods="8" coveredmethods="0"/>
      <file name="apply-referral.ts" path="/Users/macbook/FnB-Container-Caffe/worker/src/tree/referrals/apply-referral.ts">
        <metrics statements="17" coveredstatements="0" conditionals="12" coveredconditionals="0" methods="2" coveredmethods="0"/>
        <line num="5" count="0" type="stmt"/>
        <line num="9" count="0" type="cond" truecount="0" falsecount="2"/>
        <line num="11" count="0" type="stmt"/>
        <line num="12" count="0" type="stmt"/>
        <line num="13" count="0" type="cond" truecount="0" falsecount="2"/>
        <line num="14" count="0" type="cond" truecount="0" falsecount="2"/>
        <line num="16" count="0" type="stmt"/>
        <line num="17" count="0" type="cond" truecount="0" falsecount="2"/>
        <line num="18" count="0" type="cond" truecount="0" falsecount="2"/>
        <line num="20" count="0" type="stmt"/>
        <line num="21" count="0" type="cond" truecount="0" falsecount="2"/>
        <line num="23" count="0" type="stmt"/>
        <line num="24" count="0" type="stmt"/>
        <line num="25" count="0" type="stmt"/>
        <line num="27" count="0" type="stmt"/>
        <line num="32" count="0" type="stmt"/>
        <line num="33" count="0" type="stmt"/>
      </file>
      <file name="process-referral.ts" path="/Users/macbook/FnB-Container-Caffe/worker/src/tree/referrals/process-referral.ts">
        <metrics statements="14" coveredstatements="0" conditionals="10" coveredconditionals="0" methods="2" coveredmethods="0"/>
        <line num="5" count="0" type="stmt"/>
        <line num="9" count="0" type="stmt"/>
        <line num="10" count="0" type="cond" truecount="0" falsecount="2"/>
        <line num="12" count="0" type="stmt"/>
        <line num="13" count="0" type="cond" truecount="0" falsecount="2"/>
        <line num="15" count="0" type="cond" truecount="0" falsecount="2"/>
        <line num="16" count="0" type="stmt"/>
        <line num="17" count="0" type="cond" truecount="0" falsecount="2"/>
        <line num="18" count="0" type="cond" truecount="0" falsecount="2"/>
        <line num="20" count="0" type="stmt"/>
        <line num="21" count="0" type="stmt"/>
        <line num="25" count="0" type="stmt"/>
        <line num="26" count="0" type="stmt"/>
        <line num="28" count="0" type="stmt"/>
      </file>
      <file name="referral-cashback.ts" path="/Users/macbook/FnB-Container-Caffe/worker/src/tree/referrals/referral-cashback.ts">
        <metrics statements="25" coveredstatements="0" conditionals="12" coveredconditionals="0" methods="2" coveredmethods="0"/>
        <line num="5" count="0" type="stmt"/>
        <line num="9" count="0" type="stmt"/>
        <line num="10" count="0" type="stmt"/>
        <line num="12" count="0" type="cond" truecount="0" falsecount="2"/>
        <line num="13" count="0" type="stmt"/>
        <line num="16" count="0" type="stmt"/>
        <line num="17" count="0" type="cond" truecount="0" falsecount="2"/>
        <line num="19" count="0" type="cond" truecount="0" falsecount="2"/>
        <line num="21" count="0" type="stmt"/>
        <line num="22" count="0" type="cond" truecount="0" falsecount="2"/>
        <line num="24" count="0" type="stmt"/>
        <line num="25" count="0" type="stmt"/>
        <line num="26" count="0" type="stmt"/>
        <line num="28" count="0" type="cond" truecount="0" falsecount="2"/>
        <line num="29" count="0" type="stmt"/>
        <line num="30" count="0" type="stmt"/>
        <line num="31" count="0" type="stmt"/>
        <line num="34" count="0" type="cond" truecount="0" falsecount="2"/>
        <line num="35" count="0" type="stmt"/>
        <line num="37" count="0" type="stmt"/>
        <line num="38" count="0" type="stmt"/>
        <line num="42" count="0" type="stmt"/>
        <line num="45" count="0" type="stmt"/>
        <line num="50" count="0" type="stmt"/>
        <line num="52" count="0" type="stmt"/>
      </file>
      <file name="reverse-cashback.ts" path="/Users/macbook/FnB-Container-Caffe/worker/src/tree/referrals/reverse-cashback.ts">
        <metrics statements="21" coveredstatements="0" conditionals="8" coveredconditionals="0" methods="2" coveredmethods="0"/>
        <line num="5" count="0" type="stmt"/>
        <line num="9" count="0" type="stmt"/>
        <line num="10" count="0" type="cond" truecount="0" falsecount="4"/>
        <line num="11" count="0" type="stmt"/>
        <line num="14" count="0" type="stmt"/>
        <line num="15" count="0" type="stmt"/>
        <line num="16" count="0" type="stmt"/>
        <line num="18" count="0" type="stmt"/>
        <line num="19" count="0" type="stmt"/>
        <line num="21" count="0" type="cond" truecount="0" falsecount="2"/>
        <line num="22" count="0" type="stmt"/>
        <line num="23" count="0" type="stmt"/>
        <line num="24" count="0" type="stmt"/>
        <line num="27" count="0" type="cond" truecount="0" falsecount="2"/>
        <line num="28" count="0" type="stmt"/>
        <line num="30" count="0" type="stmt"/>
        <line num="31" count="0" type="stmt"/>
        <line num="35" count="0" type="stmt"/>
        <line num="36" count="0" type="stmt"/>
        <line num="40" count="0" type="stmt"/>
        <line num="41" count="0" type="stmt"/>
      </file>
    </package>
    <package name="worker.src.tree.zalo">
      <metrics statements="36" coveredstatements="14" conditionals="58" coveredconditionals="13" methods="4" coveredmethods="2"/>
      <file name="notify-member.ts" path="/Users/macbook/FnB-Container-Caffe/worker/src/tree/zalo/notify-member.ts">
        <metrics statements="10" coveredstatements="7" conditionals="10" coveredconditionals="8" methods="1" coveredmethods="1"/>
        <line num="17" count="3" type="stmt"/>
        <line num="18" count="3" type="cond" truecount="2" falsecount="0"/>
        <line num="19" count="2" type="stmt"/>
        <line num="20" count="2" type="stmt"/>
        <line num="28" count="3" type="cond" truecount="2" falsecount="0"/>
        <line num="30" count="1" type="cond" truecount="2" falsecount="0"/>
        <line num="31" count="3" type="cond" truecount="2" falsecount="0"/>
        <line num="33" count="0" type="stmt"/>
        <line num="39" count="0" type="cond" truecount="0" falsecount="2"/>
        <line num="40" count="0" type="stmt"/>
      </file>
      <file name="zns-sender.ts" path="/Users/macbook/FnB-Container-Caffe/worker/src/tree/zalo/zns-sender.ts">
        <metrics statements="19" coveredstatements="6" conditionals="14" coveredconditionals="5" methods="2" coveredmethods="1"/>
        <line num="5" count="2" type="stmt"/>
        <line num="8" count="0" type="cond" truecount="0" falsecount="2"/>
        <line num="16" count="4" type="cond" truecount="2" falsecount="0"/>
        <line num="17" count="1" type="stmt"/>
        <line num="20" count="3" type="stmt"/>
        <line num="21" count="3" type="cond" truecount="3" falsecount="1"/>
        <line num="22" count="3" type="stmt"/>
        <line num="25" count="0" type="stmt"/>
        <line num="26" count="0" type="stmt"/>
        <line num="27" count="0" type="stmt"/>
        <line num="29" count="0" type="stmt"/>
        <line num="30" count="0" type="stmt"/>
        <line num="44" count="0" type="stmt"/>
        <line num="45" count="0" type="cond" truecount="0" falsecount="2"/>
        <line num="47" count="0" type="cond" truecount="0" falsecount="2"/>
        <line num="51" count="0" type="cond" truecount="0" falsecount="2"/>
        <line num="52" count="0" type="stmt"/>
        <line num="53" count="0" type="stmt"/>
        <line num="67" count="0" type="stmt"/>
      </file>
      <file name="zns-templates.ts" path="/Users/macbook/FnB-Container-Caffe/worker/src/tree/zalo/zns-templates.ts">
        <metrics statements="7" coveredstatements="1" conditionals="34" coveredconditionals="0" methods="1" coveredmethods="0"/>
        <line num="3" count="2" type="stmt"/>
        <line num="12" count="0" type="cond" truecount="0" falsecount="5"/>
        <line num="14" count="0" type="stmt"/>
        <line num="21" count="0" type="stmt"/>
        <line num="28" count="0" type="stmt"/>
        <line num="34" count="0" type="stmt"/>
        <line num="40" count="0" type="stmt"/>
      </file>
    </package>
    <package name="worker.src.utils">
      <metrics statements="0" coveredstatements="0" conditionals="0" coveredconditionals="0" methods="0" coveredmethods="0"/>
      <file name="logger.ts" path="/Users/macbook/FnB-Container-Caffe/worker/src/utils/logger.ts">
        <metrics statements="0" coveredstatements="0" conditionals="0" coveredconditionals="0" methods="0" coveredmethods="0"/>
      </file>
    </package>
  </project>
</coverage>
