TN:
SF:js/i18n.js
FN:245,getPreferredLanguage
FN:260,initI18n
FN:272,t
FN:276,(anonymous_3)
FN:284,applyTranslations
FN:286,(anonymous_5)
FN:295,(anonymous_6)
FN:301,(anonymous_7)
FN:306,(anonymous_8)
FN:322,setLanguage
FN:335,toggleLanguage
FN:342,getCurrentLang
FN:349,getSupportedLanguages
FN:358,(anonymous_13)
FN:359,(anonymous_14)
FN:370,(anonymous_15)
FN:371,(anonymous_16)
FN:372,(anonymous_17)
FN:380,(anonymous_18)
FNF:19
FNH:14
FNDA:1,getPreferredLanguage
FNDA:1,initI18n
FNDA:5,t
FNDA:0,(anonymous_3)
FNDA:7,applyTranslations
FNDA:2,(anonymous_5)
FNDA:2,(anonymous_6)
FNDA:0,(anonymous_7)
FNDA:0,(anonymous_8)
FNDA:4,setLanguage
FNDA:2,toggleLanguage
FNDA:1,getCurrentLang
FNDA:1,getSupportedLanguages
FNDA:6,(anonymous_13)
FNDA:29,(anonymous_14)
FNDA:0,(anonymous_15)
FNDA:0,(anonymous_16)
FNDA:3,(anonymous_17)
FNDA:1,(anonymous_18)
DA:7,1
DA:240,1
DA:247,1
DA:248,1
DA:249,0
DA:253,1
DA:254,1
DA:261,1
DA:262,1
DA:263,1
DA:273,5
DA:276,5
DA:277,0
DA:286,7
DA:287,2
DA:288,2
DA:289,2
DA:290,2
DA:295,7
DA:296,2
DA:297,2
DA:301,7
DA:302,0
DA:303,0
DA:306,7
DA:307,0
DA:308,0
DA:312,7
DA:315,7
DA:323,4
DA:324,0
DA:327,4
DA:328,4
DA:329,4
DA:336,2
DA:343,1
DA:350,1
DA:357,1
DA:358,6
DA:359,29
DA:373,3
DA:374,3
DA:375,3
DA:376,3
DA:377,3
DA:378,3
DA:379,3
DA:380,3
DA:385,1
DA:386,1
DA:389,1
DA:390,0
DA:392,1
DA:396,1
DA:397,1
LF:55
LH:47
BRDA:248,0,0,0
BRDA:248,0,1,1
BRDA:248,1,0,1
BRDA:248,1,1,0
BRDA:253,2,0,1
BRDA:253,2,1,0
BRDA:254,3,0,1
BRDA:254,3,1,0
BRDA:272,4,0,5
BRDA:273,5,0,5
BRDA:273,5,1,1
BRDA:273,5,2,1
BRDA:288,6,0,2
BRDA:288,6,1,0
BRDA:289,7,0,2
BRDA:289,7,1,0
BRDA:289,8,0,2
BRDA:289,8,1,2
BRDA:323,9,0,0
BRDA:323,9,1,4
BRDA:336,10,0,1
BRDA:336,10,1,1
BRDA:389,11,0,0
BRDA:389,11,1,1
BRDA:396,12,0,1
BRDA:396,12,1,0
BRDA:396,13,0,1
BRDA:396,13,1,1
BRF:28
BRH:19
end_of_record
