TN:
SF:js/i18n.js
FN:257,getPreferredLanguage
FN:272,initI18n
FN:284,t
FN:288,(anonymous_3)
FN:296,applyTranslations
FN:298,(anonymous_5)
FN:307,(anonymous_6)
FN:313,(anonymous_7)
FN:318,(anonymous_8)
FN:334,setLanguage
FN:347,toggleLanguage
FN:354,getCurrentLang
FN:361,getSupportedLanguages
FN:370,(anonymous_13)
FN:371,(anonymous_14)
FN:382,(anonymous_15)
FN:383,(anonymous_16)
FN:384,(anonymous_17)
FN:392,(anonymous_18)
FNF:19
FNH:14
FNDA:1,getPreferredLanguage
FNDA:1,initI18n
FNDA:5,t
FNDA:0,(anonymous_3)
FNDA:7,applyTranslations
FNDA:2,(anonymous_5)
FNDA:2,(anonymous_6)
FNDA:0,(anonymous_7)
FNDA:0,(anonymous_8)
FNDA:4,setLanguage
FNDA:2,toggleLanguage
FNDA:1,getCurrentLang
FNDA:1,getSupportedLanguages
FNDA:6,(anonymous_13)
FNDA:29,(anonymous_14)
FNDA:0,(anonymous_15)
FNDA:0,(anonymous_16)
FNDA:3,(anonymous_17)
FNDA:1,(anonymous_18)
DA:7,1
DA:252,1
DA:259,1
DA:260,1
DA:261,0
DA:265,1
DA:266,1
DA:273,1
DA:274,1
DA:275,1
DA:285,5
DA:288,5
DA:289,0
DA:298,7
DA:299,2
DA:300,2
DA:301,2
DA:302,2
DA:307,7
DA:308,2
DA:309,2
DA:313,7
DA:314,0
DA:315,0
DA:318,7
DA:319,0
DA:320,0
DA:324,7
DA:327,7
DA:335,4
DA:336,0
DA:339,4
DA:340,4
DA:341,4
DA:348,2
DA:355,1
DA:362,1
DA:369,1
DA:370,6
DA:371,29
DA:385,3
DA:386,3
DA:387,3
DA:388,3
DA:389,3
DA:390,3
DA:391,3
DA:392,3
DA:397,1
DA:398,1
DA:401,1
DA:402,0
DA:404,1
DA:408,1
DA:409,1
LF:55
LH:47
BRDA:260,0,0,0
BRDA:260,0,1,1
BRDA:260,1,0,1
BRDA:260,1,1,0
BRDA:265,2,0,1
BRDA:265,2,1,0
BRDA:266,3,0,1
BRDA:266,3,1,0
BRDA:284,4,0,5
BRDA:285,5,0,5
BRDA:285,5,1,1
BRDA:285,5,2,1
BRDA:300,6,0,2
BRDA:300,6,1,0
BRDA:301,7,0,2
BRDA:301,7,1,0
BRDA:301,8,0,2
BRDA:301,8,1,2
BRDA:335,9,0,0
BRDA:335,9,1,4
BRDA:348,10,0,1
BRDA:348,10,1,1
BRDA:401,11,0,0
BRDA:401,11,1,1
BRDA:408,12,0,1
BRDA:408,12,1,0
BRDA:408,13,0,1
BRDA:408,13,1,1
BRF:28
BRH:19
end_of_record
